#
# There is insufficient memory for the Java Runtime Environment to continue.
# Native memory allocation (malloc) failed to allocate 1190256 bytes. Error detail: Chunk::new
# Possible reasons:
#   The system is out of physical RAM or swap space
#   This process is running with CompressedOops enabled, and the Java Heap may be blocking the growth of the native heap
# Possible solutions:
#   Reduce memory load on the system
#   Increase physical memory or swap space
#   Check if swap backing store is full
#   Decrease Java heap size (-Xmx/-Xms)
#   Decrease number of Java threads
#   Decrease Java thread stack sizes (-Xss)
#   Set larger code cache with -XX:ReservedCodeCacheSize=
#   JVM is running with Unscaled Compressed Oops mode in which the Java heap is
#     placed in the first 4GB address space. The Java Heap base address is the
#     maximum limit for the native heap growth. Please use -XX:HeapBaseMinAddress
#     to set the Java Heap base and to place the Java Heap above 4GB virtual address.
# This output file may be truncated or incomplete.
#
#  Out of Memory Error (arena.cpp:168), pid=12500, tid=22812
#
# JRE version: OpenJDK Runtime Environment Temurin-21.0.8+9 (21.0.8+9) (build 21.0.8+9-LTS)
# Java VM: OpenJDK 64-Bit Server VM Temurin-21.0.8+9 (21.0.8+9-LTS, mixed mode, sharing, tiered, compressed oops, compressed class ptrs, parallel gc, windows-amd64)
# No core dump will be written. Minidumps are not enabled by default on client versions of Windows
#

---------------  S U M M A R Y ------------

Command Line: --add-modules=ALL-SYSTEM --add-opens=java.base/java.util=ALL-UNNAMED --add-opens=java.base/java.lang=ALL-UNNAMED --add-opens=java.base/sun.nio.fs=ALL-UNNAMED -Declipse.application=org.eclipse.jdt.ls.core.id1 -Dosgi.bundles.defaultStartLevel=4 -Declipse.product=org.eclipse.jdt.ls.core.product -Djava.import.generatesMetadataFilesAtProjectRoot=false -DDetectVMInstallationsJob.disabled=true -Dfile.encoding=utf8 -XX:+UseParallelGC -XX:GCTimeRatio=4 -XX:AdaptiveSizePolicyWeight=90 -Dsun.zip.disableMemoryMapping=true -Xmx2G -Xms100m -Xlog:disable -javaagent:c:\Users\PinkDiamond\.vscode\extensions\redhat.java-1.44.0-win32-x64\lombok\lombok-1.18.39-4050.jar -XX:+HeapDumpOnOutOfMemoryError -XX:HeapDumpPath=c:\Users\PinkDiamond\AppData\Roaming\Code\User\workspaceStorage\833ae94de288b7edf437f234d59c873c\redhat.java -Daether.dependencyCollector.impl=bf c:\Users\PinkDiamond\.vscode\extensions\redhat.java-1.44.0-win32-x64\server\plugins\org.eclipse.equinox.launcher_1.7.0.v20250519-0528.jar -configuration c:\Users\PinkDiamond\AppData\Roaming\Code\User\globalStorage\redhat.java\1.44.0\config_win -data c:\Users\PinkDiamond\AppData\Roaming\Code\User\workspaceStorage\833ae94de288b7edf437f234d59c873c\redhat.java\jdt_ws --pipe=\\.\pipe\lsp-55da30c0fff5f44bf073a86853710bfe-sock

Host: 12th Gen Intel(R) Core(TM) i5-12500H, 16 cores, 15G,  Windows 11 , 64 bit Build 26100 (10.0.26100.4768)
Time: Fri Aug 15 17:09:47 2025 SE Asia Standard Time elapsed time: 14.942925 seconds (0d 0h 0m 14s)

---------------  T H R E A D  ---------------

Current thread (0x000002107fbc7da0):  JavaThread "C2 CompilerThread1" daemon [_thread_in_native, id=22812, stack(0x000000eb62600000,0x000000eb62700000) (1024K)]


Current CompileTask:
C2:14942 13672   !   4       org.eclipse.jdt.internal.core.search.indexing.BinaryIndexer::indexDocument (1168 bytes)

Stack: [0x000000eb62600000,0x000000eb62700000]
Native frames: (J=compiled Java code, j=interpreted, Vv=VM code, C=native code)
V  [jvm.dll+0x6d2449]
V  [jvm.dll+0x8ae341]
V  [jvm.dll+0x8b08be]
V  [jvm.dll+0x8b0fa3]
V  [jvm.dll+0x280c96]
V  [jvm.dll+0xc581d]
V  [jvm.dll+0xc5d53]
V  [jvm.dll+0x3b9162]
V  [jvm.dll+0x385315]
V  [jvm.dll+0x38477a]
V  [jvm.dll+0x248ed0]
V  [jvm.dll+0x2484af]
V  [jvm.dll+0x1c89ee]
V  [jvm.dll+0x257d4d]
V  [jvm.dll+0x2562ea]
V  [jvm.dll+0x3f2d16]
V  [jvm.dll+0x857e6b]
V  [jvm.dll+0x6d0b0d]
C  [ucrtbase.dll+0x37b0]
C  [KERNEL32.DLL+0x2e8d7]
C  [ntdll.dll+0x3c34c]


---------------  P R O C E S S  ---------------

Threads class SMR info:
_java_thread_list=0x00000210174a4b30, length=94, elements={
0x0000021024858d20, 0x0000021026b6e4a0, 0x0000021026c61170, 0x0000021026c63e50,
0x0000021026c65310, 0x0000021026c6b8b0, 0x0000021026c69fa0, 0x0000021026c73b20,
0x000002107fa4ff30, 0x000002107fb2f540, 0x000002107fb6b160, 0x000002107fb6c200,
0x000002107fbc7da0, 0x0000021001384ec0, 0x00000210061e30a0, 0x0000021006347750,
0x0000021001907ba0, 0x000002100190dd50, 0x00000210069fcf20, 0x00000210062327b0,
0x00000210067c6780, 0x00000210067c4d40, 0x00000210067c60f0, 0x00000210067c46b0,
0x00000210067c6e10, 0x00000210067c7b30, 0x00000210067c53d0, 0x00000210067c5a60,
0x00000210067c74a0, 0x00000210095199c0, 0x0000021009519330, 0x0000021009518ca0,
0x0000021009516540, 0x0000021009516bd0, 0x000002100951a6e0, 0x000002100951a050,
0x0000021009517260, 0x000002100951ad70, 0x00000210095178f0, 0x000002100951b400,
0x0000021009517f80, 0x000002100951ba90, 0x0000021009518610, 0x000002100951c120,
0x000002100951c7b0, 0x000002100951db60, 0x000002100951ce40, 0x000002100951d4d0,
0x0000021009f950d0, 0x0000021009f93d20, 0x0000021009f96480, 0x0000021009f95df0,
0x0000021009f96b10, 0x0000021009f971a0, 0x0000021009f97830, 0x0000021009f943b0,
0x0000021009f99f90, 0x0000021009f97ec0, 0x0000021009f99900, 0x0000021009f98550,
0x0000021009f9acb0, 0x0000021009f9a620, 0x0000021009f98be0, 0x0000021009f9b340,
0x0000021009f99270, 0x000002101550fcb0, 0x0000021015512aa0, 0x00000210155116f0,
0x0000021015511060, 0x00000210155109d0, 0x0000021015511d80, 0x0000021015512410,
0x000002101550f620, 0x0000021015513130, 0x00000210155137c0, 0x0000021015510340,
0x0000021015513e50, 0x0000021015515200, 0x00000210155144e0, 0x0000021015515f20,
0x00000210155165b0, 0x0000021015516c40, 0x000002101883f750, 0x0000021018842bd0,
0x0000021018841190, 0x0000021018842540, 0x0000021018841820, 0x0000021018843260,
0x000002101883fde0, 0x00000210188438f0, 0x0000021018841eb0, 0x0000021018840470,
0x0000021018840b00, 0x0000021018844ca0
}

Java Threads: ( => current thread )
  0x0000021024858d20 JavaThread "main"                              [_thread_blocked, id=31580, stack(0x000000eb61600000,0x000000eb61700000) (1024K)]
  0x0000021026b6e4a0 JavaThread "Reference Handler"          daemon [_thread_blocked, id=17724, stack(0x000000eb61a00000,0x000000eb61b00000) (1024K)]
  0x0000021026c61170 JavaThread "Finalizer"                  daemon [_thread_blocked, id=8944, stack(0x000000eb61b00000,0x000000eb61c00000) (1024K)]
  0x0000021026c63e50 JavaThread "Signal Dispatcher"          daemon [_thread_blocked, id=18464, stack(0x000000eb61c00000,0x000000eb61d00000) (1024K)]
  0x0000021026c65310 JavaThread "Attach Listener"            daemon [_thread_blocked, id=33364, stack(0x000000eb61d00000,0x000000eb61e00000) (1024K)]
  0x0000021026c6b8b0 JavaThread "Service Thread"             daemon [_thread_blocked, id=1536, stack(0x000000eb61e00000,0x000000eb61f00000) (1024K)]
  0x0000021026c69fa0 JavaThread "Monitor Deflation Thread"   daemon [_thread_blocked, id=9504, stack(0x000000eb61f00000,0x000000eb62000000) (1024K)]
  0x0000021026c73b20 JavaThread "C2 CompilerThread0"         daemon [_thread_in_native, id=8168, stack(0x000000eb62000000,0x000000eb62100000) (1024K)]
  0x000002107fa4ff30 JavaThread "C1 CompilerThread0"         daemon [_thread_blocked, id=31640, stack(0x000000eb62100000,0x000000eb62200000) (1024K)]
  0x000002107fb2f540 JavaThread "Common-Cleaner"             daemon [_thread_blocked, id=23196, stack(0x000000eb62200000,0x000000eb62300000) (1024K)]
  0x000002107fb6b160 JavaThread "C1 CompilerThread1"         daemon [_thread_blocked, id=30952, stack(0x000000eb62300000,0x000000eb62400000) (1024K)]
  0x000002107fb6c200 JavaThread "C1 CompilerThread2"         daemon [_thread_blocked, id=31296, stack(0x000000eb62400000,0x000000eb62500000) (1024K)]
=>0x000002107fbc7da0 JavaThread "C2 CompilerThread1"         daemon [_thread_in_native, id=22812, stack(0x000000eb62600000,0x000000eb62700000) (1024K)]
  0x0000021001384ec0 JavaThread "Notification Thread"        daemon [_thread_blocked, id=25080, stack(0x000000eb62800000,0x000000eb62900000) (1024K)]
  0x00000210061e30a0 JavaThread "Active Thread: Equinox Container: 095244da-54c3-4003-a42b-858a64c12203"        [_thread_blocked, id=33200, stack(0x000000eb63000000,0x000000eb63100000) (1024K)]
  0x0000021006347750 JavaThread "Refresh Thread: Equinox Container: 095244da-54c3-4003-a42b-858a64c12203" daemon [_thread_blocked, id=11128, stack(0x000000eb63200000,0x000000eb63300000) (1024K)]
  0x0000021001907ba0 JavaThread "Framework Event Dispatcher: Equinox Container: 095244da-54c3-4003-a42b-858a64c12203" daemon [_thread_blocked, id=32736, stack(0x000000eb63300000,0x000000eb63400000) (1024K)]
  0x000002100190dd50 JavaThread "Start Level: Equinox Container: 095244da-54c3-4003-a42b-858a64c12203" daemon [_thread_blocked, id=25116, stack(0x000000eb63400000,0x000000eb63500000) (1024K)]
  0x00000210069fcf20 JavaThread "Bundle File Closer"         daemon [_thread_blocked, id=6420, stack(0x000000eb63800000,0x000000eb63900000) (1024K)]
  0x00000210062327b0 JavaThread "SCR Component Actor"        daemon [_thread_blocked, id=23284, stack(0x000000eb63900000,0x000000eb63a00000) (1024K)]
  0x00000210067c6780 JavaThread "Worker-JM"                         [_thread_blocked, id=4376, stack(0x000000eb63b00000,0x000000eb63c00000) (1024K)]
  0x00000210067c4d40 JavaThread "JNA Cleaner"                daemon [_thread_blocked, id=14804, stack(0x000000eb63e00000,0x000000eb63f00000) (1024K)]
  0x00000210067c60f0 JavaThread "Worker-0: Initialize Workspace"        [_thread_in_vm, id=24276, stack(0x000000eb63f00000,0x000000eb64000000) (1024K)]
  0x00000210067c46b0 JavaThread "Worker-1"                          [_thread_blocked, id=20564, stack(0x000000eb64000000,0x000000eb64100000) (1024K)]
  0x00000210067c6e10 JavaThread "Worker-2"                          [_thread_blocked, id=5668, stack(0x000000eb64100000,0x000000eb64200000) (1024K)]
  0x00000210067c7b30 JavaThread "Java indexing"              daemon [_thread_in_native, id=15384, stack(0x000000eb64200000,0x000000eb64300000) (1024K)]
  0x00000210067c53d0 JavaThread "Worker-3"                          [_thread_blocked, id=19672, stack(0x000000eb64500000,0x000000eb64600000) (1024K)]
  0x00000210067c5a60 JavaThread "Worker-4: Java indexing... "        [_thread_blocked, id=7516, stack(0x000000eb64600000,0x000000eb64700000) (1024K)]
  0x00000210067c74a0 JavaThread "Thread-2"                   daemon [_thread_in_native, id=7736, stack(0x000000eb64700000,0x000000eb64800000) (1024K)]
  0x00000210095199c0 JavaThread "Thread-3"                   daemon [_thread_in_native, id=6832, stack(0x000000eb64800000,0x000000eb64900000) (1024K)]
  0x0000021009519330 JavaThread "Thread-4"                   daemon [_thread_in_native, id=11556, stack(0x000000eb64900000,0x000000eb64a00000) (1024K)]
  0x0000021009518ca0 JavaThread "Thread-5"                   daemon [_thread_in_native, id=25072, stack(0x000000eb64a00000,0x000000eb64b00000) (1024K)]
  0x0000021009516540 JavaThread "Thread-6"                   daemon [_thread_in_native, id=30112, stack(0x000000eb64b00000,0x000000eb64c00000) (1024K)]
  0x0000021009516bd0 JavaThread "Thread-7"                   daemon [_thread_in_native, id=10916, stack(0x000000eb64c00000,0x000000eb64d00000) (1024K)]
  0x000002100951a6e0 JavaThread "Thread-8"                   daemon [_thread_in_native, id=10348, stack(0x000000eb64d00000,0x000000eb64e00000) (1024K)]
  0x000002100951a050 JavaThread "Thread-9"                   daemon [_thread_in_native, id=30584, stack(0x000000eb64e00000,0x000000eb64f00000) (1024K)]
  0x0000021009517260 JavaThread "Thread-10"                  daemon [_thread_in_native, id=29900, stack(0x000000eb64f00000,0x000000eb65000000) (1024K)]
  0x000002100951ad70 JavaThread "Thread-11"                  daemon [_thread_in_native, id=20040, stack(0x000000eb65000000,0x000000eb65100000) (1024K)]
  0x00000210095178f0 JavaThread "Thread-12"                  daemon [_thread_in_native, id=22304, stack(0x000000eb65100000,0x000000eb65200000) (1024K)]
  0x000002100951b400 JavaThread "Thread-13"                  daemon [_thread_in_native, id=12028, stack(0x000000eb65200000,0x000000eb65300000) (1024K)]
  0x0000021009517f80 JavaThread "Thread-14"                  daemon [_thread_in_native, id=16336, stack(0x000000eb65300000,0x000000eb65400000) (1024K)]
  0x000002100951ba90 JavaThread "Thread-15"                  daemon [_thread_in_native, id=26248, stack(0x000000eb65400000,0x000000eb65500000) (1024K)]
  0x0000021009518610 JavaThread "Thread-16"                  daemon [_thread_in_native, id=27244, stack(0x000000eb65500000,0x000000eb65600000) (1024K)]
  0x000002100951c120 JavaThread "Thread-17"                  daemon [_thread_in_native, id=15676, stack(0x000000eb65600000,0x000000eb65700000) (1024K)]
  0x000002100951c7b0 JavaThread "Thread-18"                  daemon [_thread_in_Java, id=1856, stack(0x000000eb65700000,0x000000eb65800000) (1024K)]
  0x000002100951db60 JavaThread "pool-2-thread-1"                   [_thread_blocked, id=13244, stack(0x000000eb65b00000,0x000000eb65c00000) (1024K)]
  0x000002100951ce40 JavaThread "Worker-5"                          [_thread_blocked, id=22608, stack(0x000000eb65c00000,0x000000eb65d00000) (1024K)]
  0x000002100951d4d0 JavaThread "WorkspaceEventsHandler"            [_thread_blocked, id=32948, stack(0x000000eb65d00000,0x000000eb65e00000) (1024K)]
  0x0000021009f950d0 JavaThread "pool-1-thread-1"                   [_thread_blocked, id=31420, stack(0x000000eb65e00000,0x000000eb65f00000) (1024K)]
  0x0000021009f93d20 JavaThread "LocalFile Deleter"          daemon [_thread_blocked, id=16412, stack(0x000000eb63a00000,0x000000eb63b00000) (1024K)]
  0x0000021009f96480 JavaThread "LocalFile Deleter"          daemon [_thread_blocked, id=28252, stack(0x000000eb66000000,0x000000eb66100000) (1024K)]
  0x0000021009f95df0 JavaThread "LocalFile Deleter"          daemon [_thread_blocked, id=2956, stack(0x000000eb66100000,0x000000eb66200000) (1024K)]
  0x0000021009f96b10 JavaThread "LocalFile Deleter"          daemon [_thread_blocked, id=25344, stack(0x000000eb66200000,0x000000eb66300000) (1024K)]
  0x0000021009f971a0 JavaThread "LocalFile Deleter"          daemon [_thread_blocked, id=24072, stack(0x000000eb66300000,0x000000eb66400000) (1024K)]
  0x0000021009f97830 JavaThread "LocalFile Deleter"          daemon [_thread_blocked, id=14412, stack(0x000000eb66400000,0x000000eb66500000) (1024K)]
  0x0000021009f943b0 JavaThread "LocalFile Deleter"          daemon [_thread_blocked, id=29184, stack(0x000000eb66500000,0x000000eb66600000) (1024K)]
  0x0000021009f99f90 JavaThread "LocalFile Deleter"          daemon [_thread_blocked, id=24544, stack(0x000000eb66600000,0x000000eb66700000) (1024K)]
  0x0000021009f97ec0 JavaThread "LocalFile Deleter"          daemon [_thread_blocked, id=27464, stack(0x000000eb66700000,0x000000eb66800000) (1024K)]
  0x0000021009f99900 JavaThread "LocalFile Deleter"          daemon [_thread_blocked, id=17368, stack(0x000000eb66800000,0x000000eb66900000) (1024K)]
  0x0000021009f98550 JavaThread "LocalFile Deleter"          daemon [_thread_blocked, id=18080, stack(0x000000eb66900000,0x000000eb66a00000) (1024K)]
  0x0000021009f9acb0 JavaThread "LocalFile Deleter"          daemon [_thread_blocked, id=16940, stack(0x000000eb66a00000,0x000000eb66b00000) (1024K)]
  0x0000021009f9a620 JavaThread "LocalFile Deleter"          daemon [_thread_blocked, id=7184, stack(0x000000eb66b00000,0x000000eb66c00000) (1024K)]
  0x0000021009f98be0 JavaThread "LocalFile Deleter"          daemon [_thread_blocked, id=13080, stack(0x000000eb66c00000,0x000000eb66d00000) (1024K)]
  0x0000021009f9b340 JavaThread "LocalFile Deleter"          daemon [_thread_blocked, id=31676, stack(0x000000eb66d00000,0x000000eb66e00000) (1024K)]
  0x0000021009f99270 JavaThread "LocalFile Deleter"          daemon [_thread_blocked, id=16484, stack(0x000000eb66e00000,0x000000eb66f00000) (1024K)]
  0x000002101550fcb0 JavaThread "Compiler Source File Reader" daemon [_thread_blocked, id=25936, stack(0x000000eb66f00000,0x000000eb67000000) (1024K)]
  0x0000021015512aa0 JavaThread "Compiler Source File Reader" daemon [_thread_blocked, id=8396, stack(0x000000eb67000000,0x000000eb67100000) (1024K)]
  0x00000210155116f0 JavaThread "Compiler Source File Reader" daemon [_thread_blocked, id=12672, stack(0x000000eb67100000,0x000000eb67200000) (1024K)]
  0x0000021015511060 JavaThread "Compiler Source File Reader" daemon [_thread_blocked, id=33440, stack(0x000000eb67200000,0x000000eb67300000) (1024K)]
  0x00000210155109d0 JavaThread "Compiler Source File Reader" daemon [_thread_blocked, id=32496, stack(0x000000eb67300000,0x000000eb67400000) (1024K)]
  0x0000021015511d80 JavaThread "Compiler Source File Reader" daemon [_thread_blocked, id=7896, stack(0x000000eb67400000,0x000000eb67500000) (1024K)]
  0x0000021015512410 JavaThread "Compiler Source File Reader" daemon [_thread_blocked, id=22564, stack(0x000000eb67500000,0x000000eb67600000) (1024K)]
  0x000002101550f620 JavaThread "Compiler Source File Reader" daemon [_thread_blocked, id=24332, stack(0x000000eb67600000,0x000000eb67700000) (1024K)]
  0x0000021015513130 JavaThread "Compiler Source File Reader" daemon [_thread_blocked, id=28932, stack(0x000000eb67700000,0x000000eb67800000) (1024K)]
  0x00000210155137c0 JavaThread "Compiler Source File Reader" daemon [_thread_blocked, id=23036, stack(0x000000eb67800000,0x000000eb67900000) (1024K)]
  0x0000021015510340 JavaThread "Compiler Source File Reader" daemon [_thread_blocked, id=8216, stack(0x000000eb67900000,0x000000eb67a00000) (1024K)]
  0x0000021015513e50 JavaThread "Compiler Source File Reader" daemon [_thread_blocked, id=19016, stack(0x000000eb67a00000,0x000000eb67b00000) (1024K)]
  0x0000021015515200 JavaThread "Compiler Source File Reader" daemon [_thread_blocked, id=17464, stack(0x000000eb67b00000,0x000000eb67c00000) (1024K)]
  0x00000210155144e0 JavaThread "Compiler Source File Reader" daemon [_thread_blocked, id=17132, stack(0x000000eb67c00000,0x000000eb67d00000) (1024K)]
  0x0000021015515f20 JavaThread "Compiler Processing Task"   daemon [_thread_blocked, id=33056, stack(0x000000eb65a00000,0x000000eb65b00000) (1024K)]
  0x00000210155165b0 JavaThread "Compiler Class File Writer" daemon [_thread_blocked, id=6644, stack(0x000000eb65f00000,0x000000eb66000000) (1024K)]
  0x0000021015516c40 JavaThread "Compiler Class File Writer" daemon [_thread_blocked, id=28044, stack(0x000000eb67d00000,0x000000eb67e00000) (1024K)]
  0x000002101883f750 JavaThread "Compiler Class File Writer" daemon [_thread_blocked, id=31736, stack(0x000000eb67e00000,0x000000eb67f00000) (1024K)]
  0x0000021018842bd0 JavaThread "Compiler Class File Writer" daemon [_thread_blocked, id=23180, stack(0x000000eb67f00000,0x000000eb68000000) (1024K)]
  0x0000021018841190 JavaThread "Compiler Class File Writer" daemon [_thread_blocked, id=27760, stack(0x000000eb68000000,0x000000eb68100000) (1024K)]
  0x0000021018842540 JavaThread "Compiler Class File Writer" daemon [_thread_blocked, id=19720, stack(0x000000eb68100000,0x000000eb68200000) (1024K)]
  0x0000021018841820 JavaThread "Compiler Class File Writer" daemon [_thread_blocked, id=12864, stack(0x000000eb68200000,0x000000eb68300000) (1024K)]
  0x0000021018843260 JavaThread "Compiler Class File Writer" daemon [_thread_blocked, id=16672, stack(0x000000eb68300000,0x000000eb68400000) (1024K)]
  0x000002101883fde0 JavaThread "Compiler Class File Writer" daemon [_thread_blocked, id=14860, stack(0x000000eb68400000,0x000000eb68500000) (1024K)]
  0x00000210188438f0 JavaThread "Compiler Class File Writer" daemon [_thread_blocked, id=20948, stack(0x000000eb68500000,0x000000eb68600000) (1024K)]
  0x0000021018841eb0 JavaThread "Compiler Class File Writer" daemon [_thread_blocked, id=28760, stack(0x000000eb68600000,0x000000eb68700000) (1024K)]
  0x0000021018840470 JavaThread "Compiler Class File Writer" daemon [_thread_blocked, id=11584, stack(0x000000eb68700000,0x000000eb68800000) (1024K)]
  0x0000021018840b00 JavaThread "Compiler Class File Writer" daemon [_thread_blocked, id=7096, stack(0x000000eb68800000,0x000000eb68900000) (1024K)]
  0x0000021018844ca0 JavaThread "Compiler Class File Writer" daemon [_thread_blocked, id=33524, stack(0x000000eb68900000,0x000000eb68a00000) (1024K)]
Total: 94

Other Threads:
  0x000002107fa24b00 VMThread "VM Thread"                           [id=26308, stack(0x000000eb61900000,0x000000eb61a00000) (1024K)]
  0x0000021026a4ca10 WatcherThread "VM Periodic Task Thread"        [id=22372, stack(0x000000eb61800000,0x000000eb61900000) (1024K)]
  0x0000021026bdc960 WorkerThread "GC Thread#0"                     [id=9000, stack(0x000000eb61700000,0x000000eb61800000) (1024K)]
  0x00000210061013a0 WorkerThread "GC Thread#1"                     [id=18800, stack(0x000000eb62900000,0x000000eb62a00000) (1024K)]
  0x0000021006101740 WorkerThread "GC Thread#2"                     [id=6864, stack(0x000000eb62a00000,0x000000eb62b00000) (1024K)]
  0x0000021001b3def0 WorkerThread "GC Thread#3"                     [id=7312, stack(0x000000eb62b00000,0x000000eb62c00000) (1024K)]
  0x0000021001b3e290 WorkerThread "GC Thread#4"                     [id=30340, stack(0x000000eb62c00000,0x000000eb62d00000) (1024K)]
  0x0000021001b3e630 WorkerThread "GC Thread#5"                     [id=30604, stack(0x000000eb62d00000,0x000000eb62e00000) (1024K)]
  0x0000021001b3e9d0 WorkerThread "GC Thread#6"                     [id=30868, stack(0x000000eb62e00000,0x000000eb62f00000) (1024K)]
  0x00000210060c49b0 WorkerThread "GC Thread#7"                     [id=6780, stack(0x000000eb63100000,0x000000eb63200000) (1024K)]
  0x00000210065c44d0 WorkerThread "GC Thread#8"                     [id=29672, stack(0x000000eb63500000,0x000000eb63600000) (1024K)]
  0x0000021006786520 WorkerThread "GC Thread#9"                     [id=30796, stack(0x000000eb63600000,0x000000eb63700000) (1024K)]
  0x0000021006787000 WorkerThread "GC Thread#10"                    [id=9028, stack(0x000000eb63700000,0x000000eb63800000) (1024K)]
  0x0000021006787740 WorkerThread "GC Thread#11"                    [id=32452, stack(0x000000eb63c00000,0x000000eb63d00000) (1024K)]
  0x0000021006786180 WorkerThread "GC Thread#12"                    [id=22756, stack(0x000000eb63d00000,0x000000eb63e00000) (1024K)]
Total: 15

Threads with active compile tasks:
C2 CompilerThread0  14968 13884 %     4       org.eclipse.jdt.internal.core.search.indexing.BinaryIndexer::extractReferenceFromConstantPool @ 15 (358 bytes)
C2 CompilerThread1  14968 13672   !   4       org.eclipse.jdt.internal.core.search.indexing.BinaryIndexer::indexDocument (1168 bytes)
Total: 2

VM state: not at safepoint (normal execution)

VM Mutex/Monitor currently owned by a thread: None

Heap address: 0x0000000080000000, size: 2048 MB, Compressed Oops mode: 32-bit

CDS archive(s) mapped at: [0x000002103e000000-0x000002103eba0000-0x000002103eba0000), size 12189696, SharedBaseAddress: 0x000002103e000000, ArchiveRelocationMode: 1.
Compressed class space mapped at: 0x000002103f000000-0x000002107f000000, reserved size: 1073741824
Narrow klass base: 0x000002103e000000, Narrow klass shift: 0, Narrow klass range: 0x100000000

GC Precious Log:
 CardTable entry size: 512
 CPUs: 16 total, 16 available
 Memory: 16109M
 Large Page Support: Disabled
 NUMA Support: Disabled
 Compressed Oops: Enabled (32-bit)
 Alignments: Space 512K, Generation 512K, Heap 2M
 Heap Min Capacity: 100M
 Heap Initial Capacity: 100M
 Heap Max Capacity: 2G
 Pre-touch: Disabled
 Parallel Workers: 13

Heap:
 PSYoungGen      total 3072K, used 1072K [0x00000000d5580000, 0x00000000d5980000, 0x0000000100000000)
  eden space 2048K, 30% used [0x00000000d5580000,0x00000000d561c140,0x00000000d5780000)
  from space 1024K, 43% used [0x00000000d5880000,0x00000000d58f0000,0x00000000d5980000)
  to   space 1024K, 0% used [0x00000000d5780000,0x00000000d5780000,0x00000000d5880000)
 ParOldGen       total 428032K, used 427554K [0x0000000080000000, 0x000000009a200000, 0x00000000d5580000)
  object space 428032K, 99% used [0x0000000080000000,0x000000009a1889b0,0x000000009a200000)
 Metaspace       used 64536K, committed 66048K, reserved 1114112K
  class space    used 6607K, committed 7296K, reserved 1048576K

Card table byte_map: [0x0000021026560000,0x0000021026970000] _byte_map_base: 0x0000021026160000

Marking Bits: (ParMarkBitMap*) 0x00007ff98508a340
 Begin Bits: [0x0000021039060000, 0x000002103b060000)
 End Bits:   [0x000002103b060000, 0x000002103d060000)

Polling page: 0x00000210249b0000

Metaspace:

Usage:
  Non-class:     56.57 MB used.
      Class:      6.45 MB used.
       Both:     63.02 MB used.

Virtual space:
  Non-class space:       64.00 MB reserved,      57.38 MB ( 90%) committed,  1 nodes.
      Class space:        1.00 GB reserved,       7.12 MB ( <1%) committed,  1 nodes.
             Both:        1.06 GB reserved,      64.50 MB (  6%) committed. 

Chunk freelists:
   Non-Class:  6.13 MB
       Class:  8.92 MB
        Both:  15.05 MB

MaxMetaspaceSize: unlimited
CompressedClassSpaceSize: 1.00 GB
Initial GC threshold: 21.00 MB
Current GC threshold: 97.31 MB
CDS: on
 - commit_granule_bytes: 65536.
 - commit_granule_words: 8192.
 - virtual_space_node_default_size: 8388608.
 - enlarge_chunks_in_place: 1.
 - use_allocation_guard: 0.


Internal statistics:

num_allocs_failed_limit: 9.
num_arena_births: 1284.
num_arena_deaths: 14.
num_vsnodes_births: 2.
num_vsnodes_deaths: 0.
num_space_committed: 1032.
num_space_uncommitted: 0.
num_chunks_returned_to_freelist: 23.
num_chunks_taken_from_freelist: 4346.
num_chunk_merges: 11.
num_chunk_splits: 2672.
num_chunks_enlarged: 1524.
num_inconsistent_stats: 0.

CodeHeap 'non-profiled nmethods': size=119168Kb used=10411Kb max_used=10411Kb free=108756Kb
 bounds [0x0000021031950000, 0x0000021032380000, 0x0000021038db0000]
CodeHeap 'profiled nmethods': size=119104Kb used=31237Kb max_used=31237Kb free=87866Kb
 bounds [0x0000021029db0000, 0x000002102bc40000, 0x0000021031200000]
CodeHeap 'non-nmethods': size=7488Kb used=2555Kb max_used=3297Kb free=4933Kb
 bounds [0x0000021031200000, 0x0000021031570000, 0x0000021031950000]
CodeCache: size=245760Kb, used=44203Kb, max_used=44945Kb, free=201555Kb
 total_blobs=13754, nmethods=13013, adapters=643, full_count=0
Compilation: enabled, stopped_count=0, restarted_count=0

Compilation events (20 events):
Event: 13.937 Thread 0x000002107fb6b160 13852       3       org.eclipse.core.internal.events.ResourceComparator::compareLocal (59 bytes)
Event: 13.938 Thread 0x000002107fa4ff30 13853       3       org.eclipse.core.internal.dtree.DataTreeNode::compareWith (74 bytes)
Event: 13.938 Thread 0x000002107fb6b160 nmethod 13852 0x000002102bc1b710 code [0x000002102bc1b8e0, 0x000002102bc1bed0]
Event: 13.938 Thread 0x000002107fb74a90 13854       3       org.eclipse.core.internal.events.ResourceComparator::compareMarkers (41 bytes)
Event: 13.938 Thread 0x000002107fa4ff30 nmethod 13853 0x000002102bc1c010 code [0x000002102bc1c200, 0x000002102bc1c738]
Event: 13.938 Thread 0x000002107fb74a90 nmethod 13854 0x000002102bc1ca10 code [0x000002102bc1cbe0, 0x000002102bc1d230]
Event: 13.939 Thread 0x000002107fb74a90 13855       3       org.eclipse.core.internal.events.NodeIDMap::putNewPath (8 bytes)
Event: 13.939 Thread 0x000002107fb74a90 nmethod 13855 0x000002102bc1d410 code [0x000002102bc1d5c0, 0x000002102bc1d708]
Event: 13.939 Thread 0x000002100178a190 13856       4       org.eclipse.core.internal.dtree.DataTreeNode::<init> (12 bytes)
Event: 13.939 Thread 0x000002107fb6b160 13857       3       org.eclipse.core.internal.dtree.AbstractDataTreeNode::convertToRemovedComparisonNode (82 bytes)
Event: 13.939 Thread 0x000002107fb6b160 nmethod 13857 0x000002102bc1d810 code [0x000002102bc1da20, 0x000002102bc1e2f8]
Event: 13.940 Thread 0x000002100178a190 nmethod 13856 0x0000021032377f10 code [0x00000210323780a0, 0x00000210323781a8]
Event: 13.941 Thread 0x000002107fb6b160 13858       3       org.eclipse.jdt.internal.core.OverflowingLRUCache::privateRemoveEntry (8 bytes)
Event: 13.941 Thread 0x000002107fb6c200 13859       3       org.eclipse.jdt.internal.core.OverflowingLRUCache::privateRemoveEntry (140 bytes)
Event: 13.941 Thread 0x000002107fa4ff30 13860       3       org.eclipse.jdt.internal.core.OverflowingLRUCache::updateTimestamp (43 bytes)
Event: 13.942 Thread 0x000002107fb6b160 nmethod 13858 0x000002102bc1e610 code [0x000002102bc1e7c0, 0x000002102bc1e988]
Event: 13.942 Thread 0x000002107fa4ff30 nmethod 13860 0x000002102bc1ea90 code [0x000002102bc1ec60, 0x000002102bc1f068]
Event: 13.942 Thread 0x000002107fb6c200 nmethod 13859 0x000002102bc1f190 code [0x000002102bc1f3a0, 0x000002102bc1fa98]
Event: 13.942 Thread 0x000002107fb6b160 13861  s    3       org.eclipse.jdt.internal.core.JavaModelManager::getInfo (39 bytes)
Event: 13.942 Thread 0x000002107fa4ff30 13862       3       org.eclipse.jdt.internal.core.Openable::resource (28 bytes)

GC Heap History (20 events):
Event: 13.680 GC heap before
{Heap before GC invocations=498 (full 3):
 PSYoungGen      total 1536K, used 1408K [0x00000000d5580000, 0x00000000d5800000, 0x0000000100000000)
  eden space 1024K, 100% used [0x00000000d5580000,0x00000000d5680000,0x00000000d5680000)
  from space 512K, 75% used [0x00000000d5780000,0x00000000d57e0000,0x00000000d5800000)
  to   space 512K, 0% used [0x00000000d5680000,0x00000000d5680000,0x00000000d5700000)
 ParOldGen       total 424960K, used 424934K [0x0000000080000000, 0x0000000099f00000, 0x00000000d5580000)
  object space 424960K, 99% used [0x0000000080000000,0x0000000099ef99c8,0x0000000099f00000)
 Metaspace       used 64338K, committed 65920K, reserved 1114112K
  class space    used 6593K, committed 7296K, reserved 1048576K
}
Event: 13.681 GC heap after
{Heap after GC invocations=498 (full 3):
 PSYoungGen      total 1536K, used 352K [0x00000000d5580000, 0x00000000d5800000, 0x0000000100000000)
  eden space 1024K, 0% used [0x00000000d5580000,0x00000000d5580000,0x00000000d5680000)
  from space 512K, 68% used [0x00000000d5680000,0x00000000d56d8000,0x00000000d5700000)
  to   space 512K, 0% used [0x00000000d5780000,0x00000000d5780000,0x00000000d5800000)
 ParOldGen       total 425472K, used 425115K [0x0000000080000000, 0x0000000099f80000, 0x00000000d5580000)
  object space 425472K, 99% used [0x0000000080000000,0x0000000099f26e08,0x0000000099f80000)
 Metaspace       used 64338K, committed 65920K, reserved 1114112K
  class space    used 6593K, committed 7296K, reserved 1048576K
}
Event: 13.698 GC heap before
{Heap before GC invocations=499 (full 3):
 PSYoungGen      total 1536K, used 1363K [0x00000000d5580000, 0x00000000d5800000, 0x0000000100000000)
  eden space 1024K, 98% used [0x00000000d5580000,0x00000000d567cd80,0x00000000d5680000)
  from space 512K, 68% used [0x00000000d5680000,0x00000000d56d8000,0x00000000d5700000)
  to   space 512K, 0% used [0x00000000d5780000,0x00000000d5780000,0x00000000d5800000)
 ParOldGen       total 425472K, used 425115K [0x0000000080000000, 0x0000000099f80000, 0x00000000d5580000)
  object space 425472K, 99% used [0x0000000080000000,0x0000000099f26e08,0x0000000099f80000)
 Metaspace       used 64369K, committed 65920K, reserved 1114112K
  class space    used 6599K, committed 7296K, reserved 1048576K
}
Event: 13.699 GC heap after
{Heap after GC invocations=499 (full 3):
 PSYoungGen      total 1536K, used 416K [0x00000000d5580000, 0x00000000d5800000, 0x0000000100000000)
  eden space 1024K, 0% used [0x00000000d5580000,0x00000000d5580000,0x00000000d5680000)
  from space 512K, 81% used [0x00000000d5780000,0x00000000d57e8000,0x00000000d5800000)
  to   space 512K, 0% used [0x00000000d5680000,0x00000000d5680000,0x00000000d5700000)
 ParOldGen       total 425472K, used 425259K [0x0000000080000000, 0x0000000099f80000, 0x00000000d5580000)
  object space 425472K, 99% used [0x0000000080000000,0x0000000099f4ae08,0x0000000099f80000)
 Metaspace       used 64369K, committed 65920K, reserved 1114112K
  class space    used 6599K, committed 7296K, reserved 1048576K
}
Event: 13.710 GC heap before
{Heap before GC invocations=500 (full 3):
 PSYoungGen      total 1536K, used 1436K [0x00000000d5580000, 0x00000000d5800000, 0x0000000100000000)
  eden space 1024K, 99% used [0x00000000d5580000,0x00000000d567f170,0x00000000d5680000)
  from space 512K, 81% used [0x00000000d5780000,0x00000000d57e8000,0x00000000d5800000)
  to   space 512K, 0% used [0x00000000d5680000,0x00000000d5680000,0x00000000d5700000)
 ParOldGen       total 425472K, used 425259K [0x0000000080000000, 0x0000000099f80000, 0x00000000d5580000)
  object space 425472K, 99% used [0x0000000080000000,0x0000000099f4ae08,0x0000000099f80000)
 Metaspace       used 64371K, committed 65920K, reserved 1114112K
  class space    used 6599K, committed 7296K, reserved 1048576K
}
Event: 13.711 GC heap after
{Heap after GC invocations=500 (full 3):
 PSYoungGen      total 1536K, used 384K [0x00000000d5580000, 0x00000000d5800000, 0x0000000100000000)
  eden space 1024K, 0% used [0x00000000d5580000,0x00000000d5580000,0x00000000d5680000)
  from space 512K, 75% used [0x00000000d5680000,0x00000000d56e0000,0x00000000d5700000)
  to   space 512K, 0% used [0x00000000d5780000,0x00000000d5780000,0x00000000d5800000)
 ParOldGen       total 425472K, used 425441K [0x0000000080000000, 0x0000000099f80000, 0x00000000d5580000)
  object space 425472K, 99% used [0x0000000080000000,0x0000000099f78410,0x0000000099f80000)
 Metaspace       used 64371K, committed 65920K, reserved 1114112K
  class space    used 6599K, committed 7296K, reserved 1048576K
}
Event: 13.719 GC heap before
{Heap before GC invocations=501 (full 3):
 PSYoungGen      total 1536K, used 1408K [0x00000000d5580000, 0x00000000d5800000, 0x0000000100000000)
  eden space 1024K, 100% used [0x00000000d5580000,0x00000000d5680000,0x00000000d5680000)
  from space 512K, 75% used [0x00000000d5680000,0x00000000d56e0000,0x00000000d5700000)
  to   space 512K, 0% used [0x00000000d5780000,0x00000000d5780000,0x00000000d5800000)
 ParOldGen       total 425472K, used 425441K [0x0000000080000000, 0x0000000099f80000, 0x00000000d5580000)
  object space 425472K, 99% used [0x0000000080000000,0x0000000099f78410,0x0000000099f80000)
 Metaspace       used 64372K, committed 65984K, reserved 1114112K
  class space    used 6599K, committed 7296K, reserved 1048576K
}
Event: 13.720 GC heap after
{Heap after GC invocations=501 (full 3):
 PSYoungGen      total 1536K, used 379K [0x00000000d5580000, 0x00000000d5800000, 0x0000000100000000)
  eden space 1024K, 0% used [0x00000000d5580000,0x00000000d5580000,0x00000000d5680000)
  from space 512K, 74% used [0x00000000d5780000,0x00000000d57dec08,0x00000000d5800000)
  to   space 512K, 0% used [0x00000000d5680000,0x00000000d5680000,0x00000000d5700000)
 ParOldGen       total 425984K, used 425601K [0x0000000080000000, 0x000000009a000000, 0x00000000d5580000)
  object space 425984K, 99% used [0x0000000080000000,0x0000000099fa0410,0x000000009a000000)
 Metaspace       used 64372K, committed 65984K, reserved 1114112K
  class space    used 6599K, committed 7296K, reserved 1048576K
}
Event: 13.725 GC heap before
{Heap before GC invocations=502 (full 3):
 PSYoungGen      total 1536K, used 1391K [0x00000000d5580000, 0x00000000d5800000, 0x0000000100000000)
  eden space 1024K, 98% used [0x00000000d5580000,0x00000000d567d288,0x00000000d5680000)
  from space 512K, 74% used [0x00000000d5780000,0x00000000d57dec08,0x00000000d5800000)
  to   space 512K, 0% used [0x00000000d5680000,0x00000000d5680000,0x00000000d5700000)
 ParOldGen       total 425984K, used 425601K [0x0000000080000000, 0x000000009a000000, 0x00000000d5580000)
  object space 425984K, 99% used [0x0000000080000000,0x0000000099fa0410,0x000000009a000000)
 Metaspace       used 64374K, committed 65984K, reserved 1114112K
  class space    used 6599K, committed 7296K, reserved 1048576K
}
Event: 13.727 GC heap after
{Heap after GC invocations=502 (full 3):
 PSYoungGen      total 1536K, used 352K [0x00000000d5580000, 0x00000000d5800000, 0x0000000100000000)
  eden space 1024K, 0% used [0x00000000d5580000,0x00000000d5580000,0x00000000d5680000)
  from space 512K, 68% used [0x00000000d5680000,0x00000000d56d8000,0x00000000d5700000)
  to   space 512K, 0% used [0x00000000d5780000,0x00000000d5780000,0x00000000d5800000)
 ParOldGen       total 425984K, used 425796K [0x0000000080000000, 0x000000009a000000, 0x00000000d5580000)
  object space 425984K, 99% used [0x0000000080000000,0x0000000099fd1018,0x000000009a000000)
 Metaspace       used 64374K, committed 65984K, reserved 1114112K
  class space    used 6599K, committed 7296K, reserved 1048576K
}
Event: 13.741 GC heap before
{Heap before GC invocations=503 (full 3):
 PSYoungGen      total 1536K, used 1376K [0x00000000d5580000, 0x00000000d5800000, 0x0000000100000000)
  eden space 1024K, 100% used [0x00000000d5580000,0x00000000d5680000,0x00000000d5680000)
  from space 512K, 68% used [0x00000000d5680000,0x00000000d56d8000,0x00000000d5700000)
  to   space 512K, 0% used [0x00000000d5780000,0x00000000d5780000,0x00000000d5800000)
 ParOldGen       total 425984K, used 425796K [0x0000000080000000, 0x000000009a000000, 0x00000000d5580000)
  object space 425984K, 99% used [0x0000000080000000,0x0000000099fd1018,0x000000009a000000)
 Metaspace       used 64382K, committed 65984K, reserved 1114112K
  class space    used 6599K, committed 7296K, reserved 1048576K
}
Event: 13.742 GC heap after
{Heap after GC invocations=503 (full 3):
 PSYoungGen      total 1536K, used 384K [0x00000000d5580000, 0x00000000d5800000, 0x0000000100000000)
  eden space 1024K, 0% used [0x00000000d5580000,0x00000000d5580000,0x00000000d5680000)
  from space 512K, 75% used [0x00000000d5780000,0x00000000d57e0000,0x00000000d5800000)
  to   space 512K, 0% used [0x00000000d5680000,0x00000000d5680000,0x00000000d5700000)
 ParOldGen       total 426496K, used 425988K [0x0000000080000000, 0x000000009a080000, 0x00000000d5580000)
  object space 426496K, 99% used [0x0000000080000000,0x000000009a001018,0x000000009a080000)
 Metaspace       used 64382K, committed 65984K, reserved 1114112K
  class space    used 6599K, committed 7296K, reserved 1048576K
}
Event: 13.777 GC heap before
{Heap before GC invocations=504 (full 3):
 PSYoungGen      total 1536K, used 1408K [0x00000000d5580000, 0x00000000d5800000, 0x0000000100000000)
  eden space 1024K, 100% used [0x00000000d5580000,0x00000000d5680000,0x00000000d5680000)
  from space 512K, 75% used [0x00000000d5780000,0x00000000d57e0000,0x00000000d5800000)
  to   space 512K, 0% used [0x00000000d5680000,0x00000000d5680000,0x00000000d5700000)
 ParOldGen       total 426496K, used 425988K [0x0000000080000000, 0x000000009a080000, 0x00000000d5580000)
  object space 426496K, 99% used [0x0000000080000000,0x000000009a001018,0x000000009a080000)
 Metaspace       used 64398K, committed 65984K, reserved 1114112K
  class space    used 6599K, committed 7296K, reserved 1048576K
}
Event: 13.781 GC heap after
{Heap after GC invocations=504 (full 3):
 PSYoungGen      total 1536K, used 320K [0x00000000d5580000, 0x00000000d5800000, 0x0000000100000000)
  eden space 1024K, 0% used [0x00000000d5580000,0x00000000d5580000,0x00000000d5680000)
  from space 512K, 62% used [0x00000000d5680000,0x00000000d56d0000,0x00000000d5700000)
  to   space 512K, 0% used [0x00000000d5780000,0x00000000d5780000,0x00000000d5800000)
 ParOldGen       total 426496K, used 426156K [0x0000000080000000, 0x000000009a080000, 0x00000000d5580000)
  object space 426496K, 99% used [0x0000000080000000,0x000000009a02b018,0x000000009a080000)
 Metaspace       used 64398K, committed 65984K, reserved 1114112K
  class space    used 6599K, committed 7296K, reserved 1048576K
}
Event: 13.865 GC heap before
{Heap before GC invocations=505 (full 3):
 PSYoungGen      total 1536K, used 1344K [0x00000000d5580000, 0x00000000d5800000, 0x0000000100000000)
  eden space 1024K, 100% used [0x00000000d5580000,0x00000000d5680000,0x00000000d5680000)
  from space 512K, 62% used [0x00000000d5680000,0x00000000d56d0000,0x00000000d5700000)
  to   space 512K, 0% used [0x00000000d5780000,0x00000000d5780000,0x00000000d5800000)
 ParOldGen       total 426496K, used 426156K [0x0000000080000000, 0x000000009a080000, 0x00000000d5580000)
  object space 426496K, 99% used [0x0000000080000000,0x000000009a02b018,0x000000009a080000)
 Metaspace       used 64438K, committed 65984K, reserved 1114112K
  class space    used 6599K, committed 7296K, reserved 1048576K
}
Event: 13.866 GC heap after
{Heap after GC invocations=505 (full 3):
 PSYoungGen      total 1536K, used 320K [0x00000000d5580000, 0x00000000d5800000, 0x0000000100000000)
  eden space 1024K, 0% used [0x00000000d5580000,0x00000000d5580000,0x00000000d5680000)
  from space 512K, 62% used [0x00000000d5780000,0x00000000d57d0000,0x00000000d5800000)
  to   space 512K, 0% used [0x00000000d5680000,0x00000000d5680000,0x00000000d5700000)
 ParOldGen       total 426496K, used 426228K [0x0000000080000000, 0x000000009a080000, 0x00000000d5580000)
  object space 426496K, 99% used [0x0000000080000000,0x000000009a03d018,0x000000009a080000)
 Metaspace       used 64438K, committed 65984K, reserved 1114112K
  class space    used 6599K, committed 7296K, reserved 1048576K
}
Event: 13.914 GC heap before
{Heap before GC invocations=506 (full 3):
 PSYoungGen      total 1536K, used 1343K [0x00000000d5580000, 0x00000000d5800000, 0x0000000100000000)
  eden space 1024K, 99% used [0x00000000d5580000,0x00000000d567ffd0,0x00000000d5680000)
  from space 512K, 62% used [0x00000000d5780000,0x00000000d57d0000,0x00000000d5800000)
  to   space 512K, 0% used [0x00000000d5680000,0x00000000d5680000,0x00000000d5700000)
 ParOldGen       total 426496K, used 426228K [0x0000000080000000, 0x000000009a080000, 0x00000000d5580000)
  object space 426496K, 99% used [0x0000000080000000,0x000000009a03d018,0x000000009a080000)
 Metaspace       used 64488K, committed 66048K, reserved 1114112K
  class space    used 6600K, committed 7296K, reserved 1048576K
}
Event: 13.915 GC heap after
{Heap after GC invocations=506 (full 3):
 PSYoungGen      total 1536K, used 381K [0x00000000d5580000, 0x00000000d5800000, 0x0000000100000000)
  eden space 1024K, 0% used [0x00000000d5580000,0x00000000d5580000,0x00000000d5680000)
  from space 512K, 74% used [0x00000000d5680000,0x00000000d56df788,0x00000000d5700000)
  to   space 512K, 0% used [0x00000000d5780000,0x00000000d5780000,0x00000000d5800000)
 ParOldGen       total 426496K, used 426292K [0x0000000080000000, 0x000000009a080000, 0x00000000d5580000)
  object space 426496K, 99% used [0x0000000080000000,0x000000009a04d018,0x000000009a080000)
 Metaspace       used 64488K, committed 66048K, reserved 1114112K
  class space    used 6600K, committed 7296K, reserved 1048576K
}
Event: 13.934 GC heap before
{Heap before GC invocations=507 (full 3):
 PSYoungGen      total 1536K, used 1405K [0x00000000d5580000, 0x00000000d5800000, 0x0000000100000000)
  eden space 1024K, 100% used [0x00000000d5580000,0x00000000d5680000,0x00000000d5680000)
  from space 512K, 74% used [0x00000000d5680000,0x00000000d56df788,0x00000000d5700000)
  to   space 512K, 0% used [0x00000000d5780000,0x00000000d5780000,0x00000000d5800000)
 ParOldGen       total 426496K, used 426292K [0x0000000080000000, 0x000000009a080000, 0x00000000d5580000)
  object space 426496K, 99% used [0x0000000080000000,0x000000009a04d018,0x000000009a080000)
 Metaspace       used 64495K, committed 66048K, reserved 1114112K
  class space    used 6602K, committed 7296K, reserved 1048576K
}
Event: 13.936 GC heap after
{Heap after GC invocations=507 (full 3):
 PSYoungGen      total 1536K, used 320K [0x00000000d5580000, 0x00000000d5800000, 0x0000000100000000)
  eden space 1024K, 0% used [0x00000000d5580000,0x00000000d5580000,0x00000000d5680000)
  from space 512K, 62% used [0x00000000d5780000,0x00000000d57d0000,0x00000000d5800000)
  to   space 512K, 0% used [0x00000000d5680000,0x00000000d5680000,0x00000000d5700000)
 ParOldGen       total 426496K, used 426457K [0x0000000080000000, 0x000000009a080000, 0x00000000d5580000)
  object space 426496K, 99% used [0x0000000080000000,0x000000009a0767a0,0x000000009a080000)
 Metaspace       used 64495K, committed 66048K, reserved 1114112K
  class space    used 6602K, committed 7296K, reserved 1048576K
}

Dll operation events (10 events):
Event: 0.008 Loaded shared library c:\Users\PinkDiamond\.vscode\extensions\redhat.java-1.44.0-win32-x64\jre\21.0.8-win32-x86_64\bin\java.dll
Event: 0.061 Loaded shared library c:\Users\PinkDiamond\.vscode\extensions\redhat.java-1.44.0-win32-x64\jre\21.0.8-win32-x86_64\bin\zip.dll
Event: 0.080 Loaded shared library C:\Users\PinkDiamond\.vscode\extensions\redhat.java-1.44.0-win32-x64\jre\21.0.8-win32-x86_64\bin\instrument.dll
Event: 0.083 Loaded shared library C:\Users\PinkDiamond\.vscode\extensions\redhat.java-1.44.0-win32-x64\jre\21.0.8-win32-x86_64\bin\net.dll
Event: 0.085 Loaded shared library C:\Users\PinkDiamond\.vscode\extensions\redhat.java-1.44.0-win32-x64\jre\21.0.8-win32-x86_64\bin\nio.dll
Event: 0.086 Loaded shared library C:\Users\PinkDiamond\.vscode\extensions\redhat.java-1.44.0-win32-x64\jre\21.0.8-win32-x86_64\bin\zip.dll
Event: 0.103 Loaded shared library C:\Users\PinkDiamond\.vscode\extensions\redhat.java-1.44.0-win32-x64\jre\21.0.8-win32-x86_64\bin\jimage.dll
Event: 0.152 Loaded shared library c:\Users\PinkDiamond\.vscode\extensions\redhat.java-1.44.0-win32-x64\jre\21.0.8-win32-x86_64\bin\verify.dll
Event: 0.976 Loaded shared library C:\Users\PinkDiamond\AppData\Roaming\Code\User\globalStorage\redhat.java\1.44.0\config_win\org.eclipse.equinox.launcher\org.eclipse.equinox.launcher.win32.win32.x86_64_1.2.1400.v20250730-1736\eclipse_11913.dll
Event: 1.991 Loaded shared library C:\Users\PinkDiamond\AppData\Local\Temp\jna--1610912034\jna9625437991266934473.dll

Deoptimization events (20 events):
Event: 13.411 Thread 0x00000210067c46b0 Uncommon trap: trap_request=0xffffff45 fr.pc=0x0000021031d70b18 relative=0x0000000000001d18
Event: 13.411 Thread 0x00000210067c46b0 Uncommon trap: reason=unstable_if action=reinterpret pc=0x0000021031d70b18 method=sun.nio.ch.ChannelInputStream.read([BII)I @ 19 c2
Event: 13.411 Thread 0x00000210067c46b0 DEOPT PACKING pc=0x0000021031d70b18 sp=0x000000eb640fd100
Event: 13.411 Thread 0x00000210067c46b0 DEOPT UNPACKING pc=0x0000021031253aa2 sp=0x000000eb640fd120 mode 2
Event: 13.412 Thread 0x00000210067c46b0 Uncommon trap: trap_request=0xffffff45 fr.pc=0x000002103213fa74 relative=0x00000000000011d4
Event: 13.412 Thread 0x00000210067c46b0 Uncommon trap: reason=unstable_if action=reinterpret pc=0x000002103213fa74 method=sun.nio.fs.WindowsFileSystemProvider.readAttributes(Ljava/nio/file/Path;Ljava/lang/Class;[Ljava/nio/file/LinkOption;)Ljava/nio/file/attribute/BasicFileAttributes; @ 3 c2
Event: 13.412 Thread 0x00000210067c46b0 DEOPT PACKING pc=0x000002103213fa74 sp=0x000000eb640fd8a0
Event: 13.412 Thread 0x00000210067c46b0 DEOPT UNPACKING pc=0x0000021031253aa2 sp=0x000000eb640fd828 mode 2
Event: 13.421 Thread 0x00000210067c46b0 Uncommon trap: trap_request=0xffffff45 fr.pc=0x0000021031ee135c relative=0x000000000000027c
Event: 13.421 Thread 0x00000210067c46b0 Uncommon trap: reason=unstable_if action=reinterpret pc=0x0000021031ee135c method=java.io.WinNTFileSystem.prefixLength(Ljava/lang/String;)I @ 11 c2
Event: 13.421 Thread 0x00000210067c46b0 DEOPT PACKING pc=0x0000021031ee135c sp=0x000000eb640fda50
Event: 13.421 Thread 0x00000210067c46b0 DEOPT UNPACKING pc=0x0000021031253aa2 sp=0x000000eb640fd9f0 mode 2
Event: 13.629 Thread 0x00000210067c46b0 Uncommon trap: trap_request=0xffffffde fr.pc=0x000002103224d964 relative=0x0000000000000a24
Event: 13.629 Thread 0x00000210067c46b0 Uncommon trap: reason=class_check action=maybe_recompile pc=0x000002103224d964 method=java.util.HashMap.computeIfAbsent(Ljava/lang/Object;Ljava/util/function/Function;)Ljava/lang/Object; @ 142 c2
Event: 13.629 Thread 0x00000210067c46b0 DEOPT PACKING pc=0x000002103224d964 sp=0x000000eb640fda60
Event: 13.629 Thread 0x00000210067c46b0 DEOPT UNPACKING pc=0x0000021031253aa2 sp=0x000000eb640fda08 mode 2
Event: 13.679 Thread 0x00000210067c7b30 Uncommon trap: trap_request=0xffffff45 fr.pc=0x00000210320502bc relative=0x000000000000271c
Event: 13.679 Thread 0x00000210067c7b30 Uncommon trap: reason=unstable_if action=reinterpret pc=0x00000210320502bc method=org.eclipse.jdt.internal.compiler.parser.Scanner.internalScanIdentifierOrKeyword(II[C)Lorg/eclipse/jdt/internal/compiler/parser/TerminalToken; @ 4680 c2
Event: 13.679 Thread 0x00000210067c7b30 DEOPT PACKING pc=0x00000210320502bc sp=0x000000eb642fed80
Event: 13.679 Thread 0x00000210067c7b30 DEOPT UNPACKING pc=0x0000021031253aa2 sp=0x000000eb642fed20 mode 2

Classes loaded (20 events):
Event: 12.407 Loading class sun/nio/cs/ISO_8859_1$Decoder
Event: 12.407 Loading class sun/nio/cs/ISO_8859_1$Decoder done
Event: 12.879 Loading class java/util/stream/DistinctOps
Event: 12.879 Loading class java/util/stream/DistinctOps done
Event: 12.879 Loading class java/util/stream/DistinctOps$1
Event: 12.880 Loading class java/util/stream/DistinctOps$1 done
Event: 12.882 Loading class java/util/stream/DistinctOps$1$2
Event: 12.882 Loading class java/util/stream/DistinctOps$1$2 done
Event: 13.407 Loading class java/io/CharArrayWriter
Event: 13.407 Loading class java/io/CharArrayWriter done
Event: 13.412 Loading class java/nio/file/attribute/PosixFileAttributes
Event: 13.412 Loading class java/nio/file/attribute/PosixFileAttributes done
Event: 13.683 Loading class java/util/regex/PatternSyntaxException
Event: 13.683 Loading class java/util/regex/PatternSyntaxException done
Event: 13.683 Loading class java/util/AbstractList$RandomAccessSubList
Event: 13.683 Loading class java/util/AbstractList$SubList
Event: 13.683 Loading class java/util/AbstractList$SubList done
Event: 13.683 Loading class java/util/AbstractList$RandomAccessSubList done
Event: 13.684 Loading class java/util/AbstractList$SubList$1
Event: 13.684 Loading class java/util/AbstractList$SubList$1 done

Classes unloaded (7 events):
Event: 2.411 Thread 0x000002107fa24b00 Unloading class 0x000002103f1b0800 'java/lang/invoke/LambdaForm$MH+0x000002103f1b0800'
Event: 2.411 Thread 0x000002107fa24b00 Unloading class 0x000002103f1b0400 'java/lang/invoke/LambdaForm$MH+0x000002103f1b0400'
Event: 2.411 Thread 0x000002107fa24b00 Unloading class 0x000002103f1b0000 'java/lang/invoke/LambdaForm$MH+0x000002103f1b0000'
Event: 2.411 Thread 0x000002107fa24b00 Unloading class 0x000002103f1afc00 'java/lang/invoke/LambdaForm$MH+0x000002103f1afc00'
Event: 2.411 Thread 0x000002107fa24b00 Unloading class 0x000002103f1af800 'java/lang/invoke/LambdaForm$BMH+0x000002103f1af800'
Event: 2.411 Thread 0x000002107fa24b00 Unloading class 0x000002103f1af400 'java/lang/invoke/LambdaForm$DMH+0x000002103f1af400'
Event: 2.411 Thread 0x000002107fa24b00 Unloading class 0x000002103f1ae000 'java/lang/invoke/LambdaForm$DMH+0x000002103f1ae000'

Classes redefined (0 events):
No events

Internal exceptions (20 events):
Event: 13.600 Thread 0x00000210067c46b0 Exception <a 'sun/nio/fs/WindowsException'{0x00000000d568ddc8}> (0x00000000d568ddc8) 
thrown [s\src\hotspot\share\prims\jni.cpp, line 520]
Event: 13.603 Thread 0x00000210067c46b0 Exception <a 'sun/nio/fs/WindowsException'{0x00000000d569f3e0}> (0x00000000d569f3e0) 
thrown [s\src\hotspot\share\prims\jni.cpp, line 520]
Event: 13.603 Thread 0x00000210067c46b0 Exception <a 'sun/nio/fs/WindowsException'{0x00000000d56c8680}> (0x00000000d56c8680) 
thrown [s\src\hotspot\share\prims\jni.cpp, line 520]
Event: 13.606 Thread 0x00000210067c46b0 Exception <a 'sun/nio/fs/WindowsException'{0x00000000d5588868}> (0x00000000d5588868) 
thrown [s\src\hotspot\share\prims\jni.cpp, line 520]
Event: 13.607 Thread 0x00000210067c46b0 Exception <a 'sun/nio/fs/WindowsException'{0x00000000d55cbfd0}> (0x00000000d55cbfd0) 
thrown [s\src\hotspot\share\prims\jni.cpp, line 520]
Event: 13.608 Thread 0x00000210067c46b0 Exception <a 'sun/nio/fs/WindowsException'{0x00000000d55ed978}> (0x00000000d55ed978) 
thrown [s\src\hotspot\share\prims\jni.cpp, line 520]
Event: 13.610 Thread 0x00000210067c46b0 Exception <a 'sun/nio/fs/WindowsException'{0x00000000d56103a8}> (0x00000000d56103a8) 
thrown [s\src\hotspot\share\prims\jni.cpp, line 520]
Event: 13.611 Thread 0x00000210067c46b0 Exception <a 'sun/nio/fs/WindowsException'{0x00000000d563d5d0}> (0x00000000d563d5d0) 
thrown [s\src\hotspot\share\prims\jni.cpp, line 520]
Event: 13.613 Thread 0x00000210067c46b0 Exception <a 'sun/nio/fs/WindowsException'{0x00000000d567b660}> (0x00000000d567b660) 
thrown [s\src\hotspot\share\prims\jni.cpp, line 520]
Event: 13.614 Thread 0x00000210067c46b0 Exception <a 'sun/nio/fs/WindowsException'{0x00000000d56b9910}> (0x00000000d56b9910) 
thrown [s\src\hotspot\share\prims\jni.cpp, line 520]
Event: 13.615 Thread 0x00000210067c46b0 Exception <a 'sun/nio/fs/WindowsException'{0x00000000d56f32d8}> (0x00000000d56f32d8) 
thrown [s\src\hotspot\share\prims\jni.cpp, line 520]
Event: 13.618 Thread 0x00000210067c46b0 Exception <a 'sun/nio/fs/WindowsException'{0x00000000d558b280}> (0x00000000d558b280) 
thrown [s\src\hotspot\share\prims\jni.cpp, line 520]
Event: 13.620 Thread 0x00000210067c46b0 Exception <a 'sun/nio/fs/WindowsException'{0x00000000d558d3d8}> (0x00000000d558d3d8) 
thrown [s\src\hotspot\share\prims\jni.cpp, line 520]
Event: 13.621 Thread 0x00000210067c46b0 Exception <a 'sun/nio/fs/WindowsException'{0x00000000d5599138}> (0x00000000d5599138) 
thrown [s\src\hotspot\share\prims\jni.cpp, line 520]
Event: 13.622 Thread 0x00000210067c46b0 Exception <a 'sun/nio/fs/WindowsException'{0x00000000d559bd40}> (0x00000000d559bd40) 
thrown [s\src\hotspot\share\prims\jni.cpp, line 520]
Event: 13.623 Thread 0x00000210067c46b0 Exception <a 'sun/nio/fs/WindowsException'{0x00000000d559de40}> (0x00000000d559de40) 
thrown [s\src\hotspot\share\prims\jni.cpp, line 520]
Event: 13.624 Thread 0x00000210067c46b0 Exception <a 'sun/nio/fs/WindowsException'{0x00000000d55a4d90}> (0x00000000d55a4d90) 
thrown [s\src\hotspot\share\prims\jni.cpp, line 520]
Event: 13.656 Thread 0x00000210067c7b30 Exception <a 'sun/nio/fs/WindowsException'{0x00000000d55c3d78}> (0x00000000d55c3d78) 
thrown [s\src\hotspot\share\prims\jni.cpp, line 520]
Event: 13.894 Thread 0x00000210067c7b30 Exception <a 'sun/nio/fs/WindowsException'{0x00000000d55dba58}> (0x00000000d55dba58) 
thrown [s\src\hotspot\share\prims\jni.cpp, line 520]
Event: 13.933 Thread 0x00000210067c46b0 Exception <a 'java/lang/NoSuchMethodError'{0x00000000d56456c0}: 'void java.lang.invoke.DirectMethodHandle$Holder.invokeSpecial(java.lang.Object, java.lang.Object, java.lang.Object, java.lang.Object, java.lang.Object, java.lang.Object, java.lang.Object)'> (0x00000000d56456c0) 
thrown [s\src\hotspot\share\interpreter\linkResolver.cpp, line 773]

ZGC Phase Switch (0 events):
No events

VM Operations (20 events):
Event: 13.680 Executing VM operation: ParallelGCFailedAllocation (Allocation Failure)
Event: 13.681 Executing VM operation: ParallelGCFailedAllocation (Allocation Failure) done
Event: 13.685 Executing VM operation: ParallelGCFailedAllocation (Allocation Failure)
Event: 13.699 Executing VM operation: ParallelGCFailedAllocation (Allocation Failure) done
Event: 13.710 Executing VM operation: ParallelGCFailedAllocation (Allocation Failure)
Event: 13.711 Executing VM operation: ParallelGCFailedAllocation (Allocation Failure) done
Event: 13.719 Executing VM operation: ParallelGCFailedAllocation (Allocation Failure)
Event: 13.720 Executing VM operation: ParallelGCFailedAllocation (Allocation Failure) done
Event: 13.725 Executing VM operation: ParallelGCFailedAllocation (Allocation Failure)
Event: 13.727 Executing VM operation: ParallelGCFailedAllocation (Allocation Failure) done
Event: 13.741 Executing VM operation: ParallelGCFailedAllocation (Allocation Failure)
Event: 13.742 Executing VM operation: ParallelGCFailedAllocation (Allocation Failure) done
Event: 13.777 Executing VM operation: ParallelGCFailedAllocation (Allocation Failure)
Event: 13.781 Executing VM operation: ParallelGCFailedAllocation (Allocation Failure) done
Event: 13.865 Executing VM operation: ParallelGCFailedAllocation (Allocation Failure)
Event: 13.866 Executing VM operation: ParallelGCFailedAllocation (Allocation Failure) done
Event: 13.914 Executing VM operation: ParallelGCFailedAllocation (Allocation Failure)
Event: 13.915 Executing VM operation: ParallelGCFailedAllocation (Allocation Failure) done
Event: 13.934 Executing VM operation: ParallelGCFailedAllocation (Allocation Failure)
Event: 13.936 Executing VM operation: ParallelGCFailedAllocation (Allocation Failure) done

Memory protections (0 events):
No events

Nmethod flushes (20 events):
Event: 10.134 Thread 0x000002107fa24b00 flushing  nmethod 0x000002102a83bc10
Event: 10.134 Thread 0x000002107fa24b00 flushing  nmethod 0x000002102a83d210
Event: 10.134 Thread 0x000002107fa24b00 flushing  nmethod 0x000002102a851490
Event: 10.134 Thread 0x000002107fa24b00 flushing  nmethod 0x000002102a876990
Event: 10.134 Thread 0x000002107fa24b00 flushing  nmethod 0x000002102a877390
Event: 10.134 Thread 0x000002107fa24b00 flushing  nmethod 0x000002102a878e90
Event: 10.134 Thread 0x000002107fa24b00 flushing  nmethod 0x000002102a87ab90
Event: 10.134 Thread 0x000002107fa24b00 flushing  nmethod 0x000002102a87b010
Event: 10.134 Thread 0x000002107fa24b00 flushing  nmethod 0x000002102a87b410
Event: 10.134 Thread 0x000002107fa24b00 flushing  nmethod 0x000002102a87c310
Event: 10.134 Thread 0x000002107fa24b00 flushing  nmethod 0x000002102a87cd10
Event: 10.134 Thread 0x000002107fa24b00 flushing  nmethod 0x000002102a883590
Event: 10.134 Thread 0x000002107fa24b00 flushing  nmethod 0x000002102a888990
Event: 10.134 Thread 0x000002107fa24b00 flushing  nmethod 0x000002102a89e390
Event: 10.134 Thread 0x000002107fa24b00 flushing  nmethod 0x000002102a8a0010
Event: 10.134 Thread 0x000002107fa24b00 flushing  nmethod 0x000002102a8bdc90
Event: 10.134 Thread 0x000002107fa24b00 flushing  nmethod 0x000002102a8be590
Event: 10.134 Thread 0x000002107fa24b00 flushing  nmethod 0x000002102a8bfe90
Event: 10.134 Thread 0x000002107fa24b00 flushing  nmethod 0x000002102a8ca510
Event: 10.134 Thread 0x000002107fa24b00 flushing  nmethod 0x000002102a8ca990

Events (20 events):
Event: 12.224 Thread 0x00000210067c46b0 Thread added: 0x0000021018845330
Event: 12.224 Thread 0x00000210067c46b0 Thread added: 0x00000210188459c0
Event: 12.225 Thread 0x00000210067c46b0 Thread added: 0x0000021018846050
Event: 12.608 Thread 0x0000021018844610 Thread exited: 0x0000021018844610
Event: 12.608 Thread 0x00000210188466e0 Thread exited: 0x00000210188466e0
Event: 12.608 Thread 0x00000210188459c0 Thread exited: 0x00000210188459c0
Event: 12.608 Thread 0x0000021018846050 Thread exited: 0x0000021018846050
Event: 12.608 Thread 0x0000021018845330 Thread exited: 0x0000021018845330
Event: 13.118 Thread 0x00000210067c46b0 Thread added: 0x0000021018844610
Event: 13.119 Thread 0x00000210067c46b0 Thread added: 0x0000021018845330
Event: 13.119 Thread 0x00000210067c46b0 Thread added: 0x00000210188459c0
Event: 13.119 Thread 0x00000210067c46b0 Thread added: 0x0000021018846050
Event: 13.119 Thread 0x00000210067c46b0 Thread added: 0x00000210188466e0
Event: 13.149 Thread 0x0000021018846050 Thread exited: 0x0000021018846050
Event: 13.149 Thread 0x00000210188466e0 Thread exited: 0x00000210188466e0
Event: 13.151 Thread 0x00000210188459c0 Thread exited: 0x00000210188459c0
Event: 13.151 Thread 0x0000021018845330 Thread exited: 0x0000021018845330
Event: 13.151 Thread 0x0000021018844610 Thread exited: 0x0000021018844610
Event: 13.623 Thread 0x000002100762fa60 Thread exited: 0x000002100762fa60
Event: 13.876 Thread 0x0000021007a21310 Thread exited: 0x0000021007a21310


Dynamic libraries:
0x00007ff6e7fe0000 - 0x00007ff6e7fee000 	c:\Users\PinkDiamond\.vscode\extensions\redhat.java-1.44.0-win32-x64\jre\21.0.8-win32-x86_64\bin\java.exe
0x00007ffa05f60000 - 0x00007ffa061c7000 	C:\WINDOWS\SYSTEM32\ntdll.dll
0x00007ffa046d0000 - 0x00007ffa04799000 	C:\WINDOWS\System32\KERNEL32.DLL
0x00007ffa03580000 - 0x00007ffa03970000 	C:\WINDOWS\System32\KERNELBASE.dll
0x00007ffa03980000 - 0x00007ffa03acb000 	C:\WINDOWS\System32\ucrtbase.dll
0x00007ff9fadb0000 - 0x00007ff9fadc8000 	c:\Users\PinkDiamond\.vscode\extensions\redhat.java-1.44.0-win32-x64\jre\21.0.8-win32-x86_64\bin\jli.dll
0x00007ff9fad90000 - 0x00007ff9fadae000 	c:\Users\PinkDiamond\.vscode\extensions\redhat.java-1.44.0-win32-x64\jre\21.0.8-win32-x86_64\bin\VCRUNTIME140.dll
0x00007ffa05aa0000 - 0x00007ffa05c65000 	C:\WINDOWS\System32\USER32.dll
0x00007ff9e7760000 - 0x00007ff9e79fa000 	C:\WINDOWS\WinSxS\amd64_microsoft.windows.common-controls_6595b64144ccf1df_6.0.26100.4768_none_3e0c112ce331287c\COMCTL32.dll
0x00007ffa03550000 - 0x00007ffa03577000 	C:\WINDOWS\System32\win32u.dll
0x00007ffa04880000 - 0x00007ffa04929000 	C:\WINDOWS\System32\msvcrt.dll
0x00007ffa05620000 - 0x00007ffa0564b000 	C:\WINDOWS\System32\GDI32.dll
0x00007ffa031d0000 - 0x00007ffa03308000 	C:\WINDOWS\System32\gdi32full.dll
0x00007ffa03090000 - 0x00007ffa03133000 	C:\WINDOWS\System32\msvcp_win.dll
0x00007ffa049b0000 - 0x00007ffa049df000 	C:\WINDOWS\System32\IMM32.DLL
0x00007ff9ffad0000 - 0x00007ff9ffadc000 	c:\Users\PinkDiamond\.vscode\extensions\redhat.java-1.44.0-win32-x64\jre\21.0.8-win32-x86_64\bin\vcruntime140_1.dll
0x00007ff9f01d0000 - 0x00007ff9f025d000 	c:\Users\PinkDiamond\.vscode\extensions\redhat.java-1.44.0-win32-x64\jre\21.0.8-win32-x86_64\bin\msvcp140.dll
0x00007ff9843d0000 - 0x00007ff985167000 	c:\Users\PinkDiamond\.vscode\extensions\redhat.java-1.44.0-win32-x64\jre\21.0.8-win32-x86_64\bin\server\jvm.dll
0x00007ffa05650000 - 0x00007ffa05704000 	C:\WINDOWS\System32\ADVAPI32.dll
0x00007ffa047d0000 - 0x00007ffa04876000 	C:\WINDOWS\System32\sechost.dll
0x00007ffa05c80000 - 0x00007ffa05d98000 	C:\WINDOWS\System32\RPCRT4.dll
0x00007ffa04930000 - 0x00007ffa049a4000 	C:\WINDOWS\System32\WS2_32.dll
0x00007ffa02560000 - 0x00007ffa025be000 	C:\WINDOWS\SYSTEM32\POWRPROF.dll
0x00007ff9f6bb0000 - 0x00007ff9f6bbb000 	C:\WINDOWS\SYSTEM32\VERSION.dll
0x00007ff9f7020000 - 0x00007ff9f7055000 	C:\WINDOWS\SYSTEM32\WINMM.dll
0x00007ffa02540000 - 0x00007ffa02554000 	C:\WINDOWS\SYSTEM32\UMPDC.dll
0x00007ffa01e10000 - 0x00007ffa01e2b000 	C:\WINDOWS\SYSTEM32\kernel.appcore.dll
0x00007ff9fd670000 - 0x00007ff9fd67a000 	c:\Users\PinkDiamond\.vscode\extensions\redhat.java-1.44.0-win32-x64\jre\21.0.8-win32-x86_64\bin\jimage.dll
0x00007ffa00680000 - 0x00007ffa008c1000 	C:\WINDOWS\SYSTEM32\DBGHELP.DLL
0x00007ffa05710000 - 0x00007ffa05a95000 	C:\WINDOWS\System32\combase.dll
0x00007ffa05db0000 - 0x00007ffa05e90000 	C:\WINDOWS\System32\OLEAUT32.dll
0x00007ff9e0330000 - 0x00007ff9e0373000 	C:\WINDOWS\SYSTEM32\dbgcore.DLL
0x00007ffa03ad0000 - 0x00007ffa03b69000 	C:\WINDOWS\System32\bcryptPrimitives.dll
0x00007ff9fd5b0000 - 0x00007ff9fd5bf000 	c:\Users\PinkDiamond\.vscode\extensions\redhat.java-1.44.0-win32-x64\jre\21.0.8-win32-x86_64\bin\instrument.dll
0x00007ff9f8550000 - 0x00007ff9f856f000 	c:\Users\PinkDiamond\.vscode\extensions\redhat.java-1.44.0-win32-x64\jre\21.0.8-win32-x86_64\bin\java.dll
0x00007ffa049f0000 - 0x00007ffa0513d000 	C:\WINDOWS\System32\SHELL32.dll
0x00007ffa03b70000 - 0x00007ffa03ce3000 	C:\WINDOWS\System32\wintypes.dll
0x00007ffa00c50000 - 0x00007ffa014b0000 	C:\WINDOWS\SYSTEM32\windows.storage.dll
0x00007ffa045d0000 - 0x00007ffa046c5000 	C:\WINDOWS\System32\SHCORE.dll
0x00007ffa040c0000 - 0x00007ffa0412a000 	C:\WINDOWS\System32\shlwapi.dll
0x00007ffa02fb0000 - 0x00007ffa02fd9000 	C:\WINDOWS\SYSTEM32\profapi.dll
0x00007ff9f83f0000 - 0x00007ff9f8408000 	c:\Users\PinkDiamond\.vscode\extensions\redhat.java-1.44.0-win32-x64\jre\21.0.8-win32-x86_64\bin\zip.dll
0x00007ff9fc3e0000 - 0x00007ff9fc3f0000 	C:\Users\PinkDiamond\.vscode\extensions\redhat.java-1.44.0-win32-x64\jre\21.0.8-win32-x86_64\bin\net.dll
0x00007ff9fb500000 - 0x00007ff9fb61e000 	C:\WINDOWS\SYSTEM32\WINHTTP.dll
0x00007ffa02410000 - 0x00007ffa0247b000 	C:\WINDOWS\system32\mswsock.dll
0x00007ff9f4a60000 - 0x00007ff9f4a76000 	C:\Users\PinkDiamond\.vscode\extensions\redhat.java-1.44.0-win32-x64\jre\21.0.8-win32-x86_64\bin\nio.dll
0x00007ff9fb430000 - 0x00007ff9fb440000 	c:\Users\PinkDiamond\.vscode\extensions\redhat.java-1.44.0-win32-x64\jre\21.0.8-win32-x86_64\bin\verify.dll
0x00007ff9ea350000 - 0x00007ff9ea395000 	C:\Users\PinkDiamond\AppData\Roaming\Code\User\globalStorage\redhat.java\1.44.0\config_win\org.eclipse.equinox.launcher\org.eclipse.equinox.launcher.win32.win32.x86_64_1.2.1400.v20250730-1736\eclipse_11913.dll
0x00007ffa051f0000 - 0x00007ffa05390000 	C:\WINDOWS\System32\ole32.dll
0x00007ffa02780000 - 0x00007ffa0279b000 	C:\WINDOWS\SYSTEM32\CRYPTSP.dll
0x00007ffa01d70000 - 0x00007ffa01dab000 	C:\WINDOWS\system32\rsaenh.dll
0x00007ffa024d0000 - 0x00007ffa024fb000 	C:\WINDOWS\SYSTEM32\USERENV.dll
0x00007ffa02f80000 - 0x00007ffa02fa6000 	C:\WINDOWS\SYSTEM32\bcrypt.dll
0x00007ffa027a0000 - 0x00007ffa027ac000 	C:\WINDOWS\SYSTEM32\CRYPTBASE.dll
0x00007ffa018b0000 - 0x00007ffa018e3000 	C:\WINDOWS\SYSTEM32\IPHLPAPI.DLL
0x00007ffa05da0000 - 0x00007ffa05daa000 	C:\WINDOWS\System32\NSI.dll
0x00007ff9e0440000 - 0x00007ff9e0489000 	C:\Users\PinkDiamond\AppData\Local\Temp\jna--1610912034\jna9625437991266934473.dll
0x00007ffa053a0000 - 0x00007ffa053a8000 	C:\WINDOWS\System32\PSAPI.DLL
0x00007ff9fcc10000 - 0x00007ff9fcc2f000 	C:\WINDOWS\SYSTEM32\dhcpcsvc6.DLL
0x00007ff9fca90000 - 0x00007ff9fcab5000 	C:\WINDOWS\SYSTEM32\dhcpcsvc.DLL
0x00007ffa01fb0000 - 0x00007ffa01fe6000 	C:\WINDOWS\SYSTEM32\ntmarta.dll

JVMTI agents:
c:\Users\PinkDiamond\.vscode\extensions\redhat.java-1.44.0-win32-x64\lombok\lombok-1.18.39-4050.jar path:c:\Users\PinkDiamond\.vscode\extensions\redhat.java-1.44.0-win32-x64\jre\21.0.8-win32-x86_64\bin\instrument.dll, loaded, initialized, instrumentlib options:none

dbghelp: loaded successfully - version: 4.0.5 - missing functions: none
symbol engine: initialized successfully - sym options: 0x614 - pdb path: .;c:\Users\PinkDiamond\.vscode\extensions\redhat.java-1.44.0-win32-x64\jre\21.0.8-win32-x86_64\bin;C:\WINDOWS\SYSTEM32;C:\WINDOWS\WinSxS\amd64_microsoft.windows.common-controls_6595b64144ccf1df_6.0.26100.4768_none_3e0c112ce331287c;c:\Users\PinkDiamond\.vscode\extensions\redhat.java-1.44.0-win32-x64\jre\21.0.8-win32-x86_64\bin\server;C:\Users\PinkDiamond\AppData\Roaming\Code\User\globalStorage\redhat.java\1.44.0\config_win\org.eclipse.equinox.launcher\org.eclipse.equinox.launcher.win32.win32.x86_64_1.2.1400.v20250730-1736;C:\Users\PinkDiamond\AppData\Local\Temp\jna--1610912034

VM Arguments:
jvm_args: --add-modules=ALL-SYSTEM --add-opens=java.base/java.util=ALL-UNNAMED --add-opens=java.base/java.lang=ALL-UNNAMED --add-opens=java.base/sun.nio.fs=ALL-UNNAMED -Declipse.application=org.eclipse.jdt.ls.core.id1 -Dosgi.bundles.defaultStartLevel=4 -Declipse.product=org.eclipse.jdt.ls.core.product -Djava.import.generatesMetadataFilesAtProjectRoot=false -DDetectVMInstallationsJob.disabled=true -Dfile.encoding=utf8 -XX:+UseParallelGC -XX:GCTimeRatio=4 -XX:AdaptiveSizePolicyWeight=90 -Dsun.zip.disableMemoryMapping=true -Xmx2G -Xms100m -Xlog:disable -javaagent:c:\Users\PinkDiamond\.vscode\extensions\redhat.java-1.44.0-win32-x64\lombok\lombok-1.18.39-4050.jar -XX:+HeapDumpOnOutOfMemoryError -XX:HeapDumpPath=c:\Users\PinkDiamond\AppData\Roaming\Code\User\workspaceStorage\833ae94de288b7edf437f234d59c873c\redhat.java -Daether.dependencyCollector.impl=bf 
java_command: c:\Users\PinkDiamond\.vscode\extensions\redhat.java-1.44.0-win32-x64\server\plugins\org.eclipse.equinox.launcher_1.7.0.v20250519-0528.jar -configuration c:\Users\PinkDiamond\AppData\Roaming\Code\User\globalStorage\redhat.java\1.44.0\config_win -data c:\Users\PinkDiamond\AppData\Roaming\Code\User\workspaceStorage\833ae94de288b7edf437f234d59c873c\redhat.java\jdt_ws --pipe=\\.\pipe\lsp-55da30c0fff5f44bf073a86853710bfe-sock
java_class_path (initial): c:\Users\PinkDiamond\.vscode\extensions\redhat.java-1.44.0-win32-x64\server\plugins\org.eclipse.equinox.launcher_1.7.0.v20250519-0528.jar
Launcher Type: SUN_STANDARD

[Global flags]
    uintx AdaptiveSizePolicyWeight                 = 90                                        {product} {command line}
     intx CICompilerCount                          = 12                                        {product} {ergonomic}
    uintx GCTimeRatio                              = 4                                         {product} {command line}
     bool HeapDumpOnOutOfMemoryError               = true                                   {manageable} {command line}
    ccstr HeapDumpPath                             = c:\Users\PinkDiamond\AppData\Roaming\Code\User\workspaceStorage\833ae94de288b7edf437f234d59c873c\redhat.java         {manageable} {command line}
   size_t InitialHeapSize                          = 104857600                                 {product} {command line}
   size_t MaxHeapSize                              = 2147483648                                {product} {command line}
   size_t MaxNewSize                               = 715653120                                 {product} {ergonomic}
   size_t MinHeapDeltaBytes                        = 524288                                    {product} {ergonomic}
   size_t MinHeapSize                              = 104857600                                 {product} {command line}
   size_t NewSize                                  = 34603008                                  {product} {ergonomic}
    uintx NonNMethodCodeHeapSize                   = 7602480                                {pd product} {ergonomic}
    uintx NonProfiledCodeHeapSize                  = 122027880                              {pd product} {ergonomic}
   size_t OldSize                                  = 70254592                                  {product} {ergonomic}
    uintx ProfiledCodeHeapSize                     = 122027880                              {pd product} {ergonomic}
    uintx ReservedCodeCacheSize                    = 251658240                              {pd product} {ergonomic}
     bool SegmentedCodeCache                       = true                                      {product} {ergonomic}
   size_t SoftMaxHeapSize                          = 2147483648                             {manageable} {ergonomic}
     bool UseCompressedOops                        = true                           {product lp64_product} {ergonomic}
     bool UseLargePagesIndividualAllocation        = false                                  {pd product} {ergonomic}
     bool UseParallelGC                            = true                                      {product} {command line}

Logging:
Log output configuration:
 #0: stdout all=off uptime,level,tags foldmultilines=false
 #1: stderr all=off uptime,level,tags foldmultilines=false

Environment Variables:
JAVA_HOME=C:\Program Files\Java\jdk-24
PATH=C:\Program Files\Java\jdk-22\bin;C:\WINDOWS\system32;C:\WINDOWS;C:\WINDOWS\System32\Wbem;C:\WINDOWS\System32\WindowsPowerShell\v1.0\;C:\WINDOWS\System32\OpenSSH\;C:\Program Files\NVIDIA Corporation\NVIDIA App\NvDLISR;C:\Program Files (x86)\NVIDIA Corporation\PhysX\Common;C:\Program Files\MySQL\MySQL Server 8.0\bin;C:\Program Files\apachemaven\apache-maven-3.9.11\bin;C:\Program Files (x86)\Microsoft SQL Server\160\Tools\Binn\;C:\Program Files\Microsoft SQL Server\160\Tools\Binn\;C:\Program Files\Microsoft SQL Server\Client SDK\ODBC\170\Tools\Binn\;C:\Program Files\Microsoft SQL Server\160\DTS\Binn\;C:\Program Files (x86)\Microsoft SQL Server\160\DTS\Binn\;C:\Program Files\Git\cmd;C:\Program Files\Cloudflare\Cloudflare WARP\;C:\Program Files\MySQL\MySQL Shell 8.0\bin\;C:\Users\PinkDiamond\AppData\Local\Microsoft\WindowsApps;C:\Users\PinkDiamond\AppData\Local\GitHubDesktop\bin;C:\Users\PinkDiamond\AppData\Local\Programs\Microsoft VS Code\bin;C:\Users\PinkDiamond\AppData\Local\Programs\cursor\resources\app\bin;C:\Program Files\Java\jdk-22\bin;
USERNAME=PinkDiamond
OS=Windows_NT
PROCESSOR_IDENTIFIER=Intel64 Family 6 Model 154 Stepping 3, GenuineIntel
TMP=C:\Users\PinkDiamond\AppData\Local\Temp
TEMP=C:\Users\PinkDiamond\AppData\Local\Temp




Periodic native trim disabled

---------------  S Y S T E M  ---------------

OS:
 Windows 11 , 64 bit Build 26100 (10.0.26100.4768)
OS uptime: 0 days 3:06 hours
Hyper-V role detected

CPU: total 16 (initial active 16) (8 cores per cpu, 2 threads per core) family 6 model 154 stepping 3 microcode 0x435, cx8, cmov, fxsr, ht, mmx, 3dnowpref, sse, sse2, sse3, ssse3, sse4.1, sse4.2, popcnt, lzcnt, tsc, tscinvbit, avx, avx2, aes, erms, clmul, bmi1, bmi2, adx, sha, fma, vzeroupper, clflush, clflushopt, clwb, hv, serialize, rdtscp, rdpid, fsrm, f16c, cet_ibt, cet_ss
Processor Information for processor 0
  Max Mhz: 2500, Current Mhz: 2500, Mhz Limit: 2500
Processor Information for processor 1
  Max Mhz: 2500, Current Mhz: 2500, Mhz Limit: 2500
Processor Information for processor 2
  Max Mhz: 2500, Current Mhz: 2500, Mhz Limit: 2500
Processor Information for processor 3
  Max Mhz: 2500, Current Mhz: 2500, Mhz Limit: 2500
Processor Information for processor 4
  Max Mhz: 2500, Current Mhz: 2500, Mhz Limit: 2500
Processor Information for processor 5
  Max Mhz: 2500, Current Mhz: 2500, Mhz Limit: 2500
Processor Information for processor 6
  Max Mhz: 2500, Current Mhz: 2500, Mhz Limit: 2500
Processor Information for processor 7
  Max Mhz: 2500, Current Mhz: 2500, Mhz Limit: 2500
Processor Information for processor 8
  Max Mhz: 2500, Current Mhz: 1800, Mhz Limit: 1800
Processor Information for processor 9
  Max Mhz: 2500, Current Mhz: 1800, Mhz Limit: 1800
Processor Information for processor 10
  Max Mhz: 2500, Current Mhz: 1800, Mhz Limit: 1800
Processor Information for processor 11
  Max Mhz: 2500, Current Mhz: 1800, Mhz Limit: 1800
Processor Information for processor 12
  Max Mhz: 2500, Current Mhz: 1800, Mhz Limit: 1800
Processor Information for processor 13
  Max Mhz: 2500, Current Mhz: 1800, Mhz Limit: 1800
Processor Information for processor 14
  Max Mhz: 2500, Current Mhz: 1800, Mhz Limit: 1800
Processor Information for processor 15
  Max Mhz: 2500, Current Mhz: 1800, Mhz Limit: 1800

Memory: 4k page, system-wide physical 16109M (1592M free)
TotalPageFile size 28397M (AvailPageFile size 145M)
current process WorkingSet (physical memory assigned to process): 1002M, peak: 1013M
current process commit charge ("private bytes"): 954M, peak: 963M

vm_info: OpenJDK 64-Bit Server VM (21.0.8+9-LTS) for windows-amd64 JRE (21.0.8+9-LTS), built on 2025-07-15T00:00:00Z by "admin" with MS VC++ 17.7 (VS2022)

END.
