#
# There is insufficient memory for the Java Runtime Environment to continue.
# Native memory allocation (malloc) failed to allocate 2985232 bytes. Error detail: Chunk::new
# Possible reasons:
#   The system is out of physical RAM or swap space
#   This process is running with CompressedOops enabled, and the Java Heap may be blocking the growth of the native heap
# Possible solutions:
#   Reduce memory load on the system
#   Increase physical memory or swap space
#   Check if swap backing store is full
#   Decrease Java heap size (-Xmx/-Xms)
#   Decrease number of Java threads
#   Decrease Java thread stack sizes (-Xss)
#   Set larger code cache with -XX:ReservedCodeCacheSize=
#   JVM is running with Zero Based Compressed Oops mode in which the Java heap is
#     placed in the first 32GB address space. The Java Heap base address is the
#     maximum limit for the native heap growth. Please use -XX:HeapBaseMinAddress
#     to set the Java Heap base and to place the Java Heap above 32GB virtual address.
# This output file may be truncated or incomplete.
#
#  Out of Memory Error (arena.cpp:162), pid=38028, tid=14396
#
# JRE version: Java(TM) SE Runtime Environment (24.0.1+9) (build 24.0.1+9-30)
# Java VM: Java HotSpot(TM) 64-Bit Server VM (24.0.1+9-30, mixed mode, sharing, tiered, compressed oops, compressed class ptrs, g1 gc, windows-amd64)
# No core dump will be written. Minidumps are not enabled by default on client versions of Windows
#

---------------  S U M M A R Y ------------

Command Line: -Dclassworlds.conf=C:\Users\PinkDiamond\.m2\wrapper\dists\apache-maven-3.9.9\977a63e90f436cd6ade95b4c0e10c20c\bin\m2.conf -Dmaven.home=C:\Users\PinkDiamond\.m2\wrapper\dists\apache-maven-3.9.9\977a63e90f436cd6ade95b4c0e10c20c -Dlibrary.jansi.path=C:\Users\PinkDiamond\.m2\wrapper\dists\apache-maven-3.9.9\977a63e90f436cd6ade95b4c0e10c20c\lib\jansi-native -Dmaven.multiModuleProjectDirectory=d:\ProjectVSCode\SWP391-G4-BLOCK5-main org.codehaus.plexus.classworlds.launcher.Launcher -q help:effective-pom -Doutput=d:\ProjectVSCode\SWP391-G4-BLOCK5-main\effective-pom.xml

Host: 12th Gen Intel(R) Core(TM) i5-12500H, 16 cores, 15G,  Windows 11 , 64 bit Build 26100 (10.0.26100.4768)
Time: Tue Aug 19 14:38:02 2025 SE Asia Standard Time elapsed time: 3.846442 seconds (0d 0h 0m 3s)

---------------  T H R E A D  ---------------

Current thread (0x0000020c1185d6f0):  JavaThread "C2 CompilerThread3" daemon [_thread_in_native, id=14396, stack(0x000000a8ae200000,0x000000a8ae300000) (1024K)]


Current CompileTask:
C2:3846 4158       4       org.codehaus.plexus.configuration.xml.XmlPlexusConfiguration::<init> (96 bytes)

Stack: [0x000000a8ae200000,0x000000a8ae300000]
Native frames: (J=compiled Java code, j=interpreted, Vv=VM code, C=native code)
V  [jvm.dll+0x730739]  (no source info available)
V  [jvm.dll+0x8d9b23]  (no source info available)
V  [jvm.dll+0x8dc00d]  (no source info available)
V  [jvm.dll+0x8dc683]  (no source info available)
V  [jvm.dll+0x2aa086]  (no source info available)
V  [jvm.dll+0xcedef]  (no source info available)
V  [jvm.dll+0xcf04f]  (no source info available)
V  [jvm.dll+0x154d83]  (no source info available)
V  [jvm.dll+0x735f5f]  (no source info available)
V  [jvm.dll+0x26fa1c]  (no source info available)
V  [jvm.dll+0x26ea3f]  (no source info available)
V  [jvm.dll+0x1e9d60]  (no source info available)
V  [jvm.dll+0x27e1fb]  (no source info available)
V  [jvm.dll+0x27c49a]  (no source info available)
V  [jvm.dll+0x42f456]  (no source info available)
V  [jvm.dll+0x87d76b]  (no source info available)
V  [jvm.dll+0x72ee55]  (no source info available)
C  [ucrtbase.dll+0x37b0]  (no source info available)
C  [KERNEL32.DLL+0x2e8d7]  (no source info available)
C  [ntdll.dll+0x3c34c]  (no source info available)

Lock stack of current Java thread (top to bottom):


---------------  P R O C E S S  ---------------

Threads class SMR info:
_java_thread_list=0x0000020c12124d10, length=14, elements={
0x0000020ba9256fd0, 0x0000020bcb4aabd0, 0x0000020bcb4ab310, 0x0000020bcb4aba50,
0x0000020bcb4ac2c0, 0x0000020bcb4b0b40, 0x0000020bcb4b13b0, 0x0000020bcb4b6820,
0x0000020bcb4b7300, 0x0000020bcb55d3b0, 0x0000020bcb561320, 0x0000020bcb672340,
0x0000020c1188cab0, 0x0000020c1185d6f0
}

Java Threads: ( => current thread )
  0x0000020ba9256fd0 JavaThread "main"                              [_thread_in_Java, id=33532, stack(0x000000a8acb00000,0x000000a8acc00000) (1024K)]
  0x0000020bcb4aabd0 JavaThread "Reference Handler"          daemon [_thread_blocked, id=6088, stack(0x000000a8ad300000,0x000000a8ad400000) (1024K)]
  0x0000020bcb4ab310 JavaThread "Finalizer"                  daemon [_thread_blocked, id=23796, stack(0x000000a8ad400000,0x000000a8ad500000) (1024K)]
  0x0000020bcb4aba50 JavaThread "Signal Dispatcher"          daemon [_thread_blocked, id=17032, stack(0x000000a8ad500000,0x000000a8ad600000) (1024K)]
  0x0000020bcb4ac2c0 JavaThread "Attach Listener"            daemon [_thread_blocked, id=3076, stack(0x000000a8ad600000,0x000000a8ad700000) (1024K)]
  0x0000020bcb4b0b40 JavaThread "Service Thread"             daemon [_thread_blocked, id=6520, stack(0x000000a8ad700000,0x000000a8ad800000) (1024K)]
  0x0000020bcb4b13b0 JavaThread "Monitor Deflation Thread"   daemon [_thread_blocked, id=32576, stack(0x000000a8ad800000,0x000000a8ad900000) (1024K)]
  0x0000020bcb4b6820 JavaThread "C2 CompilerThread0"         daemon [_thread_in_native, id=17796, stack(0x000000a8ad900000,0x000000a8ada00000) (1024K)]
  0x0000020bcb4b7300 JavaThread "C1 CompilerThread0"         daemon [_thread_blocked, id=25496, stack(0x000000a8ada00000,0x000000a8adb00000) (1024K)]
  0x0000020bcb55d3b0 JavaThread "Notification Thread"        daemon [_thread_blocked, id=37772, stack(0x000000a8adb00000,0x000000a8adc00000) (1024K)]
  0x0000020bcb561320 JavaThread "Common-Cleaner"             daemon [_thread_blocked, id=11244, stack(0x000000a8adc00000,0x000000a8add00000) (1024K)]
  0x0000020bcb672340 JavaThread "C2 CompilerThread1"         daemon [_thread_in_native, id=19608, stack(0x000000a8ade00000,0x000000a8adf00000) (1024K)]
  0x0000020c1188cab0 JavaThread "C2 CompilerThread2"         daemon [_thread_in_native, id=37240, stack(0x000000a8ae100000,0x000000a8ae200000) (1024K)]
=>0x0000020c1185d6f0 JavaThread "C2 CompilerThread3"         daemon [_thread_in_native, id=14396, stack(0x000000a8ae200000,0x000000a8ae300000) (1024K)]
Total: 14

Other Threads:
  0x0000020bcb49b0d0 VMThread "VM Thread"                           [id=37616, stack(0x000000a8ad200000,0x000000a8ad300000) (1024K)]
  0x0000020bcb48c8d0 WatcherThread "VM Periodic Task Thread"        [id=32296, stack(0x000000a8ad100000,0x000000a8ad200000) (1024K)]
  0x0000020bab578660 WorkerThread "GC Thread#0"                     [id=32980, stack(0x000000a8acc00000,0x000000a8acd00000) (1024K)]
  0x0000020c1194a9c0 WorkerThread "GC Thread#1"                     [id=2276, stack(0x000000a8ae400000,0x000000a8ae500000) (1024K)]
  0x0000020c1194b590 WorkerThread "GC Thread#2"                     [id=34740, stack(0x000000a8ae500000,0x000000a8ae600000) (1024K)]
  0x0000020c1194b940 WorkerThread "GC Thread#3"                     [id=19408, stack(0x000000a8ae600000,0x000000a8ae700000) (1024K)]
  0x0000020c1194bcf0 WorkerThread "GC Thread#4"                     [id=37976, stack(0x000000a8ae700000,0x000000a8ae800000) (1024K)]
  0x0000020c1194c4b0 WorkerThread "GC Thread#5"                     [id=31112, stack(0x000000a8ae800000,0x000000a8ae900000) (1024K)]
  0x0000020bab58d360 ConcurrentGCThread "G1 Main Marker"            [id=23424, stack(0x000000a8acd00000,0x000000a8ace00000) (1024K)]
  0x0000020bab58fa10 WorkerThread "G1 Conc#0"                       [id=38492, stack(0x000000a8ace00000,0x000000a8acf00000) (1024K)]
  0x0000020bcb334170 ConcurrentGCThread "G1 Refine#0"               [id=7628, stack(0x000000a8acf00000,0x000000a8ad000000) (1024K)]
  0x0000020bcb3347a0 ConcurrentGCThread "G1 Service"                [id=14700, stack(0x000000a8ad000000,0x000000a8ad100000) (1024K)]
Total: 12

Threads with active compile tasks:
C2 CompilerThread0  3883 4194 %     4       org.codehaus.plexus.util.xml.Xpp3DomBuilder::build @ 28 (413 bytes)
C2 CompilerThread1  3883 4217       4       java.util.ArrayList::indexOfRange (71 bytes)
C2 CompilerThread2  3883 4214   !   4       java.util.zip.InflaterInputStream::read (129 bytes)
C2 CompilerThread3  3883 4158       4       org.codehaus.plexus.configuration.xml.XmlPlexusConfiguration::<init> (96 bytes)
Total: 4

VM state: not at safepoint (normal execution)

VM Mutex/Monitor currently owned by a thread: None

Heap address: 0x0000000704400000, size: 4028 MB, Compressed Oops mode: Zero based, Oop shift amount: 3

CDS archive(s) mapped at: [0x0000020bcc000000-0x0000020bccd40000-0x0000020bccd40000), size 13893632, SharedBaseAddress: 0x0000020bcc000000, ArchiveRelocationMode: 1.
Compressed class space mapped at: 0x0000020bcd000000-0x0000020c0d000000, reserved size: 1073741824
UseCompressedClassPointers 1, UseCompactObjectHeaders 0
Narrow klass pointer bits 32, Max shift 3
Narrow klass base: 0x0000020bcc000000, Narrow klass shift: 0
Encoding Range: [0x0000020bcc000000 - 0x0000020ccc000000), (4294967296 bytes)
Klass Range:    [0x0000020bcc000000 - 0x0000020c0d000000), (1090519040 bytes)
Klass ID Range:  [8 - 1090519033) (1090519025)

GC Precious Log:
 CardTable entry size: 512
 Card Set container configuration: InlinePtr #cards 4 size 8 Array Of Cards #cards 16 size 48 Howl #buckets 8 coarsen threshold 3686 Howl Bitmap #cards 512 size 80 coarsen threshold 460 Card regions per heap region 1 cards per card region 4096
 CPUs: 16 total, 16 available
 Memory: 16109M
 Large Page Support: Disabled
 NUMA Support: Disabled
 Compressed Oops: Enabled (Zero based)
 Heap Region Size: 2M
 Heap Min Capacity: 8M
 Heap Initial Capacity: 252M
 Heap Max Capacity: 4028M
 Pre-touch: Disabled
 Parallel Workers: 13
 Concurrent Workers: 3
 Concurrent Refinement Workers: 13
 Periodic GC: Disabled

Heap:
 garbage-first heap   total reserved 4124672K, committed 260096K, used 77193K [0x0000000704400000, 0x0000000800000000)
  region size 2048K, 39 young (79872K), 3 survivors (6144K)
 Metaspace       used 15784K, committed 16064K, reserved 1114112K
  class space    used 1521K, committed 1664K, reserved 1048576K

Heap Regions: E=young(eden), S=young(survivor), O=old, HS=humongous(starts), HC=humongous(continues), CS=collection set, F=free, TAMS=top-at-mark-start, PB=parsable bottom
|   0|0x0000000704400000, 0x0000000704400000, 0x0000000704600000|  0%| F|  |TAMS 0x0000000704400000| PB 0x0000000704400000| Untracked |  0
|   1|0x0000000704600000, 0x0000000704600000, 0x0000000704800000|  0%| F|  |TAMS 0x0000000704600000| PB 0x0000000704600000| Untracked |  0
|   2|0x0000000704800000, 0x0000000704800000, 0x0000000704a00000|  0%| F|  |TAMS 0x0000000704800000| PB 0x0000000704800000| Untracked |  0
|   3|0x0000000704a00000, 0x0000000704a00000, 0x0000000704c00000|  0%| F|  |TAMS 0x0000000704a00000| PB 0x0000000704a00000| Untracked |  0
|   4|0x0000000704c00000, 0x0000000704c00000, 0x0000000704e00000|  0%| F|  |TAMS 0x0000000704c00000| PB 0x0000000704c00000| Untracked |  0
|   5|0x0000000704e00000, 0x0000000704e00000, 0x0000000705000000|  0%| F|  |TAMS 0x0000000704e00000| PB 0x0000000704e00000| Untracked |  0
|   6|0x0000000705000000, 0x0000000705000000, 0x0000000705200000|  0%| F|  |TAMS 0x0000000705000000| PB 0x0000000705000000| Untracked |  0
|   7|0x0000000705200000, 0x0000000705200000, 0x0000000705400000|  0%| F|  |TAMS 0x0000000705200000| PB 0x0000000705200000| Untracked |  0
|   8|0x0000000705400000, 0x0000000705400000, 0x0000000705600000|  0%| F|  |TAMS 0x0000000705400000| PB 0x0000000705400000| Untracked |  0
|   9|0x0000000705600000, 0x0000000705600000, 0x0000000705800000|  0%| F|  |TAMS 0x0000000705600000| PB 0x0000000705600000| Untracked |  0
|  10|0x0000000705800000, 0x0000000705800000, 0x0000000705a00000|  0%| F|  |TAMS 0x0000000705800000| PB 0x0000000705800000| Untracked |  0
|  11|0x0000000705a00000, 0x0000000705a00000, 0x0000000705c00000|  0%| F|  |TAMS 0x0000000705a00000| PB 0x0000000705a00000| Untracked |  0
|  12|0x0000000705c00000, 0x0000000705c00000, 0x0000000705e00000|  0%| F|  |TAMS 0x0000000705c00000| PB 0x0000000705c00000| Untracked |  0
|  13|0x0000000705e00000, 0x0000000705e00000, 0x0000000706000000|  0%| F|  |TAMS 0x0000000705e00000| PB 0x0000000705e00000| Untracked |  0
|  14|0x0000000706000000, 0x0000000706000000, 0x0000000706200000|  0%| F|  |TAMS 0x0000000706000000| PB 0x0000000706000000| Untracked |  0
|  15|0x0000000706200000, 0x0000000706200000, 0x0000000706400000|  0%| F|  |TAMS 0x0000000706200000| PB 0x0000000706200000| Untracked |  0
|  16|0x0000000706400000, 0x0000000706400000, 0x0000000706600000|  0%| F|  |TAMS 0x0000000706400000| PB 0x0000000706400000| Untracked |  0
|  17|0x0000000706600000, 0x0000000706600000, 0x0000000706800000|  0%| F|  |TAMS 0x0000000706600000| PB 0x0000000706600000| Untracked |  0
|  18|0x0000000706800000, 0x0000000706800000, 0x0000000706a00000|  0%| F|  |TAMS 0x0000000706800000| PB 0x0000000706800000| Untracked |  0
|  19|0x0000000706a00000, 0x0000000706a00000, 0x0000000706c00000|  0%| F|  |TAMS 0x0000000706a00000| PB 0x0000000706a00000| Untracked |  0
|  20|0x0000000706c00000, 0x0000000706c00000, 0x0000000706e00000|  0%| F|  |TAMS 0x0000000706c00000| PB 0x0000000706c00000| Untracked |  0
|  21|0x0000000706e00000, 0x0000000706e00000, 0x0000000707000000|  0%| F|  |TAMS 0x0000000706e00000| PB 0x0000000706e00000| Untracked |  0
|  22|0x0000000707000000, 0x0000000707000000, 0x0000000707200000|  0%| F|  |TAMS 0x0000000707000000| PB 0x0000000707000000| Untracked |  0
|  23|0x0000000707200000, 0x0000000707200000, 0x0000000707400000|  0%| F|  |TAMS 0x0000000707200000| PB 0x0000000707200000| Untracked |  0
|  24|0x0000000707400000, 0x0000000707400000, 0x0000000707600000|  0%| F|  |TAMS 0x0000000707400000| PB 0x0000000707400000| Untracked |  0
|  25|0x0000000707600000, 0x0000000707600000, 0x0000000707800000|  0%| F|  |TAMS 0x0000000707600000| PB 0x0000000707600000| Untracked |  0
|  26|0x0000000707800000, 0x0000000707800000, 0x0000000707a00000|  0%| F|  |TAMS 0x0000000707800000| PB 0x0000000707800000| Untracked |  0
|  27|0x0000000707a00000, 0x0000000707a00000, 0x0000000707c00000|  0%| F|  |TAMS 0x0000000707a00000| PB 0x0000000707a00000| Untracked |  0
|  28|0x0000000707c00000, 0x0000000707c00000, 0x0000000707e00000|  0%| F|  |TAMS 0x0000000707c00000| PB 0x0000000707c00000| Untracked |  0
|  29|0x0000000707e00000, 0x0000000707e00000, 0x0000000708000000|  0%| F|  |TAMS 0x0000000707e00000| PB 0x0000000707e00000| Untracked |  0
|  30|0x0000000708000000, 0x0000000708000000, 0x0000000708200000|  0%| F|  |TAMS 0x0000000708000000| PB 0x0000000708000000| Untracked |  0
|  31|0x0000000708200000, 0x0000000708200000, 0x0000000708400000|  0%| F|  |TAMS 0x0000000708200000| PB 0x0000000708200000| Untracked |  0
|  32|0x0000000708400000, 0x0000000708400000, 0x0000000708600000|  0%| F|  |TAMS 0x0000000708400000| PB 0x0000000708400000| Untracked |  0
|  33|0x0000000708600000, 0x0000000708600000, 0x0000000708800000|  0%| F|  |TAMS 0x0000000708600000| PB 0x0000000708600000| Untracked |  0
|  34|0x0000000708800000, 0x0000000708800000, 0x0000000708a00000|  0%| F|  |TAMS 0x0000000708800000| PB 0x0000000708800000| Untracked |  0
|  35|0x0000000708a00000, 0x0000000708a00000, 0x0000000708c00000|  0%| F|  |TAMS 0x0000000708a00000| PB 0x0000000708a00000| Untracked |  0
|  36|0x0000000708c00000, 0x0000000708c00000, 0x0000000708e00000|  0%| F|  |TAMS 0x0000000708c00000| PB 0x0000000708c00000| Untracked |  0
|  37|0x0000000708e00000, 0x0000000708e00000, 0x0000000709000000|  0%| F|  |TAMS 0x0000000708e00000| PB 0x0000000708e00000| Untracked |  0
|  38|0x0000000709000000, 0x0000000709000000, 0x0000000709200000|  0%| F|  |TAMS 0x0000000709000000| PB 0x0000000709000000| Untracked |  0
|  39|0x0000000709200000, 0x0000000709200000, 0x0000000709400000|  0%| F|  |TAMS 0x0000000709200000| PB 0x0000000709200000| Untracked |  0
|  40|0x0000000709400000, 0x0000000709400000, 0x0000000709600000|  0%| F|  |TAMS 0x0000000709400000| PB 0x0000000709400000| Untracked |  0
|  41|0x0000000709600000, 0x0000000709600000, 0x0000000709800000|  0%| F|  |TAMS 0x0000000709600000| PB 0x0000000709600000| Untracked |  0
|  42|0x0000000709800000, 0x0000000709800000, 0x0000000709a00000|  0%| F|  |TAMS 0x0000000709800000| PB 0x0000000709800000| Untracked |  0
|  43|0x0000000709a00000, 0x0000000709a00000, 0x0000000709c00000|  0%| F|  |TAMS 0x0000000709a00000| PB 0x0000000709a00000| Untracked |  0
|  44|0x0000000709c00000, 0x0000000709c00000, 0x0000000709e00000|  0%| F|  |TAMS 0x0000000709c00000| PB 0x0000000709c00000| Untracked |  0
|  45|0x0000000709e00000, 0x0000000709e00000, 0x000000070a000000|  0%| F|  |TAMS 0x0000000709e00000| PB 0x0000000709e00000| Untracked |  0
|  46|0x000000070a000000, 0x000000070a000000, 0x000000070a200000|  0%| F|  |TAMS 0x000000070a000000| PB 0x000000070a000000| Untracked |  0
|  47|0x000000070a200000, 0x000000070a200000, 0x000000070a400000|  0%| F|  |TAMS 0x000000070a200000| PB 0x000000070a200000| Untracked |  0
|  48|0x000000070a400000, 0x000000070a400000, 0x000000070a600000|  0%| F|  |TAMS 0x000000070a400000| PB 0x000000070a400000| Untracked |  0
|  49|0x000000070a600000, 0x000000070a600000, 0x000000070a800000|  0%| F|  |TAMS 0x000000070a600000| PB 0x000000070a600000| Untracked |  0
|  50|0x000000070a800000, 0x000000070a800000, 0x000000070aa00000|  0%| F|  |TAMS 0x000000070a800000| PB 0x000000070a800000| Untracked |  0
|  51|0x000000070aa00000, 0x000000070aa00000, 0x000000070ac00000|  0%| F|  |TAMS 0x000000070aa00000| PB 0x000000070aa00000| Untracked |  0
|  52|0x000000070ac00000, 0x000000070ac00000, 0x000000070ae00000|  0%| F|  |TAMS 0x000000070ac00000| PB 0x000000070ac00000| Untracked |  0
|  53|0x000000070ae00000, 0x000000070ae00000, 0x000000070b000000|  0%| F|  |TAMS 0x000000070ae00000| PB 0x000000070ae00000| Untracked |  0
|  54|0x000000070b000000, 0x000000070b000000, 0x000000070b200000|  0%| F|  |TAMS 0x000000070b000000| PB 0x000000070b000000| Untracked |  0
|  55|0x000000070b200000, 0x000000070b200000, 0x000000070b400000|  0%| F|  |TAMS 0x000000070b200000| PB 0x000000070b200000| Untracked |  0
|  56|0x000000070b400000, 0x000000070b400000, 0x000000070b600000|  0%| F|  |TAMS 0x000000070b400000| PB 0x000000070b400000| Untracked |  0
|  57|0x000000070b600000, 0x000000070b600000, 0x000000070b800000|  0%| F|  |TAMS 0x000000070b600000| PB 0x000000070b600000| Untracked |  0
|  58|0x000000070b800000, 0x000000070b800000, 0x000000070ba00000|  0%| F|  |TAMS 0x000000070b800000| PB 0x000000070b800000| Untracked |  0
|  59|0x000000070ba00000, 0x000000070ba00000, 0x000000070bc00000|  0%| F|  |TAMS 0x000000070ba00000| PB 0x000000070ba00000| Untracked |  0
|  60|0x000000070bc00000, 0x000000070bc00000, 0x000000070be00000|  0%| F|  |TAMS 0x000000070bc00000| PB 0x000000070bc00000| Untracked |  0
|  61|0x000000070be00000, 0x000000070be00000, 0x000000070c000000|  0%| F|  |TAMS 0x000000070be00000| PB 0x000000070be00000| Untracked |  0
|  62|0x000000070c000000, 0x000000070c000000, 0x000000070c200000|  0%| F|  |TAMS 0x000000070c000000| PB 0x000000070c000000| Untracked |  0
|  63|0x000000070c200000, 0x000000070c200000, 0x000000070c400000|  0%| F|  |TAMS 0x000000070c200000| PB 0x000000070c200000| Untracked |  0
|  64|0x000000070c400000, 0x000000070c400000, 0x000000070c600000|  0%| F|  |TAMS 0x000000070c400000| PB 0x000000070c400000| Untracked |  0
|  65|0x000000070c600000, 0x000000070c600000, 0x000000070c800000|  0%| F|  |TAMS 0x000000070c600000| PB 0x000000070c600000| Untracked |  0
|  66|0x000000070c800000, 0x000000070c800000, 0x000000070ca00000|  0%| F|  |TAMS 0x000000070c800000| PB 0x000000070c800000| Untracked |  0
|  67|0x000000070ca00000, 0x000000070ca00000, 0x000000070cc00000|  0%| F|  |TAMS 0x000000070ca00000| PB 0x000000070ca00000| Untracked |  0
|  68|0x000000070cc00000, 0x000000070cc00000, 0x000000070ce00000|  0%| F|  |TAMS 0x000000070cc00000| PB 0x000000070cc00000| Untracked |  0
|  69|0x000000070ce00000, 0x000000070ce00000, 0x000000070d000000|  0%| F|  |TAMS 0x000000070ce00000| PB 0x000000070ce00000| Untracked |  0
|  70|0x000000070d000000, 0x000000070d000000, 0x000000070d200000|  0%| F|  |TAMS 0x000000070d000000| PB 0x000000070d000000| Untracked |  0
|  71|0x000000070d200000, 0x000000070d200000, 0x000000070d400000|  0%| F|  |TAMS 0x000000070d200000| PB 0x000000070d200000| Untracked |  0
|  72|0x000000070d400000, 0x000000070d400000, 0x000000070d600000|  0%| F|  |TAMS 0x000000070d400000| PB 0x000000070d400000| Untracked |  0
|  73|0x000000070d600000, 0x000000070d600000, 0x000000070d800000|  0%| F|  |TAMS 0x000000070d600000| PB 0x000000070d600000| Untracked |  0
|  74|0x000000070d800000, 0x000000070d800000, 0x000000070da00000|  0%| F|  |TAMS 0x000000070d800000| PB 0x000000070d800000| Untracked |  0
|  75|0x000000070da00000, 0x000000070da00000, 0x000000070dc00000|  0%| F|  |TAMS 0x000000070da00000| PB 0x000000070da00000| Untracked |  0
|  76|0x000000070dc00000, 0x000000070dc00000, 0x000000070de00000|  0%| F|  |TAMS 0x000000070dc00000| PB 0x000000070dc00000| Untracked |  0
|  77|0x000000070de00000, 0x000000070de00000, 0x000000070e000000|  0%| F|  |TAMS 0x000000070de00000| PB 0x000000070de00000| Untracked |  0
|  78|0x000000070e000000, 0x000000070e000000, 0x000000070e200000|  0%| F|  |TAMS 0x000000070e000000| PB 0x000000070e000000| Untracked |  0
|  79|0x000000070e200000, 0x000000070e200000, 0x000000070e400000|  0%| F|  |TAMS 0x000000070e200000| PB 0x000000070e200000| Untracked |  0
|  80|0x000000070e400000, 0x000000070e400000, 0x000000070e600000|  0%| F|  |TAMS 0x000000070e400000| PB 0x000000070e400000| Untracked |  0
|  81|0x000000070e600000, 0x000000070e600000, 0x000000070e800000|  0%| F|  |TAMS 0x000000070e600000| PB 0x000000070e600000| Untracked |  0
|  82|0x000000070e800000, 0x000000070e800000, 0x000000070ea00000|  0%| F|  |TAMS 0x000000070e800000| PB 0x000000070e800000| Untracked |  0
|  83|0x000000070ea00000, 0x000000070ea00000, 0x000000070ec00000|  0%| F|  |TAMS 0x000000070ea00000| PB 0x000000070ea00000| Untracked |  0
|  84|0x000000070ec00000, 0x000000070ec00000, 0x000000070ee00000|  0%| F|  |TAMS 0x000000070ec00000| PB 0x000000070ec00000| Untracked |  0
|  85|0x000000070ee00000, 0x000000070ee00000, 0x000000070f000000|  0%| F|  |TAMS 0x000000070ee00000| PB 0x000000070ee00000| Untracked |  0
|  86|0x000000070f000000, 0x000000070f000000, 0x000000070f200000|  0%| F|  |TAMS 0x000000070f000000| PB 0x000000070f000000| Untracked |  0
|  87|0x000000070f200000, 0x000000070f2cbeb0, 0x000000070f400000| 39%| E|  |TAMS 0x000000070f200000| PB 0x000000070f200000| Complete |  0
|  88|0x000000070f400000, 0x000000070f600000, 0x000000070f600000|100%| E|CS|TAMS 0x000000070f400000| PB 0x000000070f400000| Complete |  0
|  89|0x000000070f600000, 0x000000070f800000, 0x000000070f800000|100%| E|CS|TAMS 0x000000070f600000| PB 0x000000070f600000| Complete |  0
|  90|0x000000070f800000, 0x000000070fa00000, 0x000000070fa00000|100%| E|CS|TAMS 0x000000070f800000| PB 0x000000070f800000| Complete |  0
|  91|0x000000070fa00000, 0x000000070fc00000, 0x000000070fc00000|100%| E|CS|TAMS 0x000000070fa00000| PB 0x000000070fa00000| Complete |  0
|  92|0x000000070fc00000, 0x000000070fe00000, 0x000000070fe00000|100%| E|CS|TAMS 0x000000070fc00000| PB 0x000000070fc00000| Complete |  0
|  93|0x000000070fe00000, 0x0000000710000000, 0x0000000710000000|100%| E|CS|TAMS 0x000000070fe00000| PB 0x000000070fe00000| Complete |  0
|  94|0x0000000710000000, 0x0000000710200000, 0x0000000710200000|100%| E|CS|TAMS 0x0000000710000000| PB 0x0000000710000000| Complete |  0
|  95|0x0000000710200000, 0x0000000710400000, 0x0000000710400000|100%| E|CS|TAMS 0x0000000710200000| PB 0x0000000710200000| Complete |  0
|  96|0x0000000710400000, 0x0000000710600000, 0x0000000710600000|100%| E|CS|TAMS 0x0000000710400000| PB 0x0000000710400000| Complete |  0
|  97|0x0000000710600000, 0x0000000710800000, 0x0000000710800000|100%| E|CS|TAMS 0x0000000710600000| PB 0x0000000710600000| Complete |  0
|  98|0x0000000710800000, 0x0000000710a00000, 0x0000000710a00000|100%| E|CS|TAMS 0x0000000710800000| PB 0x0000000710800000| Complete |  0
|  99|0x0000000710a00000, 0x0000000710a45540, 0x0000000710c00000| 13%| S|CS|TAMS 0x0000000710a00000| PB 0x0000000710a00000| Complete |  0
| 100|0x0000000710c00000, 0x0000000710e00000, 0x0000000710e00000|100%| S|CS|TAMS 0x0000000710c00000| PB 0x0000000710c00000| Complete |  0
| 101|0x0000000710e00000, 0x0000000711000000, 0x0000000711000000|100%| S|CS|TAMS 0x0000000710e00000| PB 0x0000000710e00000| Complete |  0
| 102|0x0000000711000000, 0x0000000711200000, 0x0000000711200000|100%| E|CS|TAMS 0x0000000711000000| PB 0x0000000711000000| Complete |  0
| 103|0x0000000711200000, 0x0000000711400000, 0x0000000711400000|100%| E|CS|TAMS 0x0000000711200000| PB 0x0000000711200000| Complete |  0
| 104|0x0000000711400000, 0x0000000711600000, 0x0000000711600000|100%| E|CS|TAMS 0x0000000711400000| PB 0x0000000711400000| Complete |  0
| 105|0x0000000711600000, 0x0000000711800000, 0x0000000711800000|100%| E|CS|TAMS 0x0000000711600000| PB 0x0000000711600000| Complete |  0
| 106|0x0000000711800000, 0x0000000711a00000, 0x0000000711a00000|100%| E|CS|TAMS 0x0000000711800000| PB 0x0000000711800000| Complete |  0
| 107|0x0000000711a00000, 0x0000000711c00000, 0x0000000711c00000|100%| E|CS|TAMS 0x0000000711a00000| PB 0x0000000711a00000| Complete |  0
| 108|0x0000000711c00000, 0x0000000711e00000, 0x0000000711e00000|100%| E|CS|TAMS 0x0000000711c00000| PB 0x0000000711c00000| Complete |  0
| 109|0x0000000711e00000, 0x0000000712000000, 0x0000000712000000|100%| E|CS|TAMS 0x0000000711e00000| PB 0x0000000711e00000| Complete |  0
| 110|0x0000000712000000, 0x0000000712200000, 0x0000000712200000|100%| E|CS|TAMS 0x0000000712000000| PB 0x0000000712000000| Complete |  0
| 111|0x0000000712200000, 0x0000000712400000, 0x0000000712400000|100%| E|CS|TAMS 0x0000000712200000| PB 0x0000000712200000| Complete |  0
| 112|0x0000000712400000, 0x0000000712600000, 0x0000000712600000|100%| E|CS|TAMS 0x0000000712400000| PB 0x0000000712400000| Complete |  0
| 113|0x0000000712600000, 0x0000000712800000, 0x0000000712800000|100%| E|CS|TAMS 0x0000000712600000| PB 0x0000000712600000| Complete |  0
| 114|0x0000000712800000, 0x0000000712a00000, 0x0000000712a00000|100%| E|CS|TAMS 0x0000000712800000| PB 0x0000000712800000| Complete |  0
| 115|0x0000000712a00000, 0x0000000712c00000, 0x0000000712c00000|100%| E|CS|TAMS 0x0000000712a00000| PB 0x0000000712a00000| Complete |  0
| 116|0x0000000712c00000, 0x0000000712e00000, 0x0000000712e00000|100%| E|CS|TAMS 0x0000000712c00000| PB 0x0000000712c00000| Complete |  0
| 117|0x0000000712e00000, 0x0000000713000000, 0x0000000713000000|100%| E|CS|TAMS 0x0000000712e00000| PB 0x0000000712e00000| Complete |  0
| 118|0x0000000713000000, 0x0000000713200000, 0x0000000713200000|100%| E|CS|TAMS 0x0000000713000000| PB 0x0000000713000000| Complete |  0
| 119|0x0000000713200000, 0x0000000713400000, 0x0000000713400000|100%| E|CS|TAMS 0x0000000713200000| PB 0x0000000713200000| Complete |  0
| 120|0x0000000713400000, 0x0000000713600000, 0x0000000713600000|100%| E|CS|TAMS 0x0000000713400000| PB 0x0000000713400000| Complete |  0
| 121|0x0000000713600000, 0x0000000713800000, 0x0000000713800000|100%| E|CS|TAMS 0x0000000713600000| PB 0x0000000713600000| Complete |  0
| 122|0x0000000713800000, 0x0000000713a00000, 0x0000000713a00000|100%| E|CS|TAMS 0x0000000713800000| PB 0x0000000713800000| Complete |  0
| 123|0x0000000713a00000, 0x0000000713c00000, 0x0000000713c00000|100%| E|CS|TAMS 0x0000000713a00000| PB 0x0000000713a00000| Complete |  0
| 124|0x0000000713c00000, 0x0000000713e00000, 0x0000000713e00000|100%| E|CS|TAMS 0x0000000713c00000| PB 0x0000000713c00000| Complete |  0
| 125|0x0000000713e00000, 0x0000000714000000, 0x0000000714000000|100%| E|CS|TAMS 0x0000000713e00000| PB 0x0000000713e00000| Complete |  0
|2013|0x00000007ffe00000, 0x00000007fff1d1c0, 0x0000000800000000| 55%| O|  |TAMS 0x00000007ffe00000| PB 0x00000007ffe00000| Untracked |  0

Card table byte_map: [0x0000020bc3e20000,0x0000020bc4600000] _byte_map_base: 0x0000020bc05fe000

Marking Bits: (CMBitMap*) 0x0000020bab578d70
 Bits: [0x0000020bc4600000, 0x0000020bc84f0000)

Polling page: 0x0000020ba96f0000

Metaspace:

Usage:
  Non-class:     13.93 MB used.
      Class:      1.49 MB used.
       Both:     15.41 MB used.

Virtual space:
  Non-class space:       64.00 MB reserved,      14.06 MB ( 22%) committed,  1 nodes.
      Class space:        1.00 GB reserved,       1.62 MB ( <1%) committed,  1 nodes.
             Both:        1.06 GB reserved,      15.69 MB (  1%) committed. 

Chunk freelists:
   Non-Class:  1.88 MB
       Class:  14.36 MB
        Both:  16.23 MB

MaxMetaspaceSize: unlimited
CompressedClassSpaceSize: 1.00 GB
Initial GC threshold: 21.00 MB
Current GC threshold: 21.00 MB
CDS: on
 - commit_granule_bytes: 65536.
 - commit_granule_words: 8192.
 - virtual_space_node_default_size: 8388608.
 - enlarge_chunks_in_place: 1.
UseCompressedClassPointers 1, UseCompactObjectHeaders 0
Narrow klass pointer bits 32, Max shift 3
Narrow klass base: 0x0000020bcc000000, Narrow klass shift: 0
Encoding Range: [0x0000020bcc000000 - 0x0000020ccc000000), (4294967296 bytes)
Klass Range:    [0x0000020bcc000000 - 0x0000020c0d000000), (1090519040 bytes)
Klass ID Range:  [8 - 1090519033) (1090519025)


Internal statistics:

num_allocs_failed_limit: 0.
num_arena_births: 180.
num_arena_deaths: 0.
num_vsnodes_births: 2.
num_vsnodes_deaths: 0.
num_space_committed: 251.
num_space_uncommitted: 0.
num_chunks_returned_to_freelist: 0.
num_chunks_taken_from_freelist: 692.
num_chunk_merges: 0.
num_chunk_splits: 483.
num_chunks_enlarged: 391.
num_inconsistent_stats: 0.

CodeHeap 'non-profiled nmethods': size=119232Kb used=1520Kb max_used=1520Kb free=117712Kb
 bounds [0x0000020bbb940000, 0x0000020bbbbb0000, 0x0000020bc2db0000]
CodeHeap 'profiled nmethods': size=119104Kb used=7313Kb max_used=7313Kb free=111790Kb
 bounds [0x0000020bb3db0000, 0x0000020bb44e0000, 0x0000020bbb200000]
CodeHeap 'non-nmethods': size=7424Kb used=1340Kb max_used=3091Kb free=6084Kb
 bounds [0x0000020bbb200000, 0x0000020bbb510000, 0x0000020bbb940000]
CodeCache: size=245760Kb, used=10173Kb, max_used=11924Kb, free=235586Kb
 total_blobs=4720, nmethods=4220, adapters=403, full_count=0
Compilation: enabled, stopped_count=0, restarted_count=0

Compilation events (20 events):
Event: 1.822 Thread 0x0000020c11664470 nmethod 4165 0x0000020bbbab1388 code [0x0000020bbbab14a0, 0x0000020bbbab15b8]
Event: 1.822 Thread 0x0000020bcb4b7300 nmethod 4164 0x0000020bbbab1688 code [0x0000020bbbab17a0, 0x0000020bbbab18b8]
Event: 1.822 Thread 0x0000020bcb5a7000 4167       3       java.lang.Class::enumConstantDirectory (107 bytes)
Event: 1.822 Thread 0x0000020c116966c0 4166       3       java.lang.Enum::valueOf (73 bytes)
Event: 1.823 Thread 0x0000020bcb4b6820 4168       4       java.io.WinNTFileSystem::normalize (224 bytes)
Event: 1.823 Thread 0x0000020c116966c0 nmethod 4166 0x0000020bb44bf988 code [0x0000020bb44bfbc0, 0x0000020bb44c0a88]
Event: 1.823 Thread 0x0000020bcb5a7000 nmethod 4167 0x0000020bb44c0b08 code [0x0000020bb44c0d20, 0x0000020bb44c1b68]
Event: 1.824 Thread 0x0000020c1188cab0 nmethod 4159 0x0000020bbbab1988 code [0x0000020bbbab1aa0, 0x0000020bbbab1be0]
Event: 1.824 Thread 0x0000020c11a69230 nmethod 4161 0x0000020bbbab1c88 code [0x0000020bbbab1da0, 0x0000020bbbab1ec0]
Event: 1.836 Thread 0x0000020c116966c0 4169       3       org.apache.maven.model.merge.ModelMerger$MergingList::iterator (32 bytes)
Event: 1.836 Thread 0x0000020c116966c0 nmethod 4169 0x0000020bb44c1c08 code [0x0000020bb44c1d60, 0x0000020bb44c2118]
Event: 1.836 Thread 0x0000020c1188cab0 4170       4       java.util.regex.Pattern$CharPropertyGreedy::match (160 bytes)
Event: 1.837 Thread 0x0000020bcb5a7000 4171       3       java.util.TreeMap::addEntryToEmptyMap (37 bytes)
Event: 1.837 Thread 0x0000020bcb5a7000 nmethod 4171 0x0000020bb44c2188 code [0x0000020bb44c2300, 0x0000020bb44c2a50]
Event: 1.843 Thread 0x0000020bcb4b7300 4172   !   3       org.apache.maven.model.RepositoryPolicy::clone (73 bytes)
Event: 1.844 Thread 0x0000020bcb5a7000 4173       1       org.apache.maven.model.FileSet::setDirectory (6 bytes)
Event: 1.844 Thread 0x0000020bcb5a7000 nmethod 4173 0x0000020bbbab1f88 code [0x0000020bbbab20a0, 0x0000020bbbab21b8]
Event: 2.844 Thread 0x0000020bcb4b7300 nmethod 4172 0x0000020bb44c2a88 code [0x0000020bb44c2cc0, 0x0000020bb44c3d68]
Event: 2.845 Thread 0x0000020bcb5a7000 4175       1       org.apache.maven.model.Model::getModelVersion (5 bytes)
Event: 2.845 Thread 0x0000020bcb5a7000 nmethod 4175 0x0000020bbbab2288 code [0x0000020bbbab2380, 0x0000020bbbab2448]

GC Heap History (2 events):
Event: 0.905 GC heap before
{Heap before GC invocations=0 (full 0):
 garbage-first heap   total reserved 4124672K, committed 260096K, used 50292K [0x0000000704400000, 0x0000000800000000)
  region size 2048K, 24 young (49152K), 0 survivors (0K)
 Metaspace       used 9431K, committed 9600K, reserved 1114112K
  class space    used 842K, committed 960K, reserved 1048576K
}
Event: 0.908 GC heap after
{Heap after GC invocations=1 (full 0):
 garbage-first heap   total reserved 4124672K, committed 260096K, used 5513K [0x0000000704400000, 0x0000000800000000)
  region size 2048K, 3 young (6144K), 3 survivors (6144K)
 Metaspace       used 9431K, committed 9600K, reserved 1114112K
  class space    used 842K, committed 960K, reserved 1048576K
}

Dll operation events (8 events):
Event: 0.006 Loaded shared library C:\Program Files\Java\jdk-24\bin\java.dll
Event: 0.028 Loaded shared library C:\Program Files\Java\jdk-24\bin\jsvml.dll
Event: 0.033 Loaded shared library C:\Program Files\Java\jdk-24\bin\net.dll
Event: 0.034 Loaded shared library C:\Program Files\Java\jdk-24\bin\nio.dll
Event: 0.036 Loaded shared library C:\Program Files\Java\jdk-24\bin\zip.dll
Event: 0.149 Loaded shared library C:\Program Files\Java\jdk-24\bin\jimage.dll
Event: 0.151 Loaded shared library C:\Users\PinkDiamond\.m2\wrapper\dists\apache-maven-3.9.9\977a63e90f436cd6ade95b4c0e10c20c\lib\jansi-native\Windows\x86_64\jansi.dll
Event: 0.160 Loaded shared library C:\Program Files\Java\jdk-24\bin\verify.dll

Deoptimization events (20 events):
Event: 1.813 Thread 0x0000020ba9256fd0 DEOPT PACKING pc=0x0000020bbbaacb8c sp=0x000000a8acbfda20
Event: 1.813 Thread 0x0000020ba9256fd0 DEOPT UNPACKING pc=0x0000020bbb316482 sp=0x000000a8acbfd9b0 mode 2
Event: 1.813 Thread 0x0000020ba9256fd0 Uncommon trap: trap_request=0xffffffbe fr.pc=0x0000020bbbaacb8c relative=0x0000000000000c8c
Event: 1.813 Thread 0x0000020ba9256fd0 Uncommon trap: reason=profile_predicate action=maybe_recompile pc=0x0000020bbbaacb8c method=java.util.regex.Pattern$CharPropertyGreedy.match(Ljava/util/regex/Matcher;ILjava/lang/CharSequence;)Z @ 15 c2
Event: 1.813 Thread 0x0000020ba9256fd0 DEOPT PACKING pc=0x0000020bbbaacb8c sp=0x000000a8acbfd660
Event: 1.813 Thread 0x0000020ba9256fd0 DEOPT UNPACKING pc=0x0000020bbb316482 sp=0x000000a8acbfd5f0 mode 2
Event: 1.813 Thread 0x0000020ba9256fd0 Uncommon trap: trap_request=0xffffffbe fr.pc=0x0000020bbbaacb8c relative=0x0000000000000c8c
Event: 1.813 Thread 0x0000020ba9256fd0 Uncommon trap: reason=profile_predicate action=maybe_recompile pc=0x0000020bbbaacb8c method=java.util.regex.Pattern$CharPropertyGreedy.match(Ljava/util/regex/Matcher;ILjava/lang/CharSequence;)Z @ 15 c2
Event: 1.813 Thread 0x0000020ba9256fd0 DEOPT PACKING pc=0x0000020bbbaacb8c sp=0x000000a8acbfd660
Event: 1.813 Thread 0x0000020ba9256fd0 DEOPT UNPACKING pc=0x0000020bbb316482 sp=0x000000a8acbfd5f0 mode 2
Event: 1.813 Thread 0x0000020ba9256fd0 Uncommon trap: trap_request=0xffffffbe fr.pc=0x0000020bbbaacb8c relative=0x0000000000000c8c
Event: 1.813 Thread 0x0000020ba9256fd0 Uncommon trap: reason=profile_predicate action=maybe_recompile pc=0x0000020bbbaacb8c method=java.util.regex.Pattern$CharPropertyGreedy.match(Ljava/util/regex/Matcher;ILjava/lang/CharSequence;)Z @ 15 c2
Event: 1.813 Thread 0x0000020ba9256fd0 DEOPT PACKING pc=0x0000020bbbaacb8c sp=0x000000a8acbfd440
Event: 1.813 Thread 0x0000020ba9256fd0 DEOPT UNPACKING pc=0x0000020bbb316482 sp=0x000000a8acbfd3f0 mode 2
Event: 1.818 Thread 0x0000020ba9256fd0 Uncommon trap: trap_request=0xffffff4d fr.pc=0x0000020bbbab032c relative=0x000000000000120c
Event: 1.819 Thread 0x0000020ba9256fd0 Uncommon trap: reason=unstable_if action=reinterpret pc=0x0000020bbbab032c method=org.codehaus.plexus.util.xml.pull.MXParser.nextImpl()I @ 973 c2
Event: 1.819 Thread 0x0000020ba9256fd0 DEOPT PACKING pc=0x0000020bbbab032c sp=0x000000a8acbfdc90
Event: 1.819 Thread 0x0000020ba9256fd0 DEOPT UNPACKING pc=0x0000020bbb316482 sp=0x000000a8acbfdc08 mode 2
Event: 1.823 Thread 0x0000020ba9256fd0 DEOPT PACKING pc=0x0000020bb3e5ec06 sp=0x000000a8acbfda10
Event: 1.823 Thread 0x0000020ba9256fd0 DEOPT UNPACKING pc=0x0000020bbb255722 sp=0x000000a8acbfcf10 mode 0

Classes loaded (20 events):
Event: 1.409 Loading class java/util/AbstractMap$2
Event: 1.409 Loading class java/util/AbstractMap$2 done
Event: 1.409 Loading class java/util/AbstractMap$ValueIterator
Event: 1.409 Loading class java/util/AbstractMap$ValueIterator done
Event: 1.456 Loading class java/util/stream/IntStream
Event: 1.456 Loading class java/util/stream/IntStream done
Event: 1.456 Loading class java/util/Spliterators$EmptySpliterator$OfInt
Event: 1.456 Loading class java/util/Spliterator$OfInt
Event: 1.456 Loading class java/util/Spliterator$OfPrimitive
Event: 1.457 Loading class java/util/Spliterator$OfPrimitive done
Event: 1.457 Loading class java/util/Spliterator$OfInt done
Event: 1.457 Loading class java/util/Spliterators$EmptySpliterator$OfInt done
Event: 1.457 Loading class java/util/stream/IntPipeline$Head
Event: 1.457 Loading class java/util/stream/IntPipeline
Event: 1.457 Loading class java/util/stream/IntPipeline done
Event: 1.457 Loading class java/util/stream/IntPipeline$Head done
Event: 1.461 Loading class java/util/StringTokenizer
Event: 1.461 Loading class java/util/StringTokenizer done
Event: 1.501 Loading class java/util/stream/Streams$RangeIntSpliterator
Event: 1.501 Loading class java/util/stream/Streams$RangeIntSpliterator done

Classes unloaded (0 events):
No events

Classes redefined (0 events):
No events

Internal exceptions (20 events):
Event: 1.019 Thread 0x0000020ba9256fd0 Exception <a 'java/lang/NoSuchMethodError'{0x0000000713637430}: 'long java.lang.invoke.DelegatingMethodHandle$Holder.reinvoke_L(java.lang.Object, java.lang.Object, java.lang.Object)'> (0x0000000713637430) 
thrown [s\open\src\hotspot\share\interpreter\linkResolver.cpp, line 805]
Event: 1.041 Thread 0x0000020ba9256fd0 Exception <a 'java/lang/NoSuchMethodError'{0x0000000713745970}: 'long java.lang.invoke.DelegatingMethodHandle$Holder.reinvoke_L(java.lang.Object, java.lang.Object, int)'> (0x0000000713745970) 
thrown [s\open\src\hotspot\share\interpreter\linkResolver.cpp, line 805]
Event: 1.042 Thread 0x0000020ba9256fd0 Exception <a 'java/lang/NoSuchMethodError'{0x000000071375d260}: 'java.lang.Object java.lang.invoke.DirectMethodHandle$Holder.invokeStatic(java.lang.Object, java.lang.Object, java.lang.Object, java.lang.Object, int)'> (0x000000071375d260) 
thrown [s\open\src\hotspot\share\interpreter\linkResolver.cpp, line 805]
Event: 1.043 Thread 0x0000020ba9256fd0 Exception <a 'java/lang/NoSuchMethodError'{0x000000071376e970}: 'java.lang.Object java.lang.invoke.DirectMethodHandle$Holder.invokeSpecial(java.lang.Object, java.lang.Object, java.lang.Object, java.lang.Object, long)'> (0x000000071376e970) 
thrown [s\open\src\hotspot\share\interpreter\linkResolver.cpp, line 805]
Event: 1.047 Thread 0x0000020ba9256fd0 Exception <a 'java/lang/NoSuchMethodError'{0x00000007137c4a30}: 'java.lang.Object java.lang.invoke.DirectMethodHandle$Holder.invokeStatic(java.lang.Object, java.lang.Object, java.lang.Object, java.lang.Object, java.lang.Object, java.lang.Object, java.lang.Object, java.lang.Object)'> (0x00000007137c4a30) 
thrown [s\open\src\hotspot\share\interpreter\linkResolver.cpp, line 805]
Event: 1.047 Thread 0x0000020ba9256fd0 Exception <a 'java/lang/NoSuchMethodError'{0x00000007137d7d90}: 'java.lang.Object java.lang.invoke.Invokers$Holder.invokeExact_MT(java.lang.Object, java.lang.Object, java.lang.Object, java.lang.Object, java.lang.Object, java.lang.Object)'> (0x00000007137d7d90) 
thrown [s\open\src\hotspot\share\interpreter\linkResolver.cpp, line 805]
Event: 1.048 Thread 0x0000020ba9256fd0 Implicit null exception at 0x0000020bbb9b81bd to 0x0000020bbb9b8350
Event: 1.050 Thread 0x0000020ba9256fd0 Exception <a 'java/lang/NoSuchMethodError'{0x00000007137f12d8}: 'java.lang.Object java.lang.invoke.Invokers$Holder.invokeExact_MT(java.lang.Object, int, java.lang.Object)'> (0x00000007137f12d8) 
thrown [s\open\src\hotspot\share\interpreter\linkResolver.cpp, line 805]
Event: 1.204 Thread 0x0000020ba9256fd0 Exception <a 'java/lang/NoSuchMethodError'{0x0000000712fc4330}: 'void java.lang.invoke.Invokers$Holder.invokeExact_MT(java.lang.Object, java.lang.Object, java.lang.Object, java.lang.Object)'> (0x0000000712fc4330) 
thrown [s\open\src\hotspot\share\interpreter\linkResolver.cpp, line 805]
Event: 1.220 Thread 0x0000020ba9256fd0 Exception <a 'java/lang/NoClassDefFoundError'{0x0000000712c669d8}: com/google/inject/servlet/ServletModuleTargetVisitor> (0x0000000712c669d8) 
thrown [s\open\src\hotspot\share\classfile\systemDictionary.cpp, line 316]
Event: 1.272 Thread 0x0000020ba9256fd0 Exception <a 'java/lang/NoSuchMethodError'{0x0000000712a21740}: 'void java.lang.invoke.DirectMethodHandle$Holder.invokeVirtual(java.lang.Object, java.lang.Object)'> (0x0000000712a21740) 
thrown [s\open\src\hotspot\share\interpreter\linkResolver.cpp, line 805]
Event: 1.301 Thread 0x0000020ba9256fd0 Exception <a 'java/lang/NoSuchMethodError'{0x0000000712abec88}: 'java.lang.Object java.lang.invoke.DirectMethodHandle$Holder.invokeStaticInit(java.lang.Object, int, int, int, int)'> (0x0000000712abec88) 
thrown [s\open\src\hotspot\share\interpreter\linkResolver.cpp, line 805]
Event: 1.389 Thread 0x0000020ba9256fd0 Implicit null exception at 0x0000020bbb98a894 to 0x0000020bbb98ae58
Event: 1.389 Thread 0x0000020ba9256fd0 Implicit null exception at 0x0000020bbb97cb90 to 0x0000020bbb97d144
Event: 1.415 Thread 0x0000020ba9256fd0 Exception <a 'java/lang/NoSuchMethodError'{0x00000007127f1cf0}: 'void java.lang.invoke.DirectMethodHandle$Holder.invokeSpecial(java.lang.Object, java.lang.Object, java.lang.Object, java.lang.Object, java.lang.Object)'> (0x00000007127f1cf0) 
thrown [s\open\src\hotspot\share\interpreter\linkResolver.cpp, line 805]
Event: 1.418 Thread 0x0000020ba9256fd0 Exception <a 'java/lang/NoSuchMethodError'{0x000000071242a0e0}: 'void java.lang.invoke.DirectMethodHandle$Holder.invokeSpecial(java.lang.Object, java.lang.Object, java.lang.Object, java.lang.Object, java.lang.Object, java.lang.Object)'> (0x000000071242a0e0) 
thrown [s\open\src\hotspot\share\interpreter\linkResolver.cpp, line 805]
Event: 1.427 Thread 0x0000020ba9256fd0 Exception <a 'java/lang/NoSuchMethodError'{0x00000007125259a8}: 'java.lang.Object java.lang.invoke.DirectMethodHandle$Holder.invokeVirtual(java.lang.Object, java.lang.Object, java.lang.Object)'> (0x00000007125259a8) 
thrown [s\open\src\hotspot\share\interpreter\linkResolver.cpp, line 805]
Event: 1.468 Thread 0x0000020ba9256fd0 Exception <a 'java/lang/NoSuchMethodError'{0x00000007122a0e90}: 'void java.lang.invoke.DirectMethodHandle$Holder.invokeVirtual(java.lang.Object, java.lang.Object, int)'> (0x00000007122a0e90) 
thrown [s\open\src\hotspot\share\interpreter\linkResolver.cpp, line 805]
Event: 1.468 Thread 0x0000020ba9256fd0 Exception <a 'java/lang/NoSuchMethodError'{0x00000007122a9648}: 'void java.lang.invoke.DirectMethodHandle$Holder.invokeSpecial(java.lang.Object, java.lang.Object, java.lang.Object, int)'> (0x00000007122a9648) 
thrown [s\open\src\hotspot\share\interpreter\linkResolver.cpp, line 805]
Event: 1.469 Thread 0x0000020ba9256fd0 Exception <a 'java/lang/NoSuchMethodError'{0x00000007122b19a8}: 'void java.lang.invoke.DelegatingMethodHandle$Holder.reinvoke_L(java.lang.Object, java.lang.Object, int)'> (0x00000007122b19a8) 
thrown [s\open\src\hotspot\share\interpreter\linkResolver.cpp, line 805]

VM Operations (20 events):
Event: 1.023 Executing VM operation: HandshakeAllThreads (Deoptimize)
Event: 1.023 Executing VM operation: HandshakeAllThreads (Deoptimize) done
Event: 1.076 Executing VM operation: HandshakeAllThreads (Deoptimize)
Event: 1.076 Executing VM operation: HandshakeAllThreads (Deoptimize) done
Event: 1.078 Executing VM operation: HandshakeAllThreads (Deoptimize)
Event: 1.078 Executing VM operation: HandshakeAllThreads (Deoptimize) done
Event: 1.114 Executing VM operation: HandshakeAllThreads (Deoptimize)
Event: 1.114 Executing VM operation: HandshakeAllThreads (Deoptimize) done
Event: 1.200 Executing VM operation: HandshakeAllThreads (Deoptimize)
Event: 1.200 Executing VM operation: HandshakeAllThreads (Deoptimize) done
Event: 1.278 Executing VM operation: HandshakeAllThreads (Deoptimize)
Event: 1.278 Executing VM operation: HandshakeAllThreads (Deoptimize) done
Event: 1.312 Executing VM operation: HandshakeAllThreads (Deoptimize)
Event: 1.312 Executing VM operation: HandshakeAllThreads (Deoptimize) done
Event: 1.332 Executing VM operation: HandshakeAllThreads (Deoptimize)
Event: 1.333 Executing VM operation: HandshakeAllThreads (Deoptimize) done
Event: 1.369 Executing VM operation: HandshakeAllThreads (Deoptimize)
Event: 1.369 Executing VM operation: HandshakeAllThreads (Deoptimize) done
Event: 1.370 Executing VM operation: HandshakeAllThreads (Deoptimize)
Event: 1.370 Executing VM operation: HandshakeAllThreads (Deoptimize) done

Memory protections (0 events):
No events

Nmethod flushes (0 events):
No events

Events (20 events):
Event: 0.026 Thread 0x0000020ba9256fd0 Thread added: 0x0000020bcb4aba50
Event: 0.026 Thread 0x0000020ba9256fd0 Thread added: 0x0000020bcb4ac2c0
Event: 0.026 Thread 0x0000020ba9256fd0 Thread added: 0x0000020bcb4b0b40
Event: 0.026 Thread 0x0000020ba9256fd0 Thread added: 0x0000020bcb4b13b0
Event: 0.026 Thread 0x0000020ba9256fd0 Thread added: 0x0000020bcb4b6820
Event: 0.027 Thread 0x0000020ba9256fd0 Thread added: 0x0000020bcb4b7300
Event: 0.030 Thread 0x0000020ba9256fd0 Thread added: 0x0000020bcb55d3b0
Event: 0.032 Thread 0x0000020ba9256fd0 Thread added: 0x0000020bcb561320
Event: 0.057 Thread 0x0000020bcb4b7300 Thread added: 0x0000020bcb5a7000
Event: 0.076 Thread 0x0000020bcb4b6820 Thread added: 0x0000020bcb672340
Event: 0.148 Thread 0x0000020ba9256fd0 Thread added: 0x0000020c1107b250
Event: 0.155 Thread 0x0000020c1107b250 Thread exited: 0x0000020c1107b250
Event: 0.238 Thread 0x0000020bcb4b7300 Thread added: 0x0000020c116966c0
Event: 0.238 Thread 0x0000020bcb4b7300 Thread added: 0x0000020c11664470
Event: 0.477 Thread 0x0000020bcb4b7300 Thread added: 0x0000020c1188cab0
Event: 0.477 Thread 0x0000020bcb4b7300 Thread added: 0x0000020c1185d6f0
Event: 0.477 Thread 0x0000020bcb4b7300 Thread added: 0x0000020c11a69230
Event: 2.844 Thread 0x0000020c11664470 Thread exited: 0x0000020c11664470
Event: 2.844 Thread 0x0000020c11a69230 Thread exited: 0x0000020c11a69230
Event: 2.844 Thread 0x0000020c116966c0 Thread exited: 0x0000020c116966c0


Dynamic libraries:
0x00007ff7afae0000 - 0x00007ff7afaf0000 	C:\Program Files\Java\jdk-24\bin\java.exe
0x00007ffff9960000 - 0x00007ffff9bc7000 	C:\WINDOWS\SYSTEM32\ntdll.dll
0x00007ffff8b90000 - 0x00007ffff8c59000 	C:\WINDOWS\System32\KERNEL32.DLL
0x00007ffff6bd0000 - 0x00007ffff6fc0000 	C:\WINDOWS\System32\KERNELBASE.dll
0x00007ffff7060000 - 0x00007ffff71ab000 	C:\WINDOWS\System32\ucrtbase.dll
0x00007fffb7930000 - 0x00007fffb7946000 	C:\Program Files\Java\jdk-24\bin\jli.dll
0x00007fffb5ea0000 - 0x00007fffb5ebb000 	C:\Program Files\Java\jdk-24\bin\VCRUNTIME140.dll
0x00007ffff9150000 - 0x00007ffff9315000 	C:\WINDOWS\System32\USER32.dll
0x00007ffff76c0000 - 0x00007ffff76e7000 	C:\WINDOWS\System32\win32u.dll
0x00007fffda660000 - 0x00007fffda8fa000 	C:\WINDOWS\WinSxS\amd64_microsoft.windows.common-controls_6595b64144ccf1df_6.0.26100.4768_none_3e0c112ce331287c\COMCTL32.dll
0x00007ffff93a0000 - 0x00007ffff93cb000 	C:\WINDOWS\System32\GDI32.dll
0x00007ffff8e40000 - 0x00007ffff8ee9000 	C:\WINDOWS\System32\msvcrt.dll
0x00007ffff6a90000 - 0x00007ffff6bc8000 	C:\WINDOWS\System32\gdi32full.dll
0x00007ffff7330000 - 0x00007ffff73d3000 	C:\WINDOWS\System32\msvcp_win.dll
0x00007ffff8b20000 - 0x00007ffff8b4f000 	C:\WINDOWS\System32\IMM32.DLL
0x00007fffcc2b0000 - 0x00007fffcc2bc000 	C:\Program Files\Java\jdk-24\bin\vcruntime140_1.dll
0x00007fff90300000 - 0x00007fff9038e000 	C:\Program Files\Java\jdk-24\bin\msvcp140.dll
0x00007fff82410000 - 0x00007fff831b2000 	C:\Program Files\Java\jdk-24\bin\server\jvm.dll
0x00007ffff9090000 - 0x00007ffff9144000 	C:\WINDOWS\System32\ADVAPI32.dll
0x00007ffff81f0000 - 0x00007ffff8296000 	C:\WINDOWS\System32\sechost.dll
0x00007ffff8cc0000 - 0x00007ffff8dd8000 	C:\WINDOWS\System32\RPCRT4.dll
0x00007ffff8f10000 - 0x00007ffff8f84000 	C:\WINDOWS\System32\WS2_32.dll
0x00007ffff5f20000 - 0x00007ffff5f7e000 	C:\WINDOWS\SYSTEM32\POWRPROF.dll
0x00007fffebea0000 - 0x00007fffebed5000 	C:\WINDOWS\SYSTEM32\WINMM.dll
0x00007fffeeed0000 - 0x00007fffeeedb000 	C:\WINDOWS\SYSTEM32\VERSION.dll
0x00007ffff5ed0000 - 0x00007ffff5ee4000 	C:\WINDOWS\SYSTEM32\UMPDC.dll
0x00007ffff57a0000 - 0x00007ffff57bb000 	C:\WINDOWS\SYSTEM32\kernel.appcore.dll
0x00007fffc8750000 - 0x00007fffc875a000 	C:\Program Files\Java\jdk-24\bin\jimage.dll
0x00007ffff4230000 - 0x00007ffff4471000 	C:\WINDOWS\SYSTEM32\DBGHELP.DLL
0x00007ffff93d0000 - 0x00007ffff9755000 	C:\WINDOWS\System32\combase.dll
0x00007ffff8410000 - 0x00007ffff84f0000 	C:\WINDOWS\System32\OLEAUT32.dll
0x00007fffd4ae0000 - 0x00007fffd4b23000 	C:\WINDOWS\SYSTEM32\dbgcore.DLL
0x00007ffff7620000 - 0x00007ffff76b9000 	C:\WINDOWS\System32\bcryptPrimitives.dll
0x00007fffb58f0000 - 0x00007fffb590e000 	C:\Program Files\Java\jdk-24\bin\java.dll
0x00007ffff76f0000 - 0x00007ffff7890000 	C:\WINDOWS\System32\ole32.dll
0x00007ffff7aa0000 - 0x00007ffff81ed000 	C:\WINDOWS\System32\SHELL32.dll
0x00007ffff73e0000 - 0x00007ffff7553000 	C:\WINDOWS\System32\wintypes.dll
0x00007ffff4650000 - 0x00007ffff4eb0000 	C:\WINDOWS\SYSTEM32\windows.storage.dll
0x00007ffff8f90000 - 0x00007ffff9085000 	C:\WINDOWS\System32\SHCORE.dll
0x00007ffff89b0000 - 0x00007ffff8a1a000 	C:\WINDOWS\System32\shlwapi.dll
0x00007ffff69b0000 - 0x00007ffff69d9000 	C:\WINDOWS\SYSTEM32\profapi.dll
0x00007fff8e640000 - 0x00007fff8e717000 	C:\Program Files\Java\jdk-24\bin\jsvml.dll
0x00007fffc5b90000 - 0x00007fffc5ba0000 	C:\Program Files\Java\jdk-24\bin\net.dll
0x00007ffff5e30000 - 0x00007ffff5e9b000 	C:\WINDOWS\system32\mswsock.dll
0x00007fffb58d0000 - 0x00007fffb58e6000 	C:\Program Files\Java\jdk-24\bin\nio.dll
0x00007fffb1c60000 - 0x00007fffb1c77000 	C:\Program Files\Java\jdk-24\bin\zip.dll
0x00007fffcac80000 - 0x00007fffcaca4000 	C:\Users\PinkDiamond\.m2\wrapper\dists\apache-maven-3.9.9\977a63e90f436cd6ade95b4c0e10c20c\lib\jansi-native\Windows\x86_64\jansi.dll
0x00007fffd9620000 - 0x00007fffd9630000 	C:\Program Files\Java\jdk-24\bin\verify.dll

JVMTI agents: none

dbghelp: loaded successfully - version: 4.0.5 - missing functions: none
symbol engine: initialized successfully - sym options: 0x614 - pdb path: .;C:\Program Files\Java\jdk-24\bin;C:\WINDOWS\SYSTEM32;C:\WINDOWS\WinSxS\amd64_microsoft.windows.common-controls_6595b64144ccf1df_6.0.26100.4768_none_3e0c112ce331287c;C:\Program Files\Java\jdk-24\bin\server;C:\Users\PinkDiamond\.m2\wrapper\dists\apache-maven-3.9.9\977a63e90f436cd6ade95b4c0e10c20c\lib\jansi-native\Windows\x86_64

VM Arguments:
jvm_args: -Dclassworlds.conf=C:\Users\PinkDiamond\.m2\wrapper\dists\apache-maven-3.9.9\977a63e90f436cd6ade95b4c0e10c20c\bin\m2.conf -Dmaven.home=C:\Users\PinkDiamond\.m2\wrapper\dists\apache-maven-3.9.9\977a63e90f436cd6ade95b4c0e10c20c -Dlibrary.jansi.path=C:\Users\PinkDiamond\.m2\wrapper\dists\apache-maven-3.9.9\977a63e90f436cd6ade95b4c0e10c20c\lib\jansi-native -Dmaven.multiModuleProjectDirectory=d:\ProjectVSCode\SWP391-G4-BLOCK5-main 
java_command: org.codehaus.plexus.classworlds.launcher.Launcher -q help:effective-pom -Doutput=d:\ProjectVSCode\SWP391-G4-BLOCK5-main\effective-pom.xml
java_class_path (initial): C:\Users\PinkDiamond\.m2\wrapper\dists\apache-maven-3.9.9\977a63e90f436cd6ade95b4c0e10c20c\boot\plexus-classworlds-2.8.0.jar
Launcher Type: SUN_STANDARD

[Global flags]
     intx CICompilerCount                          = 12                                        {product} {ergonomic}
     uint ConcGCThreads                            = 3                                         {product} {ergonomic}
     uint G1ConcRefinementThreads                  = 13                                        {product} {ergonomic}
   size_t G1HeapRegionSize                         = 2097152                                   {product} {ergonomic}
   size_t InitialHeapSize                          = 264241152                                 {product} {ergonomic}
   size_t MarkStackSize                            = 4194304                                   {product} {ergonomic}
   size_t MarkStackSizeMax                         = 536870912                                 {product} {ergonomic}
   size_t MaxHeapSize                              = 4223664128                                {product} {ergonomic}
   size_t MaxNewSize                               = 2533359616                                {product} {ergonomic}
   size_t MinHeapDeltaBytes                        = 2097152                                   {product} {ergonomic}
   size_t MinHeapSize                              = 8388608                                   {product} {ergonomic}
    uintx NonNMethodCodeHeapSize                   = 7602176                                {pd product} {ergonomic}
    uintx NonProfiledCodeHeapSize                  = 122093568                              {pd product} {ergonomic}
    uintx ProfiledCodeHeapSize                     = 121962496                              {pd product} {ergonomic}
    uintx ReservedCodeCacheSize                    = 251658240                              {pd product} {ergonomic}
     bool SegmentedCodeCache                       = true                                      {product} {ergonomic}
   size_t SoftMaxHeapSize                          = 4223664128                             {manageable} {ergonomic}
     bool UseCompressedOops                        = true                           {product lp64_product} {ergonomic}
     bool UseG1GC                                  = true                                      {product} {ergonomic}
     bool UseLargePagesIndividualAllocation        = false                                  {pd product} {ergonomic}

Logging:
Log output configuration:
 #0: stdout all=warning uptime,level,tags foldmultilines=false
 #1: stderr all=off uptime,level,tags foldmultilines=false

Environment Variables:
JAVA_HOME=C:\Program Files\Java\jdk-24
PATH=C:\Program Files\Java\jdk-22\bin;C:\WINDOWS\system32;C:\WINDOWS;C:\WINDOWS\System32\Wbem;C:\WINDOWS\System32\WindowsPowerShell\v1.0\;C:\WINDOWS\System32\OpenSSH\;C:\Program Files\NVIDIA Corporation\NVIDIA App\NvDLISR;C:\Program Files (x86)\NVIDIA Corporation\PhysX\Common;C:\Program Files\MySQL\MySQL Server 8.0\bin;C:\Program Files\apachemaven\apache-maven-3.9.11\bin;C:\Program Files (x86)\Microsoft SQL Server\160\Tools\Binn\;C:\Program Files\Microsoft SQL Server\160\Tools\Binn\;C:\Program Files\Microsoft SQL Server\Client SDK\ODBC\170\Tools\Binn\;C:\Program Files\Microsoft SQL Server\160\DTS\Binn\;C:\Program Files (x86)\Microsoft SQL Server\160\DTS\Binn\;C:\Program Files\Git\cmd;C:\Program Files\Cloudflare\Cloudflare WARP\;C:\Program Files\MySQL\MySQL Shell 8.0\bin\;C:\Users\PinkDiamond\AppData\Local\Microsoft\WindowsApps;C:\Users\PinkDiamond\AppData\Local\GitHubDesktop\bin;C:\Users\PinkDiamond\AppData\Local\Programs\Microsoft VS Code\bin;C:\Users\PinkDiamond\AppData\Local\Programs\cursor\resources\app\bin;C:\Program Files\Java\jdk-22\bin;
USERNAME=PinkDiamond
OS=Windows_NT
PROCESSOR_IDENTIFIER=Intel64 Family 6 Model 154 Stepping 3, GenuineIntel
TMP=C:\Users\PinkDiamond\AppData\Local\Temp
TEMP=C:\Users\PinkDiamond\AppData\Local\Temp




Periodic native trim disabled

---------------  S Y S T E M  ---------------

OS:
 Windows 11 , 64 bit Build 26100 (10.0.26100.4768)
OS uptime: 1 days 18:32 hours
Hyper-V role detected

CPU: total 16 (initial active 16) (8 cores per cpu, 2 threads per core) family 6 model 154 stepping 3 microcode 0x435, cx8, cmov, fxsr, ht, mmx, 3dnowpref, sse, sse2, sse3, ssse3, sse4.1, sse4.2, popcnt, lzcnt, tsc, tscinvbit, avx, avx2, aes, erms, clmul, bmi1, bmi2, adx, sha, fma, vzeroupper, clflush, clflushopt, clwb, hv, serialize, rdtscp, rdpid, fsrm, gfni, f16c, cet_ibt, cet_ss
Processor Information for processor 0
  Max Mhz: 2500, Current Mhz: 2500, Mhz Limit: 2500
Processor Information for processor 1
  Max Mhz: 2500, Current Mhz: 2500, Mhz Limit: 2500
Processor Information for processor 2
  Max Mhz: 2500, Current Mhz: 2500, Mhz Limit: 2500
Processor Information for processor 3
  Max Mhz: 2500, Current Mhz: 2500, Mhz Limit: 2500
Processor Information for processor 4
  Max Mhz: 2500, Current Mhz: 2500, Mhz Limit: 2500
Processor Information for processor 5
  Max Mhz: 2500, Current Mhz: 2500, Mhz Limit: 2500
Processor Information for processor 6
  Max Mhz: 2500, Current Mhz: 2500, Mhz Limit: 2500
Processor Information for processor 7
  Max Mhz: 2500, Current Mhz: 2500, Mhz Limit: 2500
Processor Information for processor 8
  Max Mhz: 2500, Current Mhz: 1800, Mhz Limit: 1800
Processor Information for processor 9
  Max Mhz: 2500, Current Mhz: 1800, Mhz Limit: 1800
Processor Information for processor 10
  Max Mhz: 2500, Current Mhz: 1800, Mhz Limit: 1800
Processor Information for processor 11
  Max Mhz: 2500, Current Mhz: 1800, Mhz Limit: 1800
Processor Information for processor 12
  Max Mhz: 2500, Current Mhz: 1500, Mhz Limit: 1800
Processor Information for processor 13
  Max Mhz: 2500, Current Mhz: 1800, Mhz Limit: 1800
Processor Information for processor 14
  Max Mhz: 2500, Current Mhz: 1800, Mhz Limit: 1800
Processor Information for processor 15
  Max Mhz: 2500, Current Mhz: 1500, Mhz Limit: 1800

Memory: 4k page, system-wide physical 16109M (1105M free)
TotalPageFile size 28397M (AvailPageFile size 16M)
current process WorkingSet (physical memory assigned to process): 167M, peak: 167M
current process commit charge ("private bytes"): 397M, peak: 402M

vm_info: Java HotSpot(TM) 64-Bit Server VM (24.0.1+9-30) for windows-amd64 JRE (24.0.1+9-30), built on 2025-03-05T07:23:45Z with MS VC++ 17.6 (VS2022)

END.
