#
# There is insufficient memory for the Java Runtime Environment to continue.
# Native memory allocation (malloc) failed to allocate 1557520 bytes. Error detail: Chunk::new
# Possible reasons:
#   The system is out of physical RAM or swap space
#   This process is running with CompressedOops enabled, and the Java Heap may be blocking the growth of the native heap
# Possible solutions:
#   Reduce memory load on the system
#   Increase physical memory or swap space
#   Check if swap backing store is full
#   Decrease Java heap size (-Xmx/-Xms)
#   Decrease number of Java threads
#   Decrease Java thread stack sizes (-Xss)
#   Set larger code cache with -XX:ReservedCodeCacheSize=
#   JVM is running with Zero Based Compressed Oops mode in which the Java heap is
#     placed in the first 32GB address space. The Java Heap base address is the
#     maximum limit for the native heap growth. Please use -XX:HeapBaseMinAddress
#     to set the Java Heap base and to place the Java Heap above 32GB virtual address.
# This output file may be truncated or incomplete.
#
#  Out of Memory Error (arena.cpp:162), pid=24800, tid=9288
#
# JRE version: Java(TM) SE Runtime Environment (24.0.1+9) (build 24.0.1+9-30)
# Java VM: Java HotSpot(TM) 64-Bit Server VM (24.0.1+9-30, mixed mode, sharing, tiered, compressed oops, compressed class ptrs, g1 gc, windows-amd64)
# No core dump will be written. Minidumps are not enabled by default on client versions of Windows
#

---------------  S U M M A R Y ------------

Command Line: -Dclassworlds.conf=C:\Users\PinkDiamond\.m2\wrapper\dists\apache-maven-3.9.9\977a63e90f436cd6ade95b4c0e10c20c\bin\m2.conf -Dmaven.home=C:\Users\PinkDiamond\.m2\wrapper\dists\apache-maven-3.9.9\977a63e90f436cd6ade95b4c0e10c20c -Dlibrary.jansi.path=C:\Users\PinkDiamond\.m2\wrapper\dists\apache-maven-3.9.9\977a63e90f436cd6ade95b4c0e10c20c\lib\jansi-native -Dmaven.multiModuleProjectDirectory=d:\ProjectVSCode\SWP391-G4-BLOCK5-main org.codehaus.plexus.classworlds.launcher.Launcher -q help:effective-pom -Doutput=d:\ProjectVSCode\SWP391-G4-BLOCK5-main\effective-pom.xml

Host: 12th Gen Intel(R) Core(TM) i5-12500H, 16 cores, 15G,  Windows 11 , 64 bit Build 26100 (10.0.26100.4768)
Time: Tue Aug 19 14:37:55 2025 SE Asia Standard Time elapsed time: 2.090815 seconds (0d 0h 0m 2s)

---------------  T H R E A D  ---------------

Current thread (0x000002346e990d30):  JavaThread "C2 CompilerThread3" daemon [_thread_in_native, id=9288, stack(0x0000003cd8600000,0x0000003cd8700000) (1024K)]


Current CompileTask:
C2:2090 2711       4       com.google.inject.internal.asm.$SymbolTable::addConstantUtf8 (98 bytes)

Stack: [0x0000003cd8600000,0x0000003cd8700000]
Native frames: (J=compiled Java code, j=interpreted, Vv=VM code, C=native code)
V  [jvm.dll+0x730739]  (no source info available)
V  [jvm.dll+0x8d9b23]  (no source info available)
V  [jvm.dll+0x8dc00d]  (no source info available)
V  [jvm.dll+0x8dc683]  (no source info available)
V  [jvm.dll+0x2aa086]  (no source info available)
V  [jvm.dll+0xcedef]  (no source info available)
V  [jvm.dll+0xcf04f]  (no source info available)
V  [jvm.dll+0x154d83]  (no source info available)
V  [jvm.dll+0x735f5f]  (no source info available)
V  [jvm.dll+0x26fa1c]  (no source info available)
V  [jvm.dll+0x26ea3f]  (no source info available)
V  [jvm.dll+0x1e9d60]  (no source info available)
V  [jvm.dll+0x27e1fb]  (no source info available)
V  [jvm.dll+0x27c49a]  (no source info available)
V  [jvm.dll+0x42f456]  (no source info available)
V  [jvm.dll+0x87d76b]  (no source info available)
V  [jvm.dll+0x72ee55]  (no source info available)
C  [ucrtbase.dll+0x37b0]  (no source info available)
C  [KERNEL32.DLL+0x2e8d7]  (no source info available)
C  [ntdll.dll+0x3c34c]  (no source info available)

Lock stack of current Java thread (top to bottom):


---------------  P R O C E S S  ---------------

Threads class SMR info:
_java_thread_list=0x000002346f377b20, length=16, elements={
0x00000234066b8fa0, 0x0000023428b5ed20, 0x0000023428b5f460, 0x0000023428b63290,
0x0000023428b659e0, 0x0000023428b696b0, 0x0000023428b6a960, 0x0000023428b6d6d0,
0x0000023428b6eb00, 0x0000023428bee5c0, 0x0000023428c13cd0, 0x0000023428caea50,
0x000002346e9901a0, 0x000002346e990d30, 0x0000023428c66100, 0x000002346eefb070
}

Java Threads: ( => current thread )
  0x00000234066b8fa0 JavaThread "main"                              [_thread_in_vm, id=32636, stack(0x0000003cd6f00000,0x0000003cd7000000) (1024K)]
  0x0000023428b5ed20 JavaThread "Reference Handler"          daemon [_thread_blocked, id=21544, stack(0x0000003cd7700000,0x0000003cd7800000) (1024K)]
  0x0000023428b5f460 JavaThread "Finalizer"                  daemon [_thread_blocked, id=22700, stack(0x0000003cd7800000,0x0000003cd7900000) (1024K)]
  0x0000023428b63290 JavaThread "Signal Dispatcher"          daemon [_thread_blocked, id=33988, stack(0x0000003cd7900000,0x0000003cd7a00000) (1024K)]
  0x0000023428b659e0 JavaThread "Attach Listener"            daemon [_thread_blocked, id=9356, stack(0x0000003cd7a00000,0x0000003cd7b00000) (1024K)]
  0x0000023428b696b0 JavaThread "Service Thread"             daemon [_thread_blocked, id=37268, stack(0x0000003cd7b00000,0x0000003cd7c00000) (1024K)]
  0x0000023428b6a960 JavaThread "Monitor Deflation Thread"   daemon [_thread_blocked, id=3228, stack(0x0000003cd7c00000,0x0000003cd7d00000) (1024K)]
  0x0000023428b6d6d0 JavaThread "C2 CompilerThread0"         daemon [_thread_in_native, id=12232, stack(0x0000003cd7d00000,0x0000003cd7e00000) (1024K)]
  0x0000023428b6eb00 JavaThread "C1 CompilerThread0"         daemon [_thread_blocked, id=32304, stack(0x0000003cd7e00000,0x0000003cd7f00000) (1024K)]
  0x0000023428bee5c0 JavaThread "Notification Thread"        daemon [_thread_blocked, id=40084, stack(0x0000003cd7f00000,0x0000003cd8000000) (1024K)]
  0x0000023428c13cd0 JavaThread "Common-Cleaner"             daemon [_thread_blocked, id=39368, stack(0x0000003cd8000000,0x0000003cd8100000) (1024K)]
  0x0000023428caea50 JavaThread "C2 CompilerThread1"         daemon [_thread_blocked, id=37604, stack(0x0000003cd8200000,0x0000003cd8300000) (1024K)]
  0x000002346e9901a0 JavaThread "C2 CompilerThread2"         daemon [_thread_blocked, id=34200, stack(0x0000003cd8500000,0x0000003cd8600000) (1024K)]
=>0x000002346e990d30 JavaThread "C2 CompilerThread3"         daemon [_thread_in_native, id=9288, stack(0x0000003cd8600000,0x0000003cd8700000) (1024K)]
  0x0000023428c66100 JavaThread "C1 CompilerThread1"         daemon [_thread_blocked, id=12440, stack(0x0000003cd8100000,0x0000003cd8200000) (1024K)]
  0x000002346eefb070 JavaThread "C1 CompilerThread2"         daemon [_thread_blocked, id=7056, stack(0x0000003cd8300000,0x0000003cd8400000) (1024K)]
Total: 16

Other Threads:
  0x0000023428b4f7b0 VMThread "VM Thread"                           [id=3516, stack(0x0000003cd7600000,0x0000003cd7700000) (1024K)]
  0x0000023427e69d60 WatcherThread "VM Periodic Task Thread"        [id=38036, stack(0x0000003cd7500000,0x0000003cd7600000) (1024K)]
  0x0000023408bf8b30 WorkerThread "GC Thread#0"                     [id=28040, stack(0x0000003cd7000000,0x0000003cd7100000) (1024K)]
  0x000002346ecf1490 WorkerThread "GC Thread#1"                     [id=5188, stack(0x0000003cd8800000,0x0000003cd8900000) (1024K)]
  0x000002346ecefac0 WorkerThread "GC Thread#2"                     [id=38460, stack(0x0000003cd8900000,0x0000003cd8a00000) (1024K)]
  0x000002346ecf0220 WorkerThread "GC Thread#3"                     [id=19356, stack(0x0000003cd8a00000,0x0000003cd8b00000) (1024K)]
  0x000002346ecf0d30 WorkerThread "GC Thread#4"                     [id=38208, stack(0x0000003cd8b00000,0x0000003cd8c00000) (1024K)]
  0x000002346ecf10e0 WorkerThread "GC Thread#5"                     [id=29764, stack(0x0000003cd8c00000,0x0000003cd8d00000) (1024K)]
  0x0000023408c48010 ConcurrentGCThread "G1 Main Marker"            [id=30024, stack(0x0000003cd7100000,0x0000003cd7200000) (1024K)]
  0x0000023408c492c0 WorkerThread "G1 Conc#0"                       [id=14624, stack(0x0000003cd7200000,0x0000003cd7300000) (1024K)]
  0x0000023427d1afd0 ConcurrentGCThread "G1 Refine#0"               [id=29528, stack(0x0000003cd7300000,0x0000003cd7400000) (1024K)]
  0x0000023427d1bb50 ConcurrentGCThread "G1 Service"                [id=25284, stack(0x0000003cd7400000,0x0000003cd7500000) (1024K)]
Total: 12

Threads with active compile tasks:
C2 CompilerThread0  3128 2764       4       java.util.TimSort::binarySort (223 bytes)
C2 CompilerThread3  3128 2711       4       com.google.inject.internal.asm.$SymbolTable::addConstantUtf8 (98 bytes)
Total: 2

VM state: not at safepoint (normal execution)

VM Mutex/Monitor currently owned by a thread: None

Heap address: 0x0000000704400000, size: 4028 MB, Compressed Oops mode: Zero based, Oop shift amount: 3

CDS archive(s) mapped at: [0x0000023429000000-0x0000023429d40000-0x0000023429d40000), size 13893632, SharedBaseAddress: 0x0000023429000000, ArchiveRelocationMode: 1.
Compressed class space mapped at: 0x000002342a000000-0x000002346a000000, reserved size: 1073741824
UseCompressedClassPointers 1, UseCompactObjectHeaders 0
Narrow klass pointer bits 32, Max shift 3
Narrow klass base: 0x0000023429000000, Narrow klass shift: 0
Encoding Range: [0x0000023429000000 - 0x0000023529000000), (4294967296 bytes)
Klass Range:    [0x0000023429000000 - 0x000002346a000000), (1090519040 bytes)
Klass ID Range:  [8 - 1090519033) (1090519025)

GC Precious Log:
 CardTable entry size: 512
 Card Set container configuration: InlinePtr #cards 4 size 8 Array Of Cards #cards 16 size 48 Howl #buckets 8 coarsen threshold 3686 Howl Bitmap #cards 512 size 80 coarsen threshold 460 Card regions per heap region 1 cards per card region 4096
 CPUs: 16 total, 16 available
 Memory: 16109M
 Large Page Support: Disabled
 NUMA Support: Disabled
 Compressed Oops: Enabled (Zero based)
 Heap Region Size: 2M
 Heap Min Capacity: 8M
 Heap Initial Capacity: 252M
 Heap Max Capacity: 4028M
 Pre-touch: Disabled
 Parallel Workers: 13
 Concurrent Workers: 3
 Concurrent Refinement Workers: 13
 Periodic GC: Disabled

Heap:
 garbage-first heap   total reserved 4124672K, committed 260096K, used 22105K [0x0000000704400000, 0x0000000800000000)
  region size 2048K, 12 young (24576K), 3 survivors (6144K)
 Metaspace       used 12582K, committed 12800K, reserved 1114112K
  class space    used 1217K, committed 1344K, reserved 1048576K

Heap Regions: E=young(eden), S=young(survivor), O=old, HS=humongous(starts), HC=humongous(continues), CS=collection set, F=free, TAMS=top-at-mark-start, PB=parsable bottom
|   0|0x0000000704400000, 0x0000000704400000, 0x0000000704600000|  0%| F|  |TAMS 0x0000000704400000| PB 0x0000000704400000| Untracked |  0
|   1|0x0000000704600000, 0x0000000704600000, 0x0000000704800000|  0%| F|  |TAMS 0x0000000704600000| PB 0x0000000704600000| Untracked |  0
|   2|0x0000000704800000, 0x0000000704800000, 0x0000000704a00000|  0%| F|  |TAMS 0x0000000704800000| PB 0x0000000704800000| Untracked |  0
|   3|0x0000000704a00000, 0x0000000704a00000, 0x0000000704c00000|  0%| F|  |TAMS 0x0000000704a00000| PB 0x0000000704a00000| Untracked |  0
|   4|0x0000000704c00000, 0x0000000704c00000, 0x0000000704e00000|  0%| F|  |TAMS 0x0000000704c00000| PB 0x0000000704c00000| Untracked |  0
|   5|0x0000000704e00000, 0x0000000704e00000, 0x0000000705000000|  0%| F|  |TAMS 0x0000000704e00000| PB 0x0000000704e00000| Untracked |  0
|   6|0x0000000705000000, 0x0000000705000000, 0x0000000705200000|  0%| F|  |TAMS 0x0000000705000000| PB 0x0000000705000000| Untracked |  0
|   7|0x0000000705200000, 0x0000000705200000, 0x0000000705400000|  0%| F|  |TAMS 0x0000000705200000| PB 0x0000000705200000| Untracked |  0
|   8|0x0000000705400000, 0x0000000705400000, 0x0000000705600000|  0%| F|  |TAMS 0x0000000705400000| PB 0x0000000705400000| Untracked |  0
|   9|0x0000000705600000, 0x0000000705600000, 0x0000000705800000|  0%| F|  |TAMS 0x0000000705600000| PB 0x0000000705600000| Untracked |  0
|  10|0x0000000705800000, 0x0000000705800000, 0x0000000705a00000|  0%| F|  |TAMS 0x0000000705800000| PB 0x0000000705800000| Untracked |  0
|  11|0x0000000705a00000, 0x0000000705a00000, 0x0000000705c00000|  0%| F|  |TAMS 0x0000000705a00000| PB 0x0000000705a00000| Untracked |  0
|  12|0x0000000705c00000, 0x0000000705c00000, 0x0000000705e00000|  0%| F|  |TAMS 0x0000000705c00000| PB 0x0000000705c00000| Untracked |  0
|  13|0x0000000705e00000, 0x0000000705e00000, 0x0000000706000000|  0%| F|  |TAMS 0x0000000705e00000| PB 0x0000000705e00000| Untracked |  0
|  14|0x0000000706000000, 0x0000000706000000, 0x0000000706200000|  0%| F|  |TAMS 0x0000000706000000| PB 0x0000000706000000| Untracked |  0
|  15|0x0000000706200000, 0x0000000706200000, 0x0000000706400000|  0%| F|  |TAMS 0x0000000706200000| PB 0x0000000706200000| Untracked |  0
|  16|0x0000000706400000, 0x0000000706400000, 0x0000000706600000|  0%| F|  |TAMS 0x0000000706400000| PB 0x0000000706400000| Untracked |  0
|  17|0x0000000706600000, 0x0000000706600000, 0x0000000706800000|  0%| F|  |TAMS 0x0000000706600000| PB 0x0000000706600000| Untracked |  0
|  18|0x0000000706800000, 0x0000000706800000, 0x0000000706a00000|  0%| F|  |TAMS 0x0000000706800000| PB 0x0000000706800000| Untracked |  0
|  19|0x0000000706a00000, 0x0000000706a00000, 0x0000000706c00000|  0%| F|  |TAMS 0x0000000706a00000| PB 0x0000000706a00000| Untracked |  0
|  20|0x0000000706c00000, 0x0000000706c00000, 0x0000000706e00000|  0%| F|  |TAMS 0x0000000706c00000| PB 0x0000000706c00000| Untracked |  0
|  21|0x0000000706e00000, 0x0000000706e00000, 0x0000000707000000|  0%| F|  |TAMS 0x0000000706e00000| PB 0x0000000706e00000| Untracked |  0
|  22|0x0000000707000000, 0x0000000707000000, 0x0000000707200000|  0%| F|  |TAMS 0x0000000707000000| PB 0x0000000707000000| Untracked |  0
|  23|0x0000000707200000, 0x0000000707200000, 0x0000000707400000|  0%| F|  |TAMS 0x0000000707200000| PB 0x0000000707200000| Untracked |  0
|  24|0x0000000707400000, 0x0000000707400000, 0x0000000707600000|  0%| F|  |TAMS 0x0000000707400000| PB 0x0000000707400000| Untracked |  0
|  25|0x0000000707600000, 0x0000000707600000, 0x0000000707800000|  0%| F|  |TAMS 0x0000000707600000| PB 0x0000000707600000| Untracked |  0
|  26|0x0000000707800000, 0x0000000707800000, 0x0000000707a00000|  0%| F|  |TAMS 0x0000000707800000| PB 0x0000000707800000| Untracked |  0
|  27|0x0000000707a00000, 0x0000000707a00000, 0x0000000707c00000|  0%| F|  |TAMS 0x0000000707a00000| PB 0x0000000707a00000| Untracked |  0
|  28|0x0000000707c00000, 0x0000000707c00000, 0x0000000707e00000|  0%| F|  |TAMS 0x0000000707c00000| PB 0x0000000707c00000| Untracked |  0
|  29|0x0000000707e00000, 0x0000000707e00000, 0x0000000708000000|  0%| F|  |TAMS 0x0000000707e00000| PB 0x0000000707e00000| Untracked |  0
|  30|0x0000000708000000, 0x0000000708000000, 0x0000000708200000|  0%| F|  |TAMS 0x0000000708000000| PB 0x0000000708000000| Untracked |  0
|  31|0x0000000708200000, 0x0000000708200000, 0x0000000708400000|  0%| F|  |TAMS 0x0000000708200000| PB 0x0000000708200000| Untracked |  0
|  32|0x0000000708400000, 0x0000000708400000, 0x0000000708600000|  0%| F|  |TAMS 0x0000000708400000| PB 0x0000000708400000| Untracked |  0
|  33|0x0000000708600000, 0x0000000708600000, 0x0000000708800000|  0%| F|  |TAMS 0x0000000708600000| PB 0x0000000708600000| Untracked |  0
|  34|0x0000000708800000, 0x0000000708800000, 0x0000000708a00000|  0%| F|  |TAMS 0x0000000708800000| PB 0x0000000708800000| Untracked |  0
|  35|0x0000000708a00000, 0x0000000708a00000, 0x0000000708c00000|  0%| F|  |TAMS 0x0000000708a00000| PB 0x0000000708a00000| Untracked |  0
|  36|0x0000000708c00000, 0x0000000708c00000, 0x0000000708e00000|  0%| F|  |TAMS 0x0000000708c00000| PB 0x0000000708c00000| Untracked |  0
|  37|0x0000000708e00000, 0x0000000708e00000, 0x0000000709000000|  0%| F|  |TAMS 0x0000000708e00000| PB 0x0000000708e00000| Untracked |  0
|  38|0x0000000709000000, 0x0000000709000000, 0x0000000709200000|  0%| F|  |TAMS 0x0000000709000000| PB 0x0000000709000000| Untracked |  0
|  39|0x0000000709200000, 0x0000000709200000, 0x0000000709400000|  0%| F|  |TAMS 0x0000000709200000| PB 0x0000000709200000| Untracked |  0
|  40|0x0000000709400000, 0x0000000709400000, 0x0000000709600000|  0%| F|  |TAMS 0x0000000709400000| PB 0x0000000709400000| Untracked |  0
|  41|0x0000000709600000, 0x0000000709600000, 0x0000000709800000|  0%| F|  |TAMS 0x0000000709600000| PB 0x0000000709600000| Untracked |  0
|  42|0x0000000709800000, 0x0000000709800000, 0x0000000709a00000|  0%| F|  |TAMS 0x0000000709800000| PB 0x0000000709800000| Untracked |  0
|  43|0x0000000709a00000, 0x0000000709a00000, 0x0000000709c00000|  0%| F|  |TAMS 0x0000000709a00000| PB 0x0000000709a00000| Untracked |  0
|  44|0x0000000709c00000, 0x0000000709c00000, 0x0000000709e00000|  0%| F|  |TAMS 0x0000000709c00000| PB 0x0000000709c00000| Untracked |  0
|  45|0x0000000709e00000, 0x0000000709e00000, 0x000000070a000000|  0%| F|  |TAMS 0x0000000709e00000| PB 0x0000000709e00000| Untracked |  0
|  46|0x000000070a000000, 0x000000070a000000, 0x000000070a200000|  0%| F|  |TAMS 0x000000070a000000| PB 0x000000070a000000| Untracked |  0
|  47|0x000000070a200000, 0x000000070a200000, 0x000000070a400000|  0%| F|  |TAMS 0x000000070a200000| PB 0x000000070a200000| Untracked |  0
|  48|0x000000070a400000, 0x000000070a400000, 0x000000070a600000|  0%| F|  |TAMS 0x000000070a400000| PB 0x000000070a400000| Untracked |  0
|  49|0x000000070a600000, 0x000000070a600000, 0x000000070a800000|  0%| F|  |TAMS 0x000000070a600000| PB 0x000000070a600000| Untracked |  0
|  50|0x000000070a800000, 0x000000070a800000, 0x000000070aa00000|  0%| F|  |TAMS 0x000000070a800000| PB 0x000000070a800000| Untracked |  0
|  51|0x000000070aa00000, 0x000000070aa00000, 0x000000070ac00000|  0%| F|  |TAMS 0x000000070aa00000| PB 0x000000070aa00000| Untracked |  0
|  52|0x000000070ac00000, 0x000000070ac00000, 0x000000070ae00000|  0%| F|  |TAMS 0x000000070ac00000| PB 0x000000070ac00000| Untracked |  0
|  53|0x000000070ae00000, 0x000000070ae00000, 0x000000070b000000|  0%| F|  |TAMS 0x000000070ae00000| PB 0x000000070ae00000| Untracked |  0
|  54|0x000000070b000000, 0x000000070b000000, 0x000000070b200000|  0%| F|  |TAMS 0x000000070b000000| PB 0x000000070b000000| Untracked |  0
|  55|0x000000070b200000, 0x000000070b200000, 0x000000070b400000|  0%| F|  |TAMS 0x000000070b200000| PB 0x000000070b200000| Untracked |  0
|  56|0x000000070b400000, 0x000000070b400000, 0x000000070b600000|  0%| F|  |TAMS 0x000000070b400000| PB 0x000000070b400000| Untracked |  0
|  57|0x000000070b600000, 0x000000070b600000, 0x000000070b800000|  0%| F|  |TAMS 0x000000070b600000| PB 0x000000070b600000| Untracked |  0
|  58|0x000000070b800000, 0x000000070b800000, 0x000000070ba00000|  0%| F|  |TAMS 0x000000070b800000| PB 0x000000070b800000| Untracked |  0
|  59|0x000000070ba00000, 0x000000070ba00000, 0x000000070bc00000|  0%| F|  |TAMS 0x000000070ba00000| PB 0x000000070ba00000| Untracked |  0
|  60|0x000000070bc00000, 0x000000070bc00000, 0x000000070be00000|  0%| F|  |TAMS 0x000000070bc00000| PB 0x000000070bc00000| Untracked |  0
|  61|0x000000070be00000, 0x000000070be00000, 0x000000070c000000|  0%| F|  |TAMS 0x000000070be00000| PB 0x000000070be00000| Untracked |  0
|  62|0x000000070c000000, 0x000000070c000000, 0x000000070c200000|  0%| F|  |TAMS 0x000000070c000000| PB 0x000000070c000000| Untracked |  0
|  63|0x000000070c200000, 0x000000070c200000, 0x000000070c400000|  0%| F|  |TAMS 0x000000070c200000| PB 0x000000070c200000| Untracked |  0
|  64|0x000000070c400000, 0x000000070c400000, 0x000000070c600000|  0%| F|  |TAMS 0x000000070c400000| PB 0x000000070c400000| Untracked |  0
|  65|0x000000070c600000, 0x000000070c600000, 0x000000070c800000|  0%| F|  |TAMS 0x000000070c600000| PB 0x000000070c600000| Untracked |  0
|  66|0x000000070c800000, 0x000000070c800000, 0x000000070ca00000|  0%| F|  |TAMS 0x000000070c800000| PB 0x000000070c800000| Untracked |  0
|  67|0x000000070ca00000, 0x000000070ca00000, 0x000000070cc00000|  0%| F|  |TAMS 0x000000070ca00000| PB 0x000000070ca00000| Untracked |  0
|  68|0x000000070cc00000, 0x000000070cc00000, 0x000000070ce00000|  0%| F|  |TAMS 0x000000070cc00000| PB 0x000000070cc00000| Untracked |  0
|  69|0x000000070ce00000, 0x000000070ce00000, 0x000000070d000000|  0%| F|  |TAMS 0x000000070ce00000| PB 0x000000070ce00000| Untracked |  0
|  70|0x000000070d000000, 0x000000070d000000, 0x000000070d200000|  0%| F|  |TAMS 0x000000070d000000| PB 0x000000070d000000| Untracked |  0
|  71|0x000000070d200000, 0x000000070d200000, 0x000000070d400000|  0%| F|  |TAMS 0x000000070d200000| PB 0x000000070d200000| Untracked |  0
|  72|0x000000070d400000, 0x000000070d400000, 0x000000070d600000|  0%| F|  |TAMS 0x000000070d400000| PB 0x000000070d400000| Untracked |  0
|  73|0x000000070d600000, 0x000000070d600000, 0x000000070d800000|  0%| F|  |TAMS 0x000000070d600000| PB 0x000000070d600000| Untracked |  0
|  74|0x000000070d800000, 0x000000070d800000, 0x000000070da00000|  0%| F|  |TAMS 0x000000070d800000| PB 0x000000070d800000| Untracked |  0
|  75|0x000000070da00000, 0x000000070da00000, 0x000000070dc00000|  0%| F|  |TAMS 0x000000070da00000| PB 0x000000070da00000| Untracked |  0
|  76|0x000000070dc00000, 0x000000070dc00000, 0x000000070de00000|  0%| F|  |TAMS 0x000000070dc00000| PB 0x000000070dc00000| Untracked |  0
|  77|0x000000070de00000, 0x000000070de00000, 0x000000070e000000|  0%| F|  |TAMS 0x000000070de00000| PB 0x000000070de00000| Untracked |  0
|  78|0x000000070e000000, 0x000000070e000000, 0x000000070e200000|  0%| F|  |TAMS 0x000000070e000000| PB 0x000000070e000000| Untracked |  0
|  79|0x000000070e200000, 0x000000070e200000, 0x000000070e400000|  0%| F|  |TAMS 0x000000070e200000| PB 0x000000070e200000| Untracked |  0
|  80|0x000000070e400000, 0x000000070e400000, 0x000000070e600000|  0%| F|  |TAMS 0x000000070e400000| PB 0x000000070e400000| Untracked |  0
|  81|0x000000070e600000, 0x000000070e600000, 0x000000070e800000|  0%| F|  |TAMS 0x000000070e600000| PB 0x000000070e600000| Untracked |  0
|  82|0x000000070e800000, 0x000000070e800000, 0x000000070ea00000|  0%| F|  |TAMS 0x000000070e800000| PB 0x000000070e800000| Untracked |  0
|  83|0x000000070ea00000, 0x000000070ea00000, 0x000000070ec00000|  0%| F|  |TAMS 0x000000070ea00000| PB 0x000000070ea00000| Untracked |  0
|  84|0x000000070ec00000, 0x000000070ec00000, 0x000000070ee00000|  0%| F|  |TAMS 0x000000070ec00000| PB 0x000000070ec00000| Untracked |  0
|  85|0x000000070ee00000, 0x000000070ee00000, 0x000000070f000000|  0%| F|  |TAMS 0x000000070ee00000| PB 0x000000070ee00000| Untracked |  0
|  86|0x000000070f000000, 0x000000070f000000, 0x000000070f200000|  0%| F|  |TAMS 0x000000070f000000| PB 0x000000070f000000| Untracked |  0
|  87|0x000000070f200000, 0x000000070f200000, 0x000000070f400000|  0%| F|  |TAMS 0x000000070f200000| PB 0x000000070f200000| Untracked |  0
|  88|0x000000070f400000, 0x000000070f400000, 0x000000070f600000|  0%| F|  |TAMS 0x000000070f400000| PB 0x000000070f400000| Untracked |  0
|  89|0x000000070f600000, 0x000000070f600000, 0x000000070f800000|  0%| F|  |TAMS 0x000000070f600000| PB 0x000000070f600000| Untracked |  0
|  90|0x000000070f800000, 0x000000070f800000, 0x000000070fa00000|  0%| F|  |TAMS 0x000000070f800000| PB 0x000000070f800000| Untracked |  0
|  91|0x000000070fa00000, 0x000000070fa00000, 0x000000070fc00000|  0%| F|  |TAMS 0x000000070fa00000| PB 0x000000070fa00000| Untracked |  0
|  92|0x000000070fc00000, 0x000000070fc00000, 0x000000070fe00000|  0%| F|  |TAMS 0x000000070fc00000| PB 0x000000070fc00000| Untracked |  0
|  93|0x000000070fe00000, 0x000000070fe00000, 0x0000000710000000|  0%| F|  |TAMS 0x000000070fe00000| PB 0x000000070fe00000| Untracked |  0
|  94|0x0000000710000000, 0x0000000710000000, 0x0000000710200000|  0%| F|  |TAMS 0x0000000710000000| PB 0x0000000710000000| Untracked |  0
|  95|0x0000000710200000, 0x0000000710200000, 0x0000000710400000|  0%| F|  |TAMS 0x0000000710200000| PB 0x0000000710200000| Untracked |  0
|  96|0x0000000710400000, 0x0000000710400000, 0x0000000710600000|  0%| F|  |TAMS 0x0000000710400000| PB 0x0000000710400000| Untracked |  0
|  97|0x0000000710600000, 0x0000000710600000, 0x0000000710800000|  0%| F|  |TAMS 0x0000000710600000| PB 0x0000000710600000| Untracked |  0
|  98|0x0000000710800000, 0x0000000710800000, 0x0000000710a00000|  0%| F|  |TAMS 0x0000000710800000| PB 0x0000000710800000| Untracked |  0
|  99|0x0000000710a00000, 0x0000000710a79530, 0x0000000710c00000| 23%| S|CS|TAMS 0x0000000710a00000| PB 0x0000000710a00000| Complete |  0
| 100|0x0000000710c00000, 0x0000000710e00000, 0x0000000710e00000|100%| S|CS|TAMS 0x0000000710c00000| PB 0x0000000710c00000| Complete |  0
| 101|0x0000000710e00000, 0x0000000711000000, 0x0000000711000000|100%| S|CS|TAMS 0x0000000710e00000| PB 0x0000000710e00000| Complete |  0
| 102|0x0000000711000000, 0x0000000711000000, 0x0000000711200000|  0%| F|  |TAMS 0x0000000711000000| PB 0x0000000711000000| Untracked |  0
| 103|0x0000000711200000, 0x0000000711200000, 0x0000000711400000|  0%| F|  |TAMS 0x0000000711200000| PB 0x0000000711200000| Untracked |  0
| 104|0x0000000711400000, 0x0000000711400000, 0x0000000711600000|  0%| F|  |TAMS 0x0000000711400000| PB 0x0000000711400000| Untracked |  0
| 105|0x0000000711600000, 0x0000000711600000, 0x0000000711800000|  0%| F|  |TAMS 0x0000000711600000| PB 0x0000000711600000| Untracked |  0
| 106|0x0000000711800000, 0x0000000711800000, 0x0000000711a00000|  0%| F|  |TAMS 0x0000000711800000| PB 0x0000000711800000| Untracked |  0
| 107|0x0000000711a00000, 0x0000000711a00000, 0x0000000711c00000|  0%| F|  |TAMS 0x0000000711a00000| PB 0x0000000711a00000| Untracked |  0
| 108|0x0000000711c00000, 0x0000000711c00000, 0x0000000711e00000|  0%| F|  |TAMS 0x0000000711c00000| PB 0x0000000711c00000| Untracked |  0
| 109|0x0000000711e00000, 0x0000000711e00000, 0x0000000712000000|  0%| F|  |TAMS 0x0000000711e00000| PB 0x0000000711e00000| Untracked |  0
| 110|0x0000000712000000, 0x0000000712000000, 0x0000000712200000|  0%| F|  |TAMS 0x0000000712000000| PB 0x0000000712000000| Untracked |  0
| 111|0x0000000712200000, 0x0000000712200000, 0x0000000712400000|  0%| F|  |TAMS 0x0000000712200000| PB 0x0000000712200000| Untracked |  0
| 112|0x0000000712400000, 0x0000000712400000, 0x0000000712600000|  0%| F|  |TAMS 0x0000000712400000| PB 0x0000000712400000| Untracked |  0
| 113|0x0000000712600000, 0x0000000712600000, 0x0000000712800000|  0%| F|  |TAMS 0x0000000712600000| PB 0x0000000712600000| Untracked |  0
| 114|0x0000000712800000, 0x0000000712800000, 0x0000000712a00000|  0%| F|  |TAMS 0x0000000712800000| PB 0x0000000712800000| Untracked |  0
| 115|0x0000000712a00000, 0x0000000712a00000, 0x0000000712c00000|  0%| F|  |TAMS 0x0000000712a00000| PB 0x0000000712a00000| Untracked |  0
| 116|0x0000000712c00000, 0x0000000712c00000, 0x0000000712e00000|  0%| F|  |TAMS 0x0000000712c00000| PB 0x0000000712c00000| Untracked |  0
| 117|0x0000000712e00000, 0x0000000712ecdf38, 0x0000000713000000| 40%| E|  |TAMS 0x0000000712e00000| PB 0x0000000712e00000| Complete |  0
| 118|0x0000000713000000, 0x0000000713200000, 0x0000000713200000|100%| E|CS|TAMS 0x0000000713000000| PB 0x0000000713000000| Complete |  0
| 119|0x0000000713200000, 0x0000000713400000, 0x0000000713400000|100%| E|CS|TAMS 0x0000000713200000| PB 0x0000000713200000| Complete |  0
| 120|0x0000000713400000, 0x0000000713600000, 0x0000000713600000|100%| E|CS|TAMS 0x0000000713400000| PB 0x0000000713400000| Complete |  0
| 121|0x0000000713600000, 0x0000000713800000, 0x0000000713800000|100%| E|CS|TAMS 0x0000000713600000| PB 0x0000000713600000| Complete |  0
| 122|0x0000000713800000, 0x0000000713a00000, 0x0000000713a00000|100%| E|CS|TAMS 0x0000000713800000| PB 0x0000000713800000| Complete |  0
| 123|0x0000000713a00000, 0x0000000713c00000, 0x0000000713c00000|100%| E|CS|TAMS 0x0000000713a00000| PB 0x0000000713a00000| Complete |  0
| 124|0x0000000713c00000, 0x0000000713e00000, 0x0000000713e00000|100%| E|CS|TAMS 0x0000000713c00000| PB 0x0000000713c00000| Complete |  0
| 125|0x0000000713e00000, 0x0000000714000000, 0x0000000714000000|100%| E|CS|TAMS 0x0000000713e00000| PB 0x0000000713e00000| Complete |  0
|2013|0x00000007ffe00000, 0x00000007fff1d1c0, 0x0000000800000000| 55%| O|  |TAMS 0x00000007ffe00000| PB 0x00000007ffe00000| Untracked |  0

Card table byte_map: [0x0000023421490000,0x0000023421c70000] _byte_map_base: 0x000002341dc6e000

Marking Bits: (CMBitMap*) 0x0000023408bf9a50
 Bits: [0x0000023421c70000, 0x0000023425b60000)

Polling page: 0x0000023406990000

Metaspace:

Usage:
  Non-class:     11.11 MB used.
      Class:      1.19 MB used.
       Both:     12.30 MB used.

Virtual space:
  Non-class space:       64.00 MB reserved,      11.19 MB ( 17%) committed,  1 nodes.
      Class space:        1.00 GB reserved,       1.31 MB ( <1%) committed,  1 nodes.
             Both:        1.06 GB reserved,      12.50 MB (  1%) committed. 

Chunk freelists:
   Non-Class:  3.81 MB
       Class:  14.73 MB
        Both:  18.54 MB

MaxMetaspaceSize: unlimited
CompressedClassSpaceSize: 1.00 GB
Initial GC threshold: 21.00 MB
Current GC threshold: 21.00 MB
CDS: on
 - commit_granule_bytes: 65536.
 - commit_granule_words: 8192.
 - virtual_space_node_default_size: 8388608.
 - enlarge_chunks_in_place: 1.
UseCompressedClassPointers 1, UseCompactObjectHeaders 0
Narrow klass pointer bits 32, Max shift 3
Narrow klass base: 0x0000023429000000, Narrow klass shift: 0
Encoding Range: [0x0000023429000000 - 0x0000023529000000), (4294967296 bytes)
Klass Range:    [0x0000023429000000 - 0x000002346a000000), (1090519040 bytes)
Klass ID Range:  [8 - 1090519033) (1090519025)


Internal statistics:

num_allocs_failed_limit: 0.
num_arena_births: 138.
num_arena_deaths: 0.
num_vsnodes_births: 2.
num_vsnodes_deaths: 0.
num_space_committed: 200.
num_space_uncommitted: 0.
num_chunks_returned_to_freelist: 0.
num_chunks_taken_from_freelist: 536.
num_chunk_merges: 0.
num_chunk_splits: 387.
num_chunks_enlarged: 318.
num_inconsistent_stats: 0.

CodeHeap 'non-profiled nmethods': size=119232Kb used=843Kb max_used=843Kb free=118388Kb
 bounds [0x0000023418fc0000, 0x0000023419230000, 0x0000023420430000]
CodeHeap 'profiled nmethods': size=119104Kb used=4703Kb max_used=4703Kb free=114400Kb
 bounds [0x0000023411430000, 0x00000234118d0000, 0x0000023418880000]
CodeHeap 'non-nmethods': size=7424Kb used=2451Kb max_used=3047Kb free=4972Kb
 bounds [0x0000023418880000, 0x0000023418b80000, 0x0000023418fc0000]
CodeCache: size=245760Kb, used=7997Kb, max_used=8593Kb, free=237760Kb
 total_blobs=3322, nmethods=2837, adapters=386, full_count=0
Compilation: enabled, stopped_count=0, restarted_count=0

Compilation events (20 events):
Event: 1.082 Thread 0x000002346e81aaf0 nmethod 2715 0x00000234118a6d08 code [0x00000234118a6e40, 0x00000234118a7140]
Event: 1.084 Thread 0x0000023428c66100 nmethod 2716 0x00000234118a7188 code [0x00000234118a74e0, 0x00000234118a92d8]
Event: 1.085 Thread 0x000002346e81aaf0 2717       3       jdk.internal.util.DecimalDigits::stringSize (47 bytes)
Event: 1.085 Thread 0x000002346e81aaf0 nmethod 2717 0x00000234118a9388 code [0x00000234118a94a0, 0x00000234118a96d0]
Event: 1.086 Thread 0x0000023428caea50 2718       4       com.google.inject.internal.asm.$SymbolTable$Entry::<init> (17 bytes)
Event: 1.087 Thread 0x0000023428caea50 nmethod 2718 0x000002341908ae08 code [0x000002341908af00, 0x000002341908b200]
Event: 1.087 Thread 0x000002346e8083e0 2719       3       java.lang.invoke.DirectMethodHandle::shouldBeInitialized (117 bytes)
Event: 1.087 Thread 0x0000023428b6eb00 2720       3       com.google.inject.internal.aop.ClassBuilding::signature (10 bytes)
Event: 1.087 Thread 0x000002346e8083e0 nmethod 2719 0x00000234118a9708 code [0x00000234118a98e0, 0x00000234118aa260]
Event: 1.088 Thread 0x0000023428b6eb00 nmethod 2720 0x00000234118aa308 code [0x00000234118aa440, 0x00000234118aa828]
Event: 1.088 Thread 0x000002346e8083e0 2721       3       java.lang.invoke.MethodHandles$Lookup::getDirectConstructor (7 bytes)
Event: 1.088 Thread 0x0000023428b6eb00 2722       3       java.lang.invoke.MethodHandles$Lookup::getDirectConstructorCommon (59 bytes)
Event: 1.088 Thread 0x0000023428c66100 2723       3       java.lang.invoke.MemberName::asConstructor (58 bytes)
Event: 1.088 Thread 0x000002346e8083e0 nmethod 2721 0x00000234118aa888 code [0x00000234118aa9a0, 0x00000234118aaad0]
Event: 1.088 Thread 0x0000023428c66100 nmethod 2723 0x00000234118aab88 code [0x00000234118aad20, 0x00000234118ab488]
Event: 1.088 Thread 0x0000023428b6eb00 nmethod 2722 0x00000234118ab508 code [0x00000234118ab680, 0x00000234118abd20]
Event: 1.088 Thread 0x000002346e8083e0 2724       3       java.lang.StringLatin1::getChars (102 bytes)
Event: 1.088 Thread 0x000002346e8083e0 nmethod 2724 0x00000234118abd88 code [0x00000234118abee0, 0x00000234118ac298]
Event: 1.089 Thread 0x0000023428b6eb00 2725       3       java.lang.ref.WeakReference::<init> (6 bytes)
Event: 1.089 Thread 0x0000023428b6eb00 nmethod 2725 0x00000234118ac308 code [0x00000234118ac440, 0x00000234118ac758]

GC Heap History (2 events):
Event: 0.842 GC heap before
{Heap before GC invocations=0 (full 0):
 garbage-first heap   total reserved 4124672K, committed 260096K, used 48244K [0x0000000704400000, 0x0000000800000000)
  region size 2048K, 24 young (49152K), 0 survivors (0K)
 Metaspace       used 9737K, committed 9920K, reserved 1114112K
  class space    used 885K, committed 960K, reserved 1048576K
}
Event: 0.845 GC heap after
{Heap after GC invocations=1 (full 0):
 garbage-first heap   total reserved 4124672K, committed 260096K, used 5721K [0x0000000704400000, 0x0000000800000000)
  region size 2048K, 3 young (6144K), 3 survivors (6144K)
 Metaspace       used 9737K, committed 9920K, reserved 1114112K
  class space    used 885K, committed 960K, reserved 1048576K
}

Dll operation events (8 events):
Event: 0.005 Loaded shared library C:\Program Files\Java\jdk-24\bin\java.dll
Event: 0.023 Loaded shared library C:\Program Files\Java\jdk-24\bin\jsvml.dll
Event: 0.026 Loaded shared library C:\Program Files\Java\jdk-24\bin\net.dll
Event: 0.027 Loaded shared library C:\Program Files\Java\jdk-24\bin\nio.dll
Event: 0.029 Loaded shared library C:\Program Files\Java\jdk-24\bin\zip.dll
Event: 0.115 Loaded shared library C:\Program Files\Java\jdk-24\bin\jimage.dll
Event: 0.116 Loaded shared library C:\Users\PinkDiamond\.m2\wrapper\dists\apache-maven-3.9.9\977a63e90f436cd6ade95b4c0e10c20c\lib\jansi-native\Windows\x86_64\jansi.dll
Event: 0.123 Loaded shared library C:\Program Files\Java\jdk-24\bin\verify.dll

Deoptimization events (20 events):
Event: 0.920 Thread 0x00000234066b8fa0 Uncommon trap: trap_request=0xffffffd6 fr.pc=0x000002341906ad9c relative=0x000000000000063c
Event: 0.920 Thread 0x00000234066b8fa0 Uncommon trap: reason=array_check action=maybe_recompile pc=0x000002341906ad9c method=jdk.internal.classfile.impl.SplitConstantPool.internalAdd(Ljava/lang/classfile/constantpool/PoolEntry;I)Ljava/lang/classfile/constantpool/PoolEntry; @ 46 c2
Event: 0.920 Thread 0x00000234066b8fa0 DEOPT PACKING pc=0x000002341906ad9c sp=0x0000003cd6ffc960
Event: 0.920 Thread 0x00000234066b8fa0 DEOPT UNPACKING pc=0x0000023418997802 sp=0x0000003cd6ffc8f0 mode 2
Event: 0.927 Thread 0x00000234066b8fa0 Uncommon trap: trap_request=0xffffff4d fr.pc=0x000002341902de50 relative=0x0000000000000290
Event: 0.927 Thread 0x00000234066b8fa0 Uncommon trap: reason=unstable_if action=reinterpret pc=0x000002341902de50 method=java.util.concurrent.ConcurrentHashMap.get(Ljava/lang/Object;)Ljava/lang/Object; @ 76 c2
Event: 0.927 Thread 0x00000234066b8fa0 DEOPT PACKING pc=0x000002341902de50 sp=0x0000003cd6ffba20
Event: 0.927 Thread 0x00000234066b8fa0 DEOPT UNPACKING pc=0x0000023418997802 sp=0x0000003cd6ffb998 mode 2
Event: 0.957 Thread 0x00000234066b8fa0 Uncommon trap: trap_request=0xffffff4d fr.pc=0x0000023419036ae4 relative=0x00000000000001c4
Event: 0.957 Thread 0x00000234066b8fa0 Uncommon trap: reason=unstable_if action=reinterpret pc=0x0000023419036ae4 method=java.lang.ClassLoader.checkName(Ljava/lang/String;)Z @ 1 c2
Event: 0.957 Thread 0x00000234066b8fa0 DEOPT PACKING pc=0x0000023419036ae4 sp=0x0000003cd6ffdfc0
Event: 0.957 Thread 0x00000234066b8fa0 DEOPT UNPACKING pc=0x0000023418997802 sp=0x0000003cd6ffdf58 mode 2
Event: 0.984 Thread 0x00000234066b8fa0 DEOPT PACKING pc=0x00000234117543bc sp=0x0000003cd6ffe570
Event: 0.984 Thread 0x00000234066b8fa0 DEOPT UNPACKING pc=0x00000234188d5722 sp=0x0000003cd6ffdad0 mode 0
Event: 1.020 Thread 0x00000234066b8fa0 DEOPT PACKING pc=0x000002341178d694 sp=0x0000003cd6ffd900
Event: 1.020 Thread 0x00000234066b8fa0 DEOPT UNPACKING pc=0x00000234188d5722 sp=0x0000003cd6ffcdb8 mode 0
Event: 1.021 Thread 0x00000234066b8fa0 Uncommon trap: trap_request=0xffffffec fr.pc=0x000002341907e860 relative=0x0000000000000240
Event: 1.021 Thread 0x00000234066b8fa0 Uncommon trap: reason=null_assert_or_unreached0 action=make_not_entrant pc=0x000002341907e860 method=java.lang.reflect.Method.copy()Ljava/lang/reflect/Method; @ 87 c2
Event: 1.021 Thread 0x00000234066b8fa0 DEOPT PACKING pc=0x000002341907e860 sp=0x0000003cd6ffddc0
Event: 1.021 Thread 0x00000234066b8fa0 DEOPT UNPACKING pc=0x0000023418997802 sp=0x0000003cd6ffdd48 mode 2

Classes loaded (20 events):
Event: 0.885 Loading class java/nio/channels/FileLock
Event: 0.885 Loading class java/nio/channels/FileLock done
Event: 0.897 Loading class java/nio/file/AccessDeniedException
Event: 0.897 Loading class java/nio/file/AccessDeniedException done
Event: 0.923 Loading class java/lang/ExceptionInInitializerError
Event: 0.923 Loading class java/lang/ExceptionInInitializerError done
Event: 0.927 Loading class jdk/internal/vm/annotation/ForceInline
Event: 0.927 Loading class jdk/internal/vm/annotation/ForceInline done
Event: 0.933 Loading class java/lang/ClassValue$ClassValueMap
Event: 0.934 Loading class java/lang/ClassValue$ClassValueMap done
Event: 0.948 Loading class sun/invoke/util/ValueConversions$1
Event: 0.948 Loading class sun/invoke/util/ValueConversions$1 done
Event: 0.950 Loading class java/lang/invoke/BoundMethodHandle$Species_LI
Event: 0.950 Loading class java/lang/invoke/BoundMethodHandle$Species_LI done
Event: 0.955 Loading class java/lang/invoke/BoundMethodHandle$Species_LLLLL
Event: 0.955 Loading class java/lang/invoke/BoundMethodHandle$Species_LLLLL done
Event: 1.020 Loading class sun/reflect/generics/scope/MethodScope
Event: 1.020 Loading class sun/reflect/generics/scope/MethodScope done
Event: 1.020 Loading class sun/reflect/generics/repository/MethodRepository
Event: 1.020 Loading class sun/reflect/generics/repository/MethodRepository done

Classes unloaded (0 events):
No events

Classes redefined (0 events):
No events

Internal exceptions (20 events):
Event: 0.139 Thread 0x00000234066b8fa0 Exception <a 'java/lang/NoSuchMethodError'{0x0000000713914c60}: 'void java.lang.invoke.DirectMethodHandle$Holder.invokeStatic(java.lang.Object, java.lang.Object, java.lang.Object)'> (0x0000000713914c60) 
thrown [s\open\src\hotspot\share\interpreter\linkResolver.cpp, line 805]
Event: 0.187 Thread 0x00000234066b8fa0 Exception <a 'java/lang/NoSuchMethodError'{0x00000007136b97d8}: 'java.lang.Object java.lang.invoke.DirectMethodHandle$Holder.invokeSpecialIFC(java.lang.Object, java.lang.Object, java.lang.Object, java.lang.Object)'> (0x00000007136b97d8) 
thrown [s\open\src\hotspot\share\interpreter\linkResolver.cpp, line 805]
Event: 0.307 Thread 0x00000234066b8fa0 Exception <a 'java/lang/NoSuchMethodError'{0x00000007133c76d8}: 'void java.lang.invoke.DirectMethodHandle$Holder.invokeSpecial(java.lang.Object, java.lang.Object, java.lang.Object)'> (0x00000007133c76d8) 
thrown [s\open\src\hotspot\share\interpreter\linkResolver.cpp, line 805]
Event: 0.334 Thread 0x00000234066b8fa0 Exception <a 'java/lang/NoSuchMethodError'{0x00000007130e94d8}: 'java.lang.Object java.lang.invoke.DirectMethodHandle$Holder.invokeInterface(java.lang.Object, java.lang.Object)'> (0x00000007130e94d8) 
thrown [s\open\src\hotspot\share\interpreter\linkResolver.cpp, line 805]
Event: 0.347 Thread 0x00000234066b8fa0 Exception <a 'java/lang/NoSuchMethodError'{0x0000000713196fd8}: 'int java.lang.invoke.DirectMethodHandle$Holder.invokeStatic(java.lang.Object, java.lang.Object, java.lang.Object, java.lang.Object)'> (0x0000000713196fd8) 
thrown [s\open\src\hotspot\share\interpreter\linkResolver.cpp, line 805]
Event: 0.351 Thread 0x00000234066b8fa0 Exception <a 'java/lang/NoSuchMethodError'{0x00000007131c0bc0}: 'int java.lang.invoke.DirectMethodHandle$Holder.invokeSpecialIFC(java.lang.Object, java.lang.Object, java.lang.Object, java.lang.Object, java.lang.Object)'> (0x00000007131c0bc0) 
thrown [s\open\src\hotspot\share\interpreter\linkResolver.cpp, line 805]
Event: 0.387 Thread 0x00000234066b8fa0 Exception <a 'java/lang/NoSuchMethodError'{0x0000000712f939a8}: 'java.lang.Object java.lang.invoke.DirectMethodHandle$Holder.newInvokeSpecial(java.lang.Object, java.lang.Object, java.lang.Object, java.lang.Object, java.lang.Object)'> (0x0000000712f939a8) 
thrown [s\open\src\hotspot\share\interpreter\linkResolver.cpp, line 805]
Event: 0.411 Thread 0x00000234066b8fa0 Exception <a 'java/lang/NoSuchMethodError'{0x0000000712cd3230}: 'int java.lang.invoke.DirectMethodHandle$Holder.invokeStaticInit(java.lang.Object, java.lang.Object)'> (0x0000000712cd3230) 
thrown [s\open\src\hotspot\share\interpreter\linkResolver.cpp, line 805]
Event: 0.417 Thread 0x00000234066b8fa0 Exception <a 'java/lang/NoClassDefFoundError'{0x0000000712d0dea8}: javax/enterprise/inject/Typed> (0x0000000712d0dea8) 
thrown [s\open\src\hotspot\share\classfile\systemDictionary.cpp, line 316]
Event: 0.921 Thread 0x00000234066b8fa0 Exception <a 'java/lang/NoSuchMethodError'{0x0000000713b8b170}: 'void java.lang.invoke.DirectMethodHandle$Holder.invokeStaticInit(java.lang.Object, java.lang.Object, java.lang.Object)'> (0x0000000713b8b170) 
thrown [s\open\src\hotspot\share\interpreter\linkResolver.cpp, line 805]
Event: 0.926 Thread 0x00000234066b8fa0 Exception <a 'java/lang/ExceptionInInitializerError'{0x0000000713bd9348}> (0x0000000713bd9348) 
thrown [s\open\src\hotspot\share\oops\instanceKlass.cpp, line 1328]
Event: 0.930 Thread 0x00000234066b8fa0 Exception <a 'java/lang/NoSuchMethodError'{0x000000071387cea0}: 'java.lang.Object java.lang.invoke.DirectMethodHandle$Holder.invokeStatic(java.lang.Object, long)'> (0x000000071387cea0) 
thrown [s\open\src\hotspot\share\interpreter\linkResolver.cpp, line 805]
Event: 0.930 Thread 0x00000234066b8fa0 Exception <a 'java/lang/NoSuchMethodError'{0x000000071388d2f8}: 'long java.lang.invoke.DelegatingMethodHandle$Holder.reinvoke_L(java.lang.Object, java.lang.Object, java.lang.Object)'> (0x000000071388d2f8) 
thrown [s\open\src\hotspot\share\interpreter\linkResolver.cpp, line 805]
Event: 0.949 Thread 0x00000234066b8fa0 Exception <a 'java/lang/NoSuchMethodError'{0x000000071399d4f8}: 'long java.lang.invoke.DelegatingMethodHandle$Holder.reinvoke_L(java.lang.Object, java.lang.Object, int)'> (0x000000071399d4f8) 
thrown [s\open\src\hotspot\share\interpreter\linkResolver.cpp, line 805]
Event: 0.951 Thread 0x00000234066b8fa0 Exception <a 'java/lang/NoSuchMethodError'{0x00000007139b4de8}: 'java.lang.Object java.lang.invoke.DirectMethodHandle$Holder.invokeStatic(java.lang.Object, java.lang.Object, java.lang.Object, java.lang.Object, int)'> (0x00000007139b4de8) 
thrown [s\open\src\hotspot\share\interpreter\linkResolver.cpp, line 805]
Event: 0.952 Thread 0x00000234066b8fa0 Exception <a 'java/lang/NoSuchMethodError'{0x00000007139c64f8}: 'java.lang.Object java.lang.invoke.DirectMethodHandle$Holder.invokeSpecial(java.lang.Object, java.lang.Object, java.lang.Object, java.lang.Object, long)'> (0x00000007139c64f8) 
thrown [s\open\src\hotspot\share\interpreter\linkResolver.cpp, line 805]
Event: 0.956 Thread 0x00000234066b8fa0 Exception <a 'java/lang/NoSuchMethodError'{0x000000071361c348}: 'java.lang.Object java.lang.invoke.DirectMethodHandle$Holder.invokeStatic(java.lang.Object, java.lang.Object, java.lang.Object, java.lang.Object, java.lang.Object, java.lang.Object, java.lang.Object, java.lang.Object)'> (0x000000071361c348) 
thrown [s\open\src\hotspot\share\interpreter\linkResolver.cpp, line 805]
Event: 0.956 Thread 0x00000234066b8fa0 Exception <a 'java/lang/NoSuchMethodError'{0x000000071362f6a8}: 'java.lang.Object java.lang.invoke.Invokers$Holder.invokeExact_MT(java.lang.Object, java.lang.Object, java.lang.Object, java.lang.Object, java.lang.Object, java.lang.Object)'> (0x000000071362f6a8) 
thrown [s\open\src\hotspot\share\interpreter\linkResolver.cpp, line 805]
Event: 0.957 Thread 0x00000234066b8fa0 Implicit null exception at 0x000002341903693d to 0x0000023419036ad0
Event: 0.959 Thread 0x00000234066b8fa0 Exception <a 'java/lang/NoSuchMethodError'{0x0000000713648bf0}: 'java.lang.Object java.lang.invoke.Invokers$Holder.invokeExact_MT(java.lang.Object, int, java.lang.Object)'> (0x0000000713648bf0) 
thrown [s\open\src\hotspot\share\interpreter\linkResolver.cpp, line 805]

VM Operations (18 events):
Event: 0.109 Executing VM operation: HandshakeAllThreads (Deoptimize)
Event: 0.109 Executing VM operation: HandshakeAllThreads (Deoptimize) done
Event: 0.118 Executing VM operation: HandshakeAllThreads (Deoptimize)
Event: 0.118 Executing VM operation: HandshakeAllThreads (Deoptimize) done
Event: 0.725 Executing VM operation: HandshakeAllThreads (Deoptimize)
Event: 0.725 Executing VM operation: HandshakeAllThreads (Deoptimize) done
Event: 0.794 Executing VM operation: HandshakeAllThreads (Deoptimize)
Event: 0.794 Executing VM operation: HandshakeAllThreads (Deoptimize) done
Event: 0.842 Executing VM operation: G1CollectForAllocation (G1 Evacuation Pause)
Event: 0.845 Executing VM operation: G1CollectForAllocation (G1 Evacuation Pause) done
Event: 0.934 Executing VM operation: HandshakeAllThreads (Deoptimize)
Event: 0.934 Executing VM operation: HandshakeAllThreads (Deoptimize) done
Event: 0.982 Executing VM operation: HandshakeAllThreads (Deoptimize)
Event: 0.982 Executing VM operation: HandshakeAllThreads (Deoptimize) done
Event: 0.983 Executing VM operation: HandshakeAllThreads (Deoptimize)
Event: 0.984 Executing VM operation: HandshakeAllThreads (Deoptimize) done
Event: 1.020 Executing VM operation: HandshakeAllThreads (Deoptimize)
Event: 1.020 Executing VM operation: HandshakeAllThreads (Deoptimize) done

Memory protections (0 events):
No events

Nmethod flushes (0 events):
No events

Events (20 events):
Event: 0.015 Thread 0x00000234066b8fa0 Thread added: 0x00000234066b8fa0
Event: 0.021 Thread 0x00000234066b8fa0 Thread added: 0x0000023428b5ed20
Event: 0.021 Thread 0x00000234066b8fa0 Thread added: 0x0000023428b5f460
Event: 0.021 Thread 0x00000234066b8fa0 Thread added: 0x0000023428b63290
Event: 0.021 Thread 0x00000234066b8fa0 Thread added: 0x0000023428b659e0
Event: 0.021 Thread 0x00000234066b8fa0 Thread added: 0x0000023428b696b0
Event: 0.021 Thread 0x00000234066b8fa0 Thread added: 0x0000023428b6a960
Event: 0.021 Thread 0x00000234066b8fa0 Thread added: 0x0000023428b6d6d0
Event: 0.021 Thread 0x00000234066b8fa0 Thread added: 0x0000023428b6eb00
Event: 0.023 Thread 0x00000234066b8fa0 Thread added: 0x0000023428bee5c0
Event: 0.025 Thread 0x00000234066b8fa0 Thread added: 0x0000023428c13cd0
Event: 0.047 Thread 0x0000023428b6eb00 Thread added: 0x0000023428c66100
Event: 0.050 Thread 0x0000023428b6d6d0 Thread added: 0x0000023428caea50
Event: 0.114 Thread 0x00000234066b8fa0 Thread added: 0x000002346e797050
Event: 0.120 Thread 0x000002346e797050 Thread exited: 0x000002346e797050
Event: 0.211 Thread 0x0000023428c66100 Thread added: 0x000002346e8083e0
Event: 0.211 Thread 0x0000023428c66100 Thread added: 0x000002346e81aaf0
Event: 0.426 Thread 0x0000023428b6eb00 Thread added: 0x000002346e9901a0
Event: 0.427 Thread 0x0000023428b6eb00 Thread added: 0x000002346e990d30
Event: 0.442 Thread 0x000002346e81aaf0 Thread added: 0x000002346e95de10


Dynamic libraries:
0x00007ff7afae0000 - 0x00007ff7afaf0000 	C:\Program Files\Java\jdk-24\bin\java.exe
0x00007ffff9960000 - 0x00007ffff9bc7000 	C:\WINDOWS\SYSTEM32\ntdll.dll
0x00007ffff8b90000 - 0x00007ffff8c59000 	C:\WINDOWS\System32\KERNEL32.DLL
0x00007ffff6bd0000 - 0x00007ffff6fc0000 	C:\WINDOWS\System32\KERNELBASE.dll
0x00007ffff7060000 - 0x00007ffff71ab000 	C:\WINDOWS\System32\ucrtbase.dll
0x00007fffb5ea0000 - 0x00007fffb5ebb000 	C:\Program Files\Java\jdk-24\bin\VCRUNTIME140.dll
0x00007fffb7930000 - 0x00007fffb7946000 	C:\Program Files\Java\jdk-24\bin\jli.dll
0x00007ffff9150000 - 0x00007ffff9315000 	C:\WINDOWS\System32\USER32.dll
0x00007fffda660000 - 0x00007fffda8fa000 	C:\WINDOWS\WinSxS\amd64_microsoft.windows.common-controls_6595b64144ccf1df_6.0.26100.4768_none_3e0c112ce331287c\COMCTL32.dll
0x00007ffff76c0000 - 0x00007ffff76e7000 	C:\WINDOWS\System32\win32u.dll
0x00007ffff93a0000 - 0x00007ffff93cb000 	C:\WINDOWS\System32\GDI32.dll
0x00007ffff8e40000 - 0x00007ffff8ee9000 	C:\WINDOWS\System32\msvcrt.dll
0x00007ffff6a90000 - 0x00007ffff6bc8000 	C:\WINDOWS\System32\gdi32full.dll
0x00007ffff7330000 - 0x00007ffff73d3000 	C:\WINDOWS\System32\msvcp_win.dll
0x00007ffff8b20000 - 0x00007ffff8b4f000 	C:\WINDOWS\System32\IMM32.DLL
0x00007fffcc2b0000 - 0x00007fffcc2bc000 	C:\Program Files\Java\jdk-24\bin\vcruntime140_1.dll
0x00007fff90300000 - 0x00007fff9038e000 	C:\Program Files\Java\jdk-24\bin\msvcp140.dll
0x00007fff82410000 - 0x00007fff831b2000 	C:\Program Files\Java\jdk-24\bin\server\jvm.dll
0x00007ffff9090000 - 0x00007ffff9144000 	C:\WINDOWS\System32\ADVAPI32.dll
0x00007ffff81f0000 - 0x00007ffff8296000 	C:\WINDOWS\System32\sechost.dll
0x00007ffff8cc0000 - 0x00007ffff8dd8000 	C:\WINDOWS\System32\RPCRT4.dll
0x00007ffff8f10000 - 0x00007ffff8f84000 	C:\WINDOWS\System32\WS2_32.dll
0x00007ffff5f20000 - 0x00007ffff5f7e000 	C:\WINDOWS\SYSTEM32\POWRPROF.dll
0x00007fffebea0000 - 0x00007fffebed5000 	C:\WINDOWS\SYSTEM32\WINMM.dll
0x00007fffeeed0000 - 0x00007fffeeedb000 	C:\WINDOWS\SYSTEM32\VERSION.dll
0x00007ffff5ed0000 - 0x00007ffff5ee4000 	C:\WINDOWS\SYSTEM32\UMPDC.dll
0x00007ffff57a0000 - 0x00007ffff57bb000 	C:\WINDOWS\SYSTEM32\kernel.appcore.dll
0x00007fffc8750000 - 0x00007fffc875a000 	C:\Program Files\Java\jdk-24\bin\jimage.dll
0x00007ffff4230000 - 0x00007ffff4471000 	C:\WINDOWS\SYSTEM32\DBGHELP.DLL
0x00007ffff93d0000 - 0x00007ffff9755000 	C:\WINDOWS\System32\combase.dll
0x00007ffff8410000 - 0x00007ffff84f0000 	C:\WINDOWS\System32\OLEAUT32.dll
0x00007fffd4ae0000 - 0x00007fffd4b23000 	C:\WINDOWS\SYSTEM32\dbgcore.DLL
0x00007ffff7620000 - 0x00007ffff76b9000 	C:\WINDOWS\System32\bcryptPrimitives.dll
0x00007fffb58f0000 - 0x00007fffb590e000 	C:\Program Files\Java\jdk-24\bin\java.dll
0x00007ffff76f0000 - 0x00007ffff7890000 	C:\WINDOWS\System32\ole32.dll
0x00007ffff7aa0000 - 0x00007ffff81ed000 	C:\WINDOWS\System32\SHELL32.dll
0x00007ffff73e0000 - 0x00007ffff7553000 	C:\WINDOWS\System32\wintypes.dll
0x00007ffff4650000 - 0x00007ffff4eb0000 	C:\WINDOWS\SYSTEM32\windows.storage.dll
0x00007ffff8f90000 - 0x00007ffff9085000 	C:\WINDOWS\System32\SHCORE.dll
0x00007ffff89b0000 - 0x00007ffff8a1a000 	C:\WINDOWS\System32\shlwapi.dll
0x00007ffff69b0000 - 0x00007ffff69d9000 	C:\WINDOWS\SYSTEM32\profapi.dll
0x00007fff8e640000 - 0x00007fff8e717000 	C:\Program Files\Java\jdk-24\bin\jsvml.dll
0x00007fffc5b90000 - 0x00007fffc5ba0000 	C:\Program Files\Java\jdk-24\bin\net.dll
0x00007ffff5e30000 - 0x00007ffff5e9b000 	C:\WINDOWS\system32\mswsock.dll
0x00007fffb58d0000 - 0x00007fffb58e6000 	C:\Program Files\Java\jdk-24\bin\nio.dll
0x00007fffb1c60000 - 0x00007fffb1c77000 	C:\Program Files\Java\jdk-24\bin\zip.dll
0x00007fffcac80000 - 0x00007fffcaca4000 	C:\Users\PinkDiamond\.m2\wrapper\dists\apache-maven-3.9.9\977a63e90f436cd6ade95b4c0e10c20c\lib\jansi-native\Windows\x86_64\jansi.dll
0x00007fffd9620000 - 0x00007fffd9630000 	C:\Program Files\Java\jdk-24\bin\verify.dll

JVMTI agents: none

dbghelp: loaded successfully - version: 4.0.5 - missing functions: none
symbol engine: initialized successfully - sym options: 0x614 - pdb path: .;C:\Program Files\Java\jdk-24\bin;C:\WINDOWS\SYSTEM32;C:\WINDOWS\WinSxS\amd64_microsoft.windows.common-controls_6595b64144ccf1df_6.0.26100.4768_none_3e0c112ce331287c;C:\Program Files\Java\jdk-24\bin\server;C:\Users\PinkDiamond\.m2\wrapper\dists\apache-maven-3.9.9\977a63e90f436cd6ade95b4c0e10c20c\lib\jansi-native\Windows\x86_64

VM Arguments:
jvm_args: -Dclassworlds.conf=C:\Users\PinkDiamond\.m2\wrapper\dists\apache-maven-3.9.9\977a63e90f436cd6ade95b4c0e10c20c\bin\m2.conf -Dmaven.home=C:\Users\PinkDiamond\.m2\wrapper\dists\apache-maven-3.9.9\977a63e90f436cd6ade95b4c0e10c20c -Dlibrary.jansi.path=C:\Users\PinkDiamond\.m2\wrapper\dists\apache-maven-3.9.9\977a63e90f436cd6ade95b4c0e10c20c\lib\jansi-native -Dmaven.multiModuleProjectDirectory=d:\ProjectVSCode\SWP391-G4-BLOCK5-main 
java_command: org.codehaus.plexus.classworlds.launcher.Launcher -q help:effective-pom -Doutput=d:\ProjectVSCode\SWP391-G4-BLOCK5-main\effective-pom.xml
java_class_path (initial): C:\Users\PinkDiamond\.m2\wrapper\dists\apache-maven-3.9.9\977a63e90f436cd6ade95b4c0e10c20c\boot\plexus-classworlds-2.8.0.jar
Launcher Type: SUN_STANDARD

[Global flags]
     intx CICompilerCount                          = 12                                        {product} {ergonomic}
     uint ConcGCThreads                            = 3                                         {product} {ergonomic}
     uint G1ConcRefinementThreads                  = 13                                        {product} {ergonomic}
   size_t G1HeapRegionSize                         = 2097152                                   {product} {ergonomic}
   size_t InitialHeapSize                          = 264241152                                 {product} {ergonomic}
   size_t MarkStackSize                            = 4194304                                   {product} {ergonomic}
   size_t MarkStackSizeMax                         = 536870912                                 {product} {ergonomic}
   size_t MaxHeapSize                              = 4223664128                                {product} {ergonomic}
   size_t MaxNewSize                               = 2533359616                                {product} {ergonomic}
   size_t MinHeapDeltaBytes                        = 2097152                                   {product} {ergonomic}
   size_t MinHeapSize                              = 8388608                                   {product} {ergonomic}
    uintx NonNMethodCodeHeapSize                   = 7602176                                {pd product} {ergonomic}
    uintx NonProfiledCodeHeapSize                  = 122093568                              {pd product} {ergonomic}
    uintx ProfiledCodeHeapSize                     = 121962496                              {pd product} {ergonomic}
    uintx ReservedCodeCacheSize                    = 251658240                              {pd product} {ergonomic}
     bool SegmentedCodeCache                       = true                                      {product} {ergonomic}
   size_t SoftMaxHeapSize                          = 4223664128                             {manageable} {ergonomic}
     bool UseCompressedOops                        = true                           {product lp64_product} {ergonomic}
     bool UseG1GC                                  = true                                      {product} {ergonomic}
     bool UseLargePagesIndividualAllocation        = false                                  {pd product} {ergonomic}

Logging:
Log output configuration:
 #0: stdout all=warning uptime,level,tags foldmultilines=false
 #1: stderr all=off uptime,level,tags foldmultilines=false

Environment Variables:
JAVA_HOME=C:\Program Files\Java\jdk-24
PATH=C:\Program Files\Java\jdk-22\bin;C:\WINDOWS\system32;C:\WINDOWS;C:\WINDOWS\System32\Wbem;C:\WINDOWS\System32\WindowsPowerShell\v1.0\;C:\WINDOWS\System32\OpenSSH\;C:\Program Files\NVIDIA Corporation\NVIDIA App\NvDLISR;C:\Program Files (x86)\NVIDIA Corporation\PhysX\Common;C:\Program Files\MySQL\MySQL Server 8.0\bin;C:\Program Files\apachemaven\apache-maven-3.9.11\bin;C:\Program Files (x86)\Microsoft SQL Server\160\Tools\Binn\;C:\Program Files\Microsoft SQL Server\160\Tools\Binn\;C:\Program Files\Microsoft SQL Server\Client SDK\ODBC\170\Tools\Binn\;C:\Program Files\Microsoft SQL Server\160\DTS\Binn\;C:\Program Files (x86)\Microsoft SQL Server\160\DTS\Binn\;C:\Program Files\Git\cmd;C:\Program Files\Cloudflare\Cloudflare WARP\;C:\Program Files\MySQL\MySQL Shell 8.0\bin\;C:\Users\PinkDiamond\AppData\Local\Microsoft\WindowsApps;C:\Users\PinkDiamond\AppData\Local\GitHubDesktop\bin;C:\Users\PinkDiamond\AppData\Local\Programs\Microsoft VS Code\bin;C:\Users\PinkDiamond\AppData\Local\Programs\cursor\resources\app\bin;C:\Program Files\Java\jdk-22\bin;
USERNAME=PinkDiamond
OS=Windows_NT
PROCESSOR_IDENTIFIER=Intel64 Family 6 Model 154 Stepping 3, GenuineIntel
TMP=C:\Users\PinkDiamond\AppData\Local\Temp
TEMP=C:\Users\PinkDiamond\AppData\Local\Temp




Periodic native trim disabled

---------------  S Y S T E M  ---------------

OS:
 Windows 11 , 64 bit Build 26100 (10.0.26100.4768)
OS uptime: 1 days 18:32 hours
Hyper-V role detected

CPU: total 16 (initial active 16) (8 cores per cpu, 2 threads per core) family 6 model 154 stepping 3 microcode 0x435, cx8, cmov, fxsr, ht, mmx, 3dnowpref, sse, sse2, sse3, ssse3, sse4.1, sse4.2, popcnt, lzcnt, tsc, tscinvbit, avx, avx2, aes, erms, clmul, bmi1, bmi2, adx, sha, fma, vzeroupper, clflush, clflushopt, clwb, hv, serialize, rdtscp, rdpid, fsrm, gfni, f16c, cet_ibt, cet_ss
Processor Information for processor 0
  Max Mhz: 2500, Current Mhz: 2500, Mhz Limit: 2500
Processor Information for processor 1
  Max Mhz: 2500, Current Mhz: 2500, Mhz Limit: 2500
Processor Information for processor 2
  Max Mhz: 2500, Current Mhz: 2500, Mhz Limit: 2500
Processor Information for processor 3
  Max Mhz: 2500, Current Mhz: 2500, Mhz Limit: 2500
Processor Information for processor 4
  Max Mhz: 2500, Current Mhz: 2500, Mhz Limit: 2500
Processor Information for processor 5
  Max Mhz: 2500, Current Mhz: 2500, Mhz Limit: 2500
Processor Information for processor 6
  Max Mhz: 2500, Current Mhz: 2500, Mhz Limit: 2500
Processor Information for processor 7
  Max Mhz: 2500, Current Mhz: 2500, Mhz Limit: 2500
Processor Information for processor 8
  Max Mhz: 2500, Current Mhz: 1500, Mhz Limit: 1800
Processor Information for processor 9
  Max Mhz: 2500, Current Mhz: 1800, Mhz Limit: 1800
Processor Information for processor 10
  Max Mhz: 2500, Current Mhz: 1800, Mhz Limit: 1800
Processor Information for processor 11
  Max Mhz: 2500, Current Mhz: 1800, Mhz Limit: 1800
Processor Information for processor 12
  Max Mhz: 2500, Current Mhz: 1800, Mhz Limit: 1800
Processor Information for processor 13
  Max Mhz: 2500, Current Mhz: 1800, Mhz Limit: 1800
Processor Information for processor 14
  Max Mhz: 2500, Current Mhz: 1800, Mhz Limit: 1800
Processor Information for processor 15
  Max Mhz: 2500, Current Mhz: 1800, Mhz Limit: 1800

Memory: 4k page, system-wide physical 16109M (1278M free)
TotalPageFile size 28397M (AvailPageFile size 13M)
current process WorkingSet (physical memory assigned to process): 132M, peak: 132M
current process commit charge ("private bytes"): 389M, peak: 390M

vm_info: Java HotSpot(TM) 64-Bit Server VM (24.0.1+9-30) for windows-amd64 JRE (24.0.1+9-30), built on 2025-03-05T07:23:45Z with MS VC++ 17.6 (VS2022)

END.
