#
# There is insufficient memory for the Java Runtime Environment to continue.
# Native memory allocation (mmap) failed to map 264241152 bytes. Error detail: G1 virtual space
# Possible reasons:
#   The system is out of physical RAM or swap space
#   This process is running with CompressedOops enabled, and the Java Heap may be blocking the growth of the native heap
# Possible solutions:
#   Reduce memory load on the system
#   Increase physical memory or swap space
#   Check if swap backing store is full
#   Decrease Java heap size (-Xmx/-Xms)
#   Decrease number of Java threads
#   Decrease Java thread stack sizes (-Xss)
#   Set larger code cache with -XX:ReservedCodeCacheSize=
#   JVM is running with Zero Based Compressed Oops mode in which the Java heap is
#     placed in the first 32GB address space. The Java Heap base address is the
#     maximum limit for the native heap growth. Please use -XX:HeapBaseMinAddress
#     to set the Java Heap base and to place the Java Heap above 32GB virtual address.
# This output file may be truncated or incomplete.
#
#  Out of Memory Error (os_windows.cpp:3564), pid=13960, tid=17744
#
# JRE version:  (24.0.1+9) (build )
# Java VM: Java HotSpot(TM) 64-Bit Server VM (24.0.1+9-30, mixed mode, sharing, tiered, compressed oops, compressed class ptrs, g1 gc, windows-amd64)
# No core dump will be written. Minidumps are not enabled by default on client versions of Windows
#

---------------  S U M M A R Y ------------

Command Line: -Dclassworlds.conf=C:\Users\PinkDiamond\.m2\wrapper\dists\apache-maven-3.9.9\977a63e90f436cd6ade95b4c0e10c20c\bin\m2.conf -Dmaven.home=C:\Users\PinkDiamond\.m2\wrapper\dists\apache-maven-3.9.9\977a63e90f436cd6ade95b4c0e10c20c -Dlibrary.jansi.path=C:\Users\PinkDiamond\.m2\wrapper\dists\apache-maven-3.9.9\977a63e90f436cd6ade95b4c0e10c20c\lib\jansi-native -Dmaven.multiModuleProjectDirectory=d:\ProjectVSCode\SWP391-G4-BLOCK5-main org.codehaus.plexus.classworlds.launcher.Launcher --version

Host: 12th Gen Intel(R) Core(TM) i5-12500H, 16 cores, 15G,  Windows 11 , 64 bit Build 26100 (10.0.26100.4768)
Time: Fri Aug 15 17:08:14 2025 SE Asia Standard Time elapsed time: 1.181429 seconds (0d 0h 0m 1s)

---------------  T H R E A D  ---------------

Current thread (0x00000146f32831d0):  JavaThread "Unknown thread" [_thread_in_vm, id=17744, stack(0x0000000bdba00000,0x0000000bdbb00000) (1024K)]

Stack: [0x0000000bdba00000,0x0000000bdbb00000]
Native frames: (J=compiled Java code, j=interpreted, Vv=VM code, C=native code)
V  [jvm.dll+0x730739]  (no source info available)
V  [jvm.dll+0x8d9b23]  (no source info available)
V  [jvm.dll+0x8dc00d]  (no source info available)
V  [jvm.dll+0x8dc683]  (no source info available)
V  [jvm.dll+0x2aa086]  (no source info available)
V  [jvm.dll+0x72cc65]  (no source info available)
V  [jvm.dll+0x72059a]  (no source info available)
V  [jvm.dll+0x390cea]  (no source info available)
V  [jvm.dll+0x3989f6]  (no source info available)
V  [jvm.dll+0x38523e]  (no source info available)
V  [jvm.dll+0x3854f8]  (no source info available)
V  [jvm.dll+0x35d0cc]  (no source info available)
V  [jvm.dll+0x35dd8d]  (no source info available)
V  [jvm.dll+0x89d28f]  (no source info available)
V  [jvm.dll+0x3f985d]  (no source info available)
V  [jvm.dll+0x8858e6]  (no source info available)
V  [jvm.dll+0x495f3e]  (no source info available)
V  [jvm.dll+0x497d11]  (no source info available)
C  [jli.dll+0x52a1]  (no source info available)
C  [ucrtbase.dll+0x37b0]  (no source info available)
C  [KERNEL32.DLL+0x2e8d7]  (no source info available)
C  [ntdll.dll+0x3c34c]  (no source info available)

Lock stack of current Java thread (top to bottom):


---------------  P R O C E S S  ---------------

Threads class SMR info:
_java_thread_list=0x00007ff94fcef318, length=0, elements={
}

Java Threads: ( => current thread )
Total: 0

Other Threads:
  0x00000146f57c4ec0 WorkerThread "GC Thread#0"                     [id=8096, stack(0x0000000bdbb00000,0x0000000bdbc00000) (1024K)]
  0x00000146f57d99c0 ConcurrentGCThread "G1 Main Marker"            [id=28824, stack(0x0000000bdbc00000,0x0000000bdbd00000) (1024K)]
  0x00000146f57da850 WorkerThread "G1 Conc#0"                       [id=11044, stack(0x0000000bdbd00000,0x0000000bdbe00000) (1024K)]

[error occurred during error reporting (printing all threads), id 0xc0000005, EXCEPTION_ACCESS_VIOLATION (0xc0000005) at pc=0x00007ff94f4214ea]
VM state: not at safepoint (not fully initialized)

VM Mutex/Monitor currently owned by a thread:  ([mutex/lock_event])
[0x00007ff94fd745b0] Heap_lock - owner thread: 0x00000146f32831d0

Heap address: 0x0000000704400000, size: 4028 MB, Compressed Oops mode: Zero based, Oop shift amount: 3

CDS archive(s) mapped at: [0x0000000000000000-0x0000000000000000-0x0000000000000000), size 0, SharedBaseAddress: 0x0000000800000000, ArchiveRelocationMode: 1.
UseCompressedClassPointers 1, UseCompactObjectHeaders 0
Narrow klass pointer bits 32, Max shift 3
Narrow klass base: 0xffffffffffffffff, Narrow klass shift: -1
Encoding Range: [0xffffffffffffffff - 0x000000007fffffff), (2147483648 bytes)
Klass Range:    [0x0000000000000000 - 0x0000000000000000), (0 bytes)
Klass ID Range:  [4294967295 - 0) (1)

GC Precious Log:
 CardTable entry size: 512
 Card Set container configuration: InlinePtr #cards 4 size 8 Array Of Cards #cards 16 size 48 Howl #buckets 8 coarsen threshold 3686 Howl Bitmap #cards 512 size 80 coarsen threshold 460 Card regions per heap region 1 cards per card region 4096

Heap:
 garbage-first heap   total reserved 4124672K, committed 0K, used 0K [0x0000000704400000, 0x0000000800000000)
  region size 2048K, 0 young (0K), 0 survivors (0K)

[error occurred during error reporting (printing heap information), id 0xc0000005, EXCEPTION_ACCESS_VIOLATION (0xc0000005) at pc=0x00007ff94f83e3e9]
GC Heap History (0 events):
No events

Dll operation events (1 events):
Event: 0.009 Loaded shared library C:\Program Files\Java\jdk-24\bin\java.dll

Deoptimization events (0 events):
No events

Classes loaded (0 events):
No events

Classes unloaded (0 events):
No events

Classes redefined (0 events):
No events

Internal exceptions (0 events):
No events

VM Operations (0 events):
No events

Memory protections (0 events):
No events

Nmethod flushes (0 events):
No events

Events (0 events):
No events


Dynamic libraries:
0x00007ff6e0d20000 - 0x00007ff6e0d30000 	C:\Program Files\Java\jdk-24\bin\java.exe
0x00007ffa05f60000 - 0x00007ffa061c7000 	C:\WINDOWS\SYSTEM32\ntdll.dll
0x00007ffa046d0000 - 0x00007ffa04799000 	C:\WINDOWS\System32\KERNEL32.DLL
0x00007ffa03580000 - 0x00007ffa03970000 	C:\WINDOWS\System32\KERNELBASE.dll
0x00007ffa03980000 - 0x00007ffa03acb000 	C:\WINDOWS\System32\ucrtbase.dll
0x00007ff964370000 - 0x00007ff96438b000 	C:\Program Files\Java\jdk-24\bin\VCRUNTIME140.dll
0x00007ff964350000 - 0x00007ff964366000 	C:\Program Files\Java\jdk-24\bin\jli.dll
0x00007ff9e7760000 - 0x00007ff9e79fa000 	C:\WINDOWS\WinSxS\amd64_microsoft.windows.common-controls_6595b64144ccf1df_6.0.26100.4768_none_3e0c112ce331287c\COMCTL32.dll
0x00007ffa05aa0000 - 0x00007ffa05c65000 	C:\WINDOWS\System32\USER32.dll
0x00007ffa04880000 - 0x00007ffa04929000 	C:\WINDOWS\System32\msvcrt.dll
0x00007ffa03550000 - 0x00007ffa03577000 	C:\WINDOWS\System32\win32u.dll
0x00007ffa05620000 - 0x00007ffa0564b000 	C:\WINDOWS\System32\GDI32.dll
0x00007ffa031d0000 - 0x00007ffa03308000 	C:\WINDOWS\System32\gdi32full.dll
0x00007ffa03090000 - 0x00007ffa03133000 	C:\WINDOWS\System32\msvcp_win.dll
0x00007ffa049b0000 - 0x00007ffa049df000 	C:\WINDOWS\System32\IMM32.DLL
0x00007ff9c7300000 - 0x00007ff9c730c000 	C:\Program Files\Java\jdk-24\bin\vcruntime140_1.dll
0x00007ff9642c0000 - 0x00007ff96434e000 	C:\Program Files\Java\jdk-24\bin\msvcp140.dll
0x00007ff94f0b0000 - 0x00007ff94fe52000 	C:\Program Files\Java\jdk-24\bin\server\jvm.dll
0x00007ffa05650000 - 0x00007ffa05704000 	C:\WINDOWS\System32\ADVAPI32.dll
0x00007ffa047d0000 - 0x00007ffa04876000 	C:\WINDOWS\System32\sechost.dll
0x00007ffa05c80000 - 0x00007ffa05d98000 	C:\WINDOWS\System32\RPCRT4.dll
0x00007ffa04930000 - 0x00007ffa049a4000 	C:\WINDOWS\System32\WS2_32.dll
0x00007ffa02560000 - 0x00007ffa025be000 	C:\WINDOWS\SYSTEM32\POWRPROF.dll
0x00007ff9f7020000 - 0x00007ff9f7055000 	C:\WINDOWS\SYSTEM32\WINMM.dll
0x00007ff9f6bb0000 - 0x00007ff9f6bbb000 	C:\WINDOWS\SYSTEM32\VERSION.dll
0x00007ffa02540000 - 0x00007ffa02554000 	C:\WINDOWS\SYSTEM32\UMPDC.dll
0x00007ffa01e10000 - 0x00007ffa01e2b000 	C:\WINDOWS\SYSTEM32\kernel.appcore.dll
0x00007ff9c3f60000 - 0x00007ff9c3f6a000 	C:\Program Files\Java\jdk-24\bin\jimage.dll
0x00007ffa00680000 - 0x00007ffa008c1000 	C:\WINDOWS\SYSTEM32\DBGHELP.DLL
0x00007ffa05710000 - 0x00007ffa05a95000 	C:\WINDOWS\System32\combase.dll
0x00007ffa05db0000 - 0x00007ffa05e90000 	C:\WINDOWS\System32\OLEAUT32.dll
0x00007ff9e0330000 - 0x00007ff9e0373000 	C:\WINDOWS\SYSTEM32\dbgcore.DLL
0x00007ffa03ad0000 - 0x00007ffa03b69000 	C:\WINDOWS\System32\bcryptPrimitives.dll
0x00007ff9642a0000 - 0x00007ff9642be000 	C:\Program Files\Java\jdk-24\bin\java.dll
0x00007ffa051f0000 - 0x00007ffa05390000 	C:\WINDOWS\System32\ole32.dll
0x00007ffa049f0000 - 0x00007ffa0513d000 	C:\WINDOWS\System32\SHELL32.dll
0x00007ffa03b70000 - 0x00007ffa03ce3000 	C:\WINDOWS\System32\wintypes.dll

JVMTI agents: none

dbghelp: loaded successfully - version: 4.0.5 - missing functions: none
symbol engine: initialized successfully - sym options: 0x614 - pdb path: .;C:\Program Files\Java\jdk-24\bin;C:\WINDOWS\SYSTEM32;C:\WINDOWS\WinSxS\amd64_microsoft.windows.common-controls_6595b64144ccf1df_6.0.26100.4768_none_3e0c112ce331287c;C:\Program Files\Java\jdk-24\bin\server

VM Arguments:
jvm_args: -Dclassworlds.conf=C:\Users\PinkDiamond\.m2\wrapper\dists\apache-maven-3.9.9\977a63e90f436cd6ade95b4c0e10c20c\bin\m2.conf -Dmaven.home=C:\Users\PinkDiamond\.m2\wrapper\dists\apache-maven-3.9.9\977a63e90f436cd6ade95b4c0e10c20c -Dlibrary.jansi.path=C:\Users\PinkDiamond\.m2\wrapper\dists\apache-maven-3.9.9\977a63e90f436cd6ade95b4c0e10c20c\lib\jansi-native -Dmaven.multiModuleProjectDirectory=d:\ProjectVSCode\SWP391-G4-BLOCK5-main 
java_command: org.codehaus.plexus.classworlds.launcher.Launcher --version
java_class_path (initial): C:\Users\PinkDiamond\.m2\wrapper\dists\apache-maven-3.9.9\977a63e90f436cd6ade95b4c0e10c20c\boot\plexus-classworlds-2.8.0.jar
Launcher Type: SUN_STANDARD

[Global flags]
     intx CICompilerCount                          = 12                                        {product} {ergonomic}
     uint ConcGCThreads                            = 3                                         {product} {ergonomic}
     uint G1ConcRefinementThreads                  = 13                                        {product} {ergonomic}
   size_t G1HeapRegionSize                         = 2097152                                   {product} {ergonomic}
   size_t InitialHeapSize                          = 264241152                                 {product} {ergonomic}
   size_t MarkStackSize                            = 4194304                                   {product} {ergonomic}
   size_t MarkStackSizeMax                         = 536870912                                 {product} {ergonomic}
   size_t MaxHeapSize                              = 4223664128                                {product} {ergonomic}
   size_t MinHeapDeltaBytes                        = 2097152                                   {product} {ergonomic}
   size_t MinHeapSize                              = 8388608                                   {product} {ergonomic}
    uintx NonNMethodCodeHeapSize                   = 7602176                                {pd product} {ergonomic}
    uintx NonProfiledCodeHeapSize                  = 122093568                              {pd product} {ergonomic}
    uintx ProfiledCodeHeapSize                     = 121962496                              {pd product} {ergonomic}
    uintx ReservedCodeCacheSize                    = 251658240                              {pd product} {ergonomic}
     bool SegmentedCodeCache                       = true                                      {product} {ergonomic}
   size_t SoftMaxHeapSize                          = 4223664128                             {manageable} {ergonomic}
     bool UseCompressedOops                        = true                           {product lp64_product} {ergonomic}
     bool UseG1GC                                  = true                                      {product} {ergonomic}
     bool UseLargePagesIndividualAllocation        = false                                  {pd product} {ergonomic}

Logging:
Log output configuration:
 #0: stdout all=warning uptime,level,tags foldmultilines=false
 #1: stderr all=off uptime,level,tags foldmultilines=false

Environment Variables:
JAVA_HOME=C:\Program Files\Java\jdk-24
PATH=C:\Program Files\Java\jdk-22\bin;C:\WINDOWS\system32;C:\WINDOWS;C:\WINDOWS\System32\Wbem;C:\WINDOWS\System32\WindowsPowerShell\v1.0\;C:\WINDOWS\System32\OpenSSH\;C:\Program Files\NVIDIA Corporation\NVIDIA App\NvDLISR;C:\Program Files (x86)\NVIDIA Corporation\PhysX\Common;C:\Program Files\MySQL\MySQL Server 8.0\bin;C:\Program Files\apachemaven\apache-maven-3.9.11\bin;C:\Program Files (x86)\Microsoft SQL Server\160\Tools\Binn\;C:\Program Files\Microsoft SQL Server\160\Tools\Binn\;C:\Program Files\Microsoft SQL Server\Client SDK\ODBC\170\Tools\Binn\;C:\Program Files\Microsoft SQL Server\160\DTS\Binn\;C:\Program Files (x86)\Microsoft SQL Server\160\DTS\Binn\;C:\Program Files\Git\cmd;C:\Program Files\Cloudflare\Cloudflare WARP\;C:\Program Files\MySQL\MySQL Shell 8.0\bin\;C:\Users\PinkDiamond\AppData\Local\Microsoft\WindowsApps;C:\Users\PinkDiamond\AppData\Local\GitHubDesktop\bin;C:\Users\PinkDiamond\AppData\Local\Programs\Microsoft VS Code\bin;C:\Users\PinkDiamond\AppData\Local\Programs\cursor\resources\app\bin;C:\Program Files\Java\jdk-22\bin;
USERNAME=PinkDiamond
OS=Windows_NT
PROCESSOR_IDENTIFIER=Intel64 Family 6 Model 154 Stepping 3, GenuineIntel
TMP=C:\Users\PinkDiamond\AppData\Local\Temp
TEMP=C:\Users\PinkDiamond\AppData\Local\Temp




Periodic native trim disabled

---------------  S Y S T E M  ---------------

OS:
 Windows 11 , 64 bit Build 26100 (10.0.26100.4768)
OS uptime: 0 days 3:04 hours
Hyper-V role detected

CPU: total 16 (initial active 16) (8 cores per cpu, 2 threads per core) family 6 model 154 stepping 3 microcode 0x435, cx8, cmov, fxsr, ht, mmx, 3dnowpref, sse, sse2, sse3, ssse3, sse4.1, sse4.2, popcnt, lzcnt, tsc, tscinvbit, avx, avx2, aes, erms, clmul, bmi1, bmi2, adx, sha, fma, vzeroupper, clflush, clflushopt, clwb, hv, serialize, rdtscp, rdpid, fsrm, gfni, f16c, cet_ibt, cet_ss
Processor Information for processor 0
  Max Mhz: 2500, Current Mhz: 2500, Mhz Limit: 2500
Processor Information for processor 1
  Max Mhz: 2500, Current Mhz: 2500, Mhz Limit: 2500
Processor Information for processor 2
  Max Mhz: 2500, Current Mhz: 2500, Mhz Limit: 2500
Processor Information for processor 3
  Max Mhz: 2500, Current Mhz: 2500, Mhz Limit: 2500
Processor Information for processor 4
  Max Mhz: 2500, Current Mhz: 2500, Mhz Limit: 2500
Processor Information for processor 5
  Max Mhz: 2500, Current Mhz: 2500, Mhz Limit: 2500
Processor Information for processor 6
  Max Mhz: 2500, Current Mhz: 2500, Mhz Limit: 2500
Processor Information for processor 7
  Max Mhz: 2500, Current Mhz: 2500, Mhz Limit: 2500
Processor Information for processor 8
  Max Mhz: 2500, Current Mhz: 1800, Mhz Limit: 1800
Processor Information for processor 9
  Max Mhz: 2500, Current Mhz: 1800, Mhz Limit: 1800
Processor Information for processor 10
  Max Mhz: 2500, Current Mhz: 1800, Mhz Limit: 1800
Processor Information for processor 11
  Max Mhz: 2500, Current Mhz: 1800, Mhz Limit: 1800
Processor Information for processor 12
  Max Mhz: 2500, Current Mhz: 1800, Mhz Limit: 1800
Processor Information for processor 13
  Max Mhz: 2500, Current Mhz: 1800, Mhz Limit: 1800
Processor Information for processor 14
  Max Mhz: 2500, Current Mhz: 1500, Mhz Limit: 1800
Processor Information for processor 15
  Max Mhz: 2500, Current Mhz: 1800, Mhz Limit: 1800

Memory: 4k page, system-wide physical 16109M (1373M free)
TotalPageFile size 28397M (AvailPageFile size 79M)
current process WorkingSet (physical memory assigned to process): 14M, peak: 14M
current process commit charge ("private bytes"): 71M, peak: 323M

vm_info: Java HotSpot(TM) 64-Bit Server VM (24.0.1+9-30) for windows-amd64 JRE (24.0.1+9-30), built on 2025-03-05T07:23:45Z with MS VC++ 17.6 (VS2022)

END.
